<?xml version="1.0" encoding="UTF-8"?>
<coverage generated="1619640896416" clover="3.2.0">
  <project timestamp="1619640896416" name="All files">
    <metrics statements="690" coveredstatements="571" conditionals="352" coveredconditionals="261" methods="220" coveredmethods="177" elements="1262" coveredelements="1009" complexity="0" loc="690" ncloc="690" packages="12" files="28" classes="28"/>
    <package name="api">
      <metrics statements="18" coveredstatements="2" conditionals="0" coveredconditionals="0" methods="5" coveredmethods="0"/>
      <file name="api.js" path="/Users/justincoulston/Desktop/Affiliate-master/affiliate-extractor-service/api/api.js">
        <metrics statements="18" coveredstatements="2" conditionals="0" coveredconditionals="0" methods="5" coveredmethods="0"/>
        <line num="9" count="2" type="stmt"/>
        <line num="13" count="2" type="stmt"/>
        <line num="25" count="0" type="stmt"/>
        <line num="35" count="0" type="stmt"/>
        <line num="36" count="0" type="stmt"/>
        <line num="38" count="0" type="stmt"/>
        <line num="39" count="0" type="stmt"/>
        <line num="40" count="0" type="stmt"/>
        <line num="45" count="0" type="stmt"/>
        <line num="46" count="0" type="stmt"/>
        <line num="48" count="0" type="stmt"/>
        <line num="56" count="0" type="stmt"/>
        <line num="57" count="0" type="stmt"/>
        <line num="58" count="0" type="stmt"/>
        <line num="60" count="0" type="stmt"/>
        <line num="68" count="0" type="stmt"/>
        <line num="69" count="0" type="stmt"/>
        <line num="71" count="0" type="stmt"/>
      </file>
      <file name="index.js" path="/Users/justincoulston/Desktop/Affiliate-master/affiliate-extractor-service/api/index.js">
        <metrics statements="0" coveredstatements="0" conditionals="0" coveredconditionals="0" methods="0" coveredmethods="0"/>
      </file>
    </package>
    <package name="batching">
      <metrics statements="73" coveredstatements="72" conditionals="21" coveredconditionals="19" methods="24" coveredmethods="24"/>
      <file name="BatchPipe.js" path="/Users/justincoulston/Desktop/Affiliate-master/affiliate-extractor-service/batching/BatchPipe.js">
        <metrics statements="73" coveredstatements="72" conditionals="21" coveredconditionals="19" methods="24" coveredmethods="24"/>
        <line num="9" count="9" type="stmt"/>
        <line num="10" count="9" type="stmt"/>
        <line num="11" count="9" type="stmt"/>
        <line num="12" count="9" type="stmt"/>
        <line num="13" count="9" type="stmt"/>
        <line num="14" count="9" type="stmt"/>
        <line num="15" count="9" type="stmt"/>
        <line num="16" count="9" type="stmt"/>
        <line num="17" count="9" type="stmt"/>
        <line num="18" count="9" type="stmt"/>
        <line num="19" count="9" type="stmt"/>
        <line num="23" count="24" type="stmt"/>
        <line num="27" count="24" type="stmt"/>
        <line num="31" count="67" type="stmt"/>
        <line num="32" count="67" type="stmt"/>
        <line num="36" count="67" type="cond" truecount="1" falsecount="1"/>
        <line num="37" count="0" type="stmt"/>
        <line num="42" count="4" type="stmt"/>
        <line num="51" count="16" type="stmt"/>
        <line num="52" count="5" type="cond" truecount="2" falsecount="0"/>
        <line num="54" count="4" type="stmt"/>
        <line num="57" count="4" type="cond" truecount="2" falsecount="0"/>
        <line num="59" count="1" type="stmt"/>
        <line num="60" count="1" type="stmt"/>
        <line num="63" count="3" type="stmt"/>
        <line num="64" count="3" type="stmt"/>
        <line num="67" count="3" type="stmt"/>
        <line num="68" count="3" type="stmt"/>
        <line num="69" count="3" type="stmt"/>
        <line num="73" count="4" type="cond" truecount="1" falsecount="1"/>
        <line num="78" count="9" type="stmt"/>
        <line num="82" count="49" type="stmt"/>
        <line num="83" count="24" type="cond" truecount="2" falsecount="0"/>
        <line num="85" count="23" type="stmt"/>
        <line num="86" count="23" type="stmt"/>
        <line num="87" count="23" type="stmt"/>
        <line num="94" count="2" type="stmt"/>
        <line num="95" count="2" type="stmt"/>
        <line num="96" count="2" type="stmt"/>
        <line num="104" count="4" type="stmt"/>
        <line num="105" count="4" type="stmt"/>
        <line num="106" count="4" type="stmt"/>
        <line num="107" count="4" type="cond" truecount="2" falsecount="0"/>
        <line num="110" count="4" type="cond" truecount="2" falsecount="0"/>
        <line num="111" count="3" type="stmt"/>
        <line num="114" count="3" type="stmt"/>
        <line num="115" count="3" type="stmt"/>
        <line num="119" count="1" type="stmt"/>
        <line num="124" count="67" type="stmt"/>
        <line num="125" count="113" type="stmt"/>
        <line num="128" count="67" type="stmt"/>
        <line num="129" count="67" type="stmt"/>
        <line num="132" count="67" type="stmt"/>
        <line num="133" count="140" type="stmt"/>
        <line num="140" count="140" type="cond" truecount="3" falsecount="0"/>
        <line num="145" count="9" type="stmt"/>
        <line num="146" count="24" type="stmt"/>
        <line num="147" count="24" type="stmt"/>
        <line num="149" count="24" type="stmt"/>
        <line num="150" count="24" type="stmt"/>
        <line num="151" count="24" type="stmt"/>
        <line num="153" count="24" type="cond" truecount="2" falsecount="0"/>
        <line num="154" count="2" type="stmt"/>
        <line num="157" count="22" type="stmt"/>
        <line num="158" count="67" type="stmt"/>
        <line num="159" count="67" type="stmt"/>
        <line num="160" count="67" type="stmt"/>
        <line num="162" count="67" type="cond" truecount="2" falsecount="0"/>
        <line num="163" count="4" type="stmt"/>
        <line num="166" count="67" type="stmt"/>
        <line num="173" count="9" type="stmt"/>
        <line num="174" count="9" type="stmt"/>
        <line num="176" count="9" type="stmt"/>
      </file>
    </package>
    <package name="constants">
      <metrics statements="10" coveredstatements="10" conditionals="2" coveredconditionals="1" methods="0" coveredmethods="0"/>
      <file name="constants.js" path="/Users/justincoulston/Desktop/Affiliate-master/affiliate-extractor-service/constants/constants.js">
        <metrics statements="10" coveredstatements="10" conditionals="2" coveredconditionals="1" methods="0" coveredmethods="0"/>
        <line num="2" count="7" type="stmt"/>
        <line num="4" count="7" type="stmt"/>
        <line num="5" count="7" type="stmt"/>
        <line num="6" count="7" type="stmt"/>
        <line num="7" count="7" type="stmt"/>
        <line num="8" count="7" type="stmt"/>
        <line num="11" count="7" type="stmt"/>
        <line num="12" count="7" type="stmt"/>
        <line num="13" count="7" type="stmt"/>
        <line num="14" count="7" type="cond" truecount="1" falsecount="1"/>
      </file>
      <file name="index.js" path="/Users/justincoulston/Desktop/Affiliate-master/affiliate-extractor-service/constants/index.js">
        <metrics statements="0" coveredstatements="0" conditionals="0" coveredconditionals="0" methods="0" coveredmethods="0"/>
      </file>
    </package>
    <package name="cycle">
      <metrics statements="131" coveredstatements="113" conditionals="48" coveredconditionals="39" methods="47" coveredmethods="37"/>
      <file name="Cycle.js" path="/Users/justincoulston/Desktop/Affiliate-master/affiliate-extractor-service/cycle/Cycle.js">
        <metrics statements="61" coveredstatements="56" conditionals="20" coveredconditionals="19" methods="26" coveredmethods="21"/>
        <line num="9" count="1" type="stmt"/>
        <line num="10" count="1" type="stmt"/>
        <line num="11" count="1" type="stmt"/>
        <line num="12" count="1" type="stmt"/>
        <line num="13" count="1" type="stmt"/>
        <line num="14" count="1" type="stmt"/>
        <line num="15" count="1" type="stmt"/>
        <line num="16" count="1" type="stmt"/>
        <line num="17" count="1" type="stmt"/>
        <line num="21" count="0" type="stmt"/>
        <line num="25" count="1" type="stmt"/>
        <line num="29" count="1" type="stmt"/>
        <line num="33" count="1" type="stmt"/>
        <line num="37" count="10" type="stmt"/>
        <line num="41" count="10" type="stmt"/>
        <line num="45" count="10" type="stmt"/>
        <line num="49" count="10" type="stmt"/>
        <line num="50" count="10" type="stmt"/>
        <line num="54" count="10" type="cond" truecount="4" falsecount="0"/>
        <line num="55" count="7" type="stmt"/>
        <line num="57" count="3" type="stmt"/>
        <line num="62" count="10" type="cond" truecount="1" falsecount="1"/>
        <line num="63" count="10" type="cond" truecount="2" falsecount="0"/>
        <line num="64" count="12" type="stmt"/>
        <line num="67" count="10" type="cond" truecount="2" falsecount="0"/>
        <line num="71" count="10" type="stmt"/>
        <line num="72" count="10" type="cond" truecount="5" falsecount="0"/>
        <line num="78" count="10" type="stmt"/>
        <line num="82" count="10" type="stmt"/>
        <line num="86" count="7" type="stmt"/>
        <line num="90" count="6" type="stmt"/>
        <line num="94" count="6" type="stmt"/>
        <line num="95" count="6" type="stmt"/>
        <line num="99" count="6" type="stmt"/>
        <line num="103" count="10" type="stmt"/>
        <line num="107" count="10" type="stmt"/>
        <line num="111" count="0" type="stmt"/>
        <line num="112" count="0" type="stmt"/>
        <line num="116" count="0" type="stmt"/>
        <line num="117" count="0" type="stmt"/>
        <line num="121" count="10" type="stmt"/>
        <line num="123" count="10" type="cond" truecount="2" falsecount="0"/>
        <line num="127" count="10" type="stmt"/>
        <line num="132" count="10" type="stmt"/>
        <line num="141" count="10" type="stmt"/>
        <line num="143" count="10" type="stmt"/>
        <line num="144" count="10" type="stmt"/>
        <line num="148" count="10" type="stmt"/>
        <line num="149" count="10" type="stmt"/>
        <line num="154" count="10" type="stmt"/>
        <line num="155" count="10" type="stmt"/>
        <line num="156" count="10" type="stmt"/>
        <line num="158" count="10" type="cond" truecount="2" falsecount="0"/>
        <line num="159" count="6" type="stmt"/>
        <line num="165" count="6" type="stmt"/>
        <line num="166" count="6" type="stmt"/>
        <line num="167" count="6" type="stmt"/>
        <line num="168" count="6" type="stmt"/>
        <line num="169" count="6" type="stmt"/>
        <line num="171" count="4" type="stmt"/>
        <line num="172" count="4" type="stmt"/>
      </file>
      <file name="FullCycle.js" path="/Users/justincoulston/Desktop/Affiliate-master/affiliate-extractor-service/cycle/FullCycle.js">
        <metrics statements="70" coveredstatements="57" conditionals="28" coveredconditionals="20" methods="21" coveredmethods="16"/>
        <line num="35" count="2" type="stmt"/>
        <line num="36" count="2" type="stmt"/>
        <line num="37" count="2" type="stmt"/>
        <line num="38" count="2" type="stmt"/>
        <line num="39" count="2" type="stmt"/>
        <line num="40" count="2" type="stmt"/>
        <line num="41" count="2" type="cond" truecount="3" falsecount="0"/>
        <line num="42" count="2" type="stmt"/>
        <line num="43" count="2" type="stmt"/>
        <line num="44" count="2" type="stmt"/>
        <line num="45" count="2" type="stmt"/>
        <line num="49" count="4" type="cond" truecount="2" falsecount="0"/>
        <line num="50" count="2" type="stmt"/>
        <line num="51" count="2" type="stmt"/>
        <line num="52" count="2" type="cond" truecount="1" falsecount="1"/>
        <line num="53" count="2" type="stmt"/>
        <line num="58" count="0" type="stmt"/>
        <line num="64" count="6" type="cond" truecount="1" falsecount="1"/>
        <line num="65" count="6" type="stmt"/>
        <line num="66" count="20" type="stmt"/>
        <line num="67" count="24" type="stmt"/>
        <line num="72" count="6" type="stmt"/>
        <line num="76" count="2" type="stmt"/>
        <line num="77" count="6" type="stmt"/>
        <line num="87" count="0" type="stmt"/>
        <line num="95" count="1" type="stmt"/>
        <line num="99" count="1" type="stmt"/>
        <line num="100" count="1" type="stmt"/>
        <line num="101" count="1" type="stmt"/>
        <line num="106" count="1" type="stmt"/>
        <line num="108" count="0" type="stmt"/>
        <line num="113" count="1" type="stmt"/>
        <line num="114" count="1" type="stmt"/>
        <line num="115" count="1" type="stmt"/>
        <line num="116" count="1" type="stmt"/>
        <line num="120" count="12" type="stmt"/>
        <line num="121" count="12" type="stmt"/>
        <line num="122" count="28" type="stmt"/>
        <line num="123" count="32" type="stmt"/>
        <line num="124" count="32" type="stmt"/>
        <line num="128" count="12" type="stmt"/>
        <line num="132" count="0" type="cond" truecount="0" falsecount="2"/>
        <line num="133" count="0" type="stmt"/>
        <line num="134" count="0" type="stmt"/>
        <line num="136" count="0" type="stmt"/>
        <line num="141" count="0" type="stmt"/>
        <line num="142" count="0" type="stmt"/>
        <line num="146" count="0" type="stmt"/>
        <line num="147" count="0" type="stmt"/>
        <line num="151" count="2" type="stmt"/>
        <line num="152" count="8" type="stmt"/>
        <line num="154" count="2" type="stmt"/>
        <line num="158" count="2" type="stmt"/>
        <line num="159" count="2" type="stmt"/>
        <line num="161" count="2" type="stmt"/>
        <line num="162" count="2" type="stmt"/>
        <line num="166" count="2" type="stmt"/>
        <line num="167" count="2" type="cond" truecount="2" falsecount="0"/>
        <line num="168" count="1" type="stmt"/>
        <line num="171" count="2" type="cond" truecount="2" falsecount="0"/>
        <line num="172" count="2" type="cond" truecount="1" falsecount="1"/>
        <line num="173" count="2" type="stmt"/>
        <line num="175" count="2" type="stmt"/>
        <line num="177" count="2" type="cond" truecount="1" falsecount="1"/>
        <line num="178" count="0" type="stmt"/>
        <line num="179" count="0" type="stmt"/>
        <line num="182" count="2" type="stmt"/>
        <line num="191" count="2" type="cond" truecount="2" falsecount="0"/>
        <line num="192" count="2" type="stmt"/>
        <line num="194" count="2" type="stmt"/>
      </file>
    </package>
    <package name="evaluation">
      <metrics statements="142" coveredstatements="118" conditionals="98" coveredconditionals="74" methods="36" coveredmethods="34"/>
      <file name="evaluation.js" path="/Users/justincoulston/Desktop/Affiliate-master/affiliate-extractor-service/evaluation/evaluation.js">
        <metrics statements="142" coveredstatements="118" conditionals="98" coveredconditionals="74" methods="36" coveredmethods="34"/>
        <line num="13" count="130" type="stmt"/>
        <line num="14" count="130" type="stmt"/>
        <line num="15" count="130" type="stmt"/>
        <line num="27" count="72" type="stmt"/>
        <line num="31" count="1640" type="stmt"/>
        <line num="35" count="130" type="stmt"/>
        <line num="39" count="546" type="stmt"/>
        <line num="43" count="433" type="cond" truecount="2" falsecount="0"/>
        <line num="47" count="1395" type="cond" truecount="1" falsecount="1"/>
        <line num="48" count="1395" type="cond" truecount="2" falsecount="0"/>
        <line num="52" count="276" type="stmt"/>
        <line num="60" count="2610" type="stmt"/>
        <line num="61" count="2610" type="stmt"/>
        <line num="63" count="0" type="stmt"/>
        <line num="83" count="3440" type="stmt"/>
        <line num="84" count="3440" type="stmt"/>
        <line num="88" count="3440" type="stmt"/>
        <line num="94" count="3440" type="stmt"/>
        <line num="95" count="0" type="stmt"/>
        <line num="96" count="0" type="stmt"/>
        <line num="99" count="3440" type="stmt"/>
        <line num="100" count="1376" type="stmt"/>
        <line num="101" count="1376" type="cond" truecount="2" falsecount="2"/>
        <line num="102" count="0" type="stmt"/>
        <line num="106" count="3440" type="stmt"/>
        <line num="107" count="2064" type="stmt"/>
        <line num="108" count="2064" type="cond" truecount="1" falsecount="1"/>
        <line num="109" count="2064" type="stmt"/>
        <line num="110" count="2064" type="cond" truecount="2" falsecount="2"/>
        <line num="111" count="0" type="stmt"/>
        <line num="114" count="2064" type="cond" truecount="5" falsecount="0"/>
        <line num="115" count="1234" type="stmt"/>
        <line num="120" count="3440" type="stmt"/>
        <line num="121" count="546" type="stmt"/>
        <line num="122" count="546" type="stmt"/>
        <line num="128" count="3440" type="cond" truecount="1" falsecount="1"/>
        <line num="129" count="3440" type="cond" truecount="1" falsecount="1"/>
        <line num="130" count="3440" type="cond" truecount="2" falsecount="0"/>
        <line num="131" count="1376" type="stmt"/>
        <line num="133" count="2064" type="stmt"/>
        <line num="135" count="3440" type="cond" truecount="2" falsecount="0"/>
        <line num="136" count="546" type="stmt"/>
        <line num="138" count="0" type="cond" truecount="0" falsecount="2"/>
        <line num="139" count="0" type="stmt"/>
        <line num="140" count="0" type="cond" truecount="0" falsecount="2"/>
        <line num="141" count="0" type="stmt"/>
        <line num="142" count="0" type="cond" truecount="0" falsecount="2"/>
        <line num="143" count="0" type="stmt"/>
        <line num="144" count="0" type="cond" truecount="0" falsecount="2"/>
        <line num="145" count="0" type="stmt"/>
        <line num="147" count="3440" type="cond" truecount="1" falsecount="1"/>
        <line num="148" count="0" type="stmt"/>
        <line num="151" count="3440" type="stmt"/>
        <line num="161" count="1510" type="stmt"/>
        <line num="162" count="1510" type="stmt"/>
        <line num="163" count="1510" type="cond" truecount="1" falsecount="1"/>
        <line num="167" count="1510" type="cond" truecount="4" falsecount="0"/>
        <line num="168" count="16" type="stmt"/>
        <line num="175" count="3440" type="stmt"/>
        <line num="177" count="1510" type="cond" truecount="2" falsecount="0"/>
        <line num="178" count="1510" type="cond" truecount="2" falsecount="0"/>
        <line num="179" count="78" type="stmt"/>
        <line num="183" count="1432" type="cond" truecount="1" falsecount="1"/>
        <line num="184" count="0" type="stmt"/>
        <line num="189" count="1510" type="stmt"/>
        <line num="197" count="78" type="stmt"/>
        <line num="198" count="156" type="stmt"/>
        <line num="199" count="156" type="stmt"/>
        <line num="200" count="156" type="stmt"/>
        <line num="213" count="78" type="stmt"/>
        <line num="214" count="78" type="stmt"/>
        <line num="215" count="78" type="stmt"/>
        <line num="216" count="78" type="stmt"/>
        <line num="228" count="272" type="stmt"/>
        <line num="229" count="272" type="cond" truecount="4" falsecount="0"/>
        <line num="230" count="160" type="stmt"/>
        <line num="231" count="160" type="stmt"/>
        <line num="232" count="1022" type="cond" truecount="3" falsecount="0"/>
        <line num="233" count="160" type="stmt"/>
        <line num="242" count="161" type="cond" truecount="1" falsecount="1"/>
        <line num="243" count="161" type="stmt"/>
        <line num="244" count="161" type="stmt"/>
        <line num="245" count="161" type="stmt"/>
        <line num="247" count="0" type="stmt"/>
        <line num="257" count="115" type="cond" truecount="1" falsecount="1"/>
        <line num="261" count="115" type="cond" truecount="2" falsecount="0"/>
        <line num="262" count="72" type="stmt"/>
        <line num="263" count="72" type="stmt"/>
        <line num="264" count="72" type="stmt"/>
        <line num="265" count="72" type="stmt"/>
        <line num="266" count="72" type="cond" truecount="2" falsecount="0"/>
        <line num="270" count="43" type="stmt"/>
        <line num="271" count="43" type="cond" truecount="2" falsecount="0"/>
        <line num="274" count="115" type="stmt"/>
        <line num="284" count="272" type="cond" truecount="1" falsecount="1"/>
        <line num="287" count="272" type="cond" truecount="5" falsecount="0"/>
        <line num="288" count="256" type="stmt"/>
        <line num="289" count="164" type="cond" truecount="2" falsecount="0"/>
        <line num="290" count="3" type="stmt"/>
        <line num="298" count="3" type="stmt"/>
        <line num="303" count="269" type="cond" truecount="4" falsecount="0"/>
        <line num="304" count="161" type="stmt"/>
        <line num="305" count="161" type="stmt"/>
        <line num="306" count="161" type="cond" truecount="2" falsecount="0"/>
        <line num="307" count="161" type="cond" truecount="2" falsecount="0"/>
        <line num="309" count="161" type="cond" truecount="2" falsecount="0"/>
        <line num="310" count="53" type="stmt"/>
        <line num="319" count="161" type="stmt"/>
        <line num="321" count="108" type="stmt"/>
        <line num="331" count="272" type="cond" truecount="2" falsecount="0"/>
        <line num="332" count="272" type="cond" truecount="2" falsecount="0"/>
        <line num="333" count="272" type="stmt"/>
        <line num="334" count="1276" type="stmt"/>
        <line num="335" count="1276" type="stmt"/>
        <line num="336" count="1276" type="stmt"/>
        <line num="342" count="272" type="stmt"/>
        <line num="343" count="272" type="stmt"/>
        <line num="365" count="130" type="stmt"/>
        <line num="366" count="130" type="stmt"/>
        <line num="367" count="130" type="stmt"/>
        <line num="369" count="130" type="cond" truecount="1" falsecount="1"/>
        <line num="370" count="0" type="stmt"/>
        <line num="377" count="130" type="stmt"/>
        <line num="379" count="272" type="stmt"/>
        <line num="380" count="272" type="stmt"/>
        <line num="383" count="272" type="stmt"/>
        <line num="385" count="130" type="stmt"/>
        <line num="391" count="0" type="stmt"/>
        <line num="397" count="0" type="stmt"/>
        <line num="404" count="130" type="stmt"/>
        <line num="414" count="1" type="stmt"/>
        <line num="415" count="1" type="stmt"/>
        <line num="416" count="1" type="stmt"/>
        <line num="417" count="1" type="stmt"/>
        <line num="418" count="1" type="stmt"/>
        <line num="419" count="1" type="cond" truecount="1" falsecount="1"/>
        <line num="420" count="0" type="stmt"/>
        <line num="421" count="0" type="stmt"/>
        <line num="422" count="0" type="stmt"/>
        <line num="423" count="0" type="stmt"/>
        <line num="424" count="0" type="stmt"/>
        <line num="428" count="1" type="stmt"/>
      </file>
    </package>
    <package name="extractor">
      <metrics statements="123" coveredstatements="106" conditionals="62" coveredconditionals="45" methods="26" coveredmethods="21"/>
      <file name="Extractor.js" path="/Users/justincoulston/Desktop/Affiliate-master/affiliate-extractor-service/extractor/Extractor.js">
        <metrics statements="123" coveredstatements="106" conditionals="62" coveredconditionals="45" methods="26" coveredmethods="21"/>
        <line num="19" count="10" type="stmt"/>
        <line num="20" count="10" type="stmt"/>
        <line num="21" count="10" type="stmt"/>
        <line num="22" count="10" type="stmt"/>
        <line num="23" count="10" type="stmt"/>
        <line num="24" count="10" type="stmt"/>
        <line num="25" count="10" type="stmt"/>
        <line num="26" count="10" type="stmt"/>
        <line num="27" count="10" type="stmt"/>
        <line num="28" count="10" type="stmt"/>
        <line num="29" count="10" type="stmt"/>
        <line num="30" count="10" type="stmt"/>
        <line num="31" count="10" type="stmt"/>
        <line num="51" count="130" type="cond" truecount="4" falsecount="0"/>
        <line num="52" count="21" type="stmt"/>
        <line num="53" count="21" type="stmt"/>
        <line num="54" count="21" type="stmt"/>
        <line num="66" count="0" type="cond" truecount="0" falsecount="2"/>
        <line num="73" count="0" type="stmt"/>
        <line num="74" count="0" type="stmt"/>
        <line num="86" count="0" type="stmt"/>
        <line num="87" count="0" type="stmt"/>
        <line num="88" count="0" type="stmt"/>
        <line num="97" count="130" type="cond" truecount="1" falsecount="1"/>
        <line num="98" count="130" type="stmt"/>
        <line num="99" count="130" type="cond" truecount="1" falsecount="1"/>
        <line num="100" count="130" type="cond" truecount="1" falsecount="1"/>
        <line num="101" count="130" type="cond" truecount="1" falsecount="1"/>
        <line num="102" count="130" type="cond" truecount="2" falsecount="0"/>
        <line num="103" count="1" type="stmt"/>
        <line num="104" count="1" type="cond" truecount="1" falsecount="1"/>
        <line num="106" count="130" type="stmt"/>
        <line num="114" count="22" type="stmt"/>
        <line num="117" count="22" type="stmt"/>
        <line num="118" count="22" type="stmt"/>
        <line num="120" count="0" type="stmt"/>
        <line num="123" count="22" type="cond" truecount="1" falsecount="1"/>
        <line num="124" count="22" type="stmt"/>
        <line num="125" count="22" type="cond" truecount="2" falsecount="0"/>
        <line num="126" count="13" type="stmt"/>
        <line num="128" count="9" type="stmt"/>
        <line num="131" count="22" type="stmt"/>
        <line num="132" count="22" type="stmt"/>
        <line num="140" count="108" type="stmt"/>
        <line num="141" count="108" type="cond" truecount="1" falsecount="1"/>
        <line num="142" count="108" type="cond" truecount="2" falsecount="0"/>
        <line num="145" count="108" type="cond" truecount="3" falsecount="1"/>
        <line num="147" count="108" type="stmt"/>
        <line num="148" count="108" type="stmt"/>
        <line num="150" count="0" type="stmt"/>
        <line num="153" count="108" type="cond" truecount="1" falsecount="1"/>
        <line num="154" count="108" type="stmt"/>
        <line num="156" count="108" type="cond" truecount="2" falsecount="0"/>
        <line num="157" count="96" type="stmt"/>
        <line num="159" count="12" type="stmt"/>
        <line num="162" count="108" type="stmt"/>
        <line num="163" count="108" type="stmt"/>
        <line num="164" count="108" type="stmt"/>
        <line num="175" count="22" type="stmt"/>
        <line num="176" count="22" type="stmt"/>
        <line num="178" count="22" type="cond" truecount="1" falsecount="1"/>
        <line num="181" count="22" type="stmt"/>
        <line num="182" count="108" type="cond" truecount="1" falsecount="1"/>
        <line num="183" count="108" type="stmt"/>
        <line num="193" count="22" type="stmt"/>
        <line num="201" count="17" type="stmt"/>
        <line num="202" count="17" type="stmt"/>
        <line num="203" count="22" type="stmt"/>
        <line num="204" count="22" type="stmt"/>
        <line num="205" count="22" type="stmt"/>
        <line num="206" count="22" type="stmt"/>
        <line num="209" count="17" type="stmt"/>
        <line num="217" count="0" type="stmt"/>
        <line num="218" count="0" type="stmt"/>
        <line num="219" count="0" type="stmt"/>
        <line num="220" count="0" type="stmt"/>
        <line num="227" count="22" type="cond" truecount="1" falsecount="1"/>
        <line num="229" count="22" type="stmt"/>
        <line num="230" count="22" type="stmt"/>
        <line num="231" count="108" type="cond" truecount="1" falsecount="1"/>
        <line num="232" count="108" type="stmt"/>
        <line num="234" count="108" type="cond" truecount="4" falsecount="0"/>
        <line num="235" count="108" type="stmt"/>
        <line num="236" count="108" type="cond" truecount="2" falsecount="0"/>
        <line num="237" count="108" type="cond" truecount="3" falsecount="0"/>
        <line num="246" count="17" type="cond" truecount="1" falsecount="1"/>
        <line num="247" count="0" type="stmt"/>
        <line num="250" count="17" type="cond" truecount="3" falsecount="1"/>
        <line num="251" count="0" type="stmt"/>
        <line num="254" count="17" type="cond" truecount="2" falsecount="0"/>
        <line num="255" count="1" type="stmt"/>
        <line num="256" count="1" type="stmt"/>
        <line num="257" count="1" type="stmt"/>
        <line num="259" count="1" type="stmt"/>
        <line num="260" count="6" type="cond" truecount="2" falsecount="0"/>
        <line num="261" count="5" type="stmt"/>
        <line num="262" count="5" type="stmt"/>
        <line num="263" count="5" type="stmt"/>
        <line num="267" count="1" type="stmt"/>
        <line num="268" count="5" type="stmt"/>
        <line num="270" count="16" type="stmt"/>
        <line num="277" count="17" type="stmt"/>
        <line num="278" count="17" type="stmt"/>
        <line num="286" count="17" type="stmt"/>
        <line num="299" count="10" type="stmt"/>
        <line num="300" count="10" type="stmt"/>
        <line num="303" count="17" type="stmt"/>
        <line num="304" count="17" type="stmt"/>
        <line num="305" count="17" type="stmt"/>
        <line num="306" count="17" type="stmt"/>
        <line num="307" count="17" type="stmt"/>
        <line num="308" count="17" type="stmt"/>
        <line num="312" count="0" type="stmt"/>
        <line num="313" count="0" type="stmt"/>
        <line num="314" count="0" type="stmt"/>
        <line num="323" count="10" type="stmt"/>
        <line num="324" count="10" type="stmt"/>
        <line num="332" count="10" type="stmt"/>
        <line num="342" count="10" type="stmt"/>
        <line num="343" count="10" type="stmt"/>
        <line num="344" count="10" type="stmt"/>
        <line num="345" count="10" type="stmt"/>
        <line num="347" count="10" type="stmt"/>
      </file>
      <file name="index.js" path="/Users/justincoulston/Desktop/Affiliate-master/affiliate-extractor-service/extractor/index.js">
        <metrics statements="0" coveredstatements="0" conditionals="0" coveredconditionals="0" methods="0" coveredmethods="0"/>
      </file>
    </package>
    <package name="helpers">
      <metrics statements="136" coveredstatements="118" conditionals="87" coveredconditionals="65" methods="49" coveredmethods="41"/>
      <file name="apiHelpers.js" path="/Users/justincoulston/Desktop/Affiliate-master/affiliate-extractor-service/helpers/apiHelpers.js">
        <metrics statements="2" coveredstatements="0" conditionals="0" coveredconditionals="0" methods="1" coveredmethods="0"/>
        <line num="2" count="0" type="stmt"/>
        <line num="4" count="0" type="stmt"/>
      </file>
      <file name="common.js" path="/Users/justincoulston/Desktop/Affiliate-master/affiliate-extractor-service/helpers/common.js">
        <metrics statements="18" coveredstatements="13" conditionals="16" coveredconditionals="8" methods="9" coveredmethods="7"/>
        <line num="4" count="4" type="stmt"/>
        <line num="8" count="35" type="stmt"/>
        <line num="12" count="696" type="cond" truecount="1" falsecount="1"/>
        <line num="13" count="696" type="cond" truecount="1" falsecount="1"/>
        <line num="17" count="752" type="cond" truecount="2" falsecount="0"/>
        <line num="21" count="108" type="cond" truecount="1" falsecount="1"/>
        <line num="25" count="0" type="cond" truecount="0" falsecount="2"/>
        <line num="29" count="216" type="cond" truecount="1" falsecount="1"/>
        <line num="30" count="216" type="stmt"/>
        <line num="31" count="216" type="cond" truecount="1" falsecount="1"/>
        <line num="35" count="588" type="cond" truecount="1" falsecount="1"/>
        <line num="36" count="588" type="stmt"/>
        <line num="37" count="588" type="stmt"/>
        <line num="38" count="588" type="stmt"/>
        <line num="40" count="0" type="stmt"/>
        <line num="45" count="0" type="stmt"/>
        <line num="46" count="0" type="stmt"/>
        <line num="47" count="0" type="stmt"/>
      </file>
      <file name="directoryHelpers.js" path="/Users/justincoulston/Desktop/Affiliate-master/affiliate-extractor-service/helpers/directoryHelpers.js">
        <metrics statements="22" coveredstatements="14" conditionals="8" coveredconditionals="5" methods="12" coveredmethods="9"/>
        <line num="8" count="6" type="stmt"/>
        <line num="9" count="6" type="stmt"/>
        <line num="10" count="6" type="stmt"/>
        <line num="11" count="6" type="stmt"/>
        <line num="12" count="6" type="cond" truecount="1" falsecount="1"/>
        <line num="13" count="0" type="stmt"/>
        <line num="16" count="6" type="stmt"/>
        <line num="22" count="474" type="stmt"/>
        <line num="23" count="474" type="stmt"/>
        <line num="24" count="474" type="cond" truecount="4" falsecount="0"/>
        <line num="30" count="6" type="stmt"/>
        <line num="32" count="6" type="stmt"/>
        <line num="33" count="474" type="stmt"/>
        <line num="34" count="474" type="stmt"/>
        <line num="39" count="0" type="stmt"/>
        <line num="40" count="0" type="stmt"/>
        <line num="41" count="0" type="stmt"/>
        <line num="43" count="0" type="stmt"/>
        <line num="44" count="0" type="stmt"/>
        <line num="45" count="0" type="cond" truecount="0" falsecount="2"/>
        <line num="46" count="0" type="stmt"/>
        <line num="52" count="1" type="stmt"/>
      </file>
      <file name="extractorHelpers.js" path="/Users/justincoulston/Desktop/Affiliate-master/affiliate-extractor-service/helpers/extractorHelpers.js">
        <metrics statements="42" coveredstatements="41" conditionals="30" coveredconditionals="24" methods="10" coveredmethods="10"/>
        <line num="22" count="46" type="cond" truecount="2" falsecount="0"/>
        <line num="23" count="45" type="stmt"/>
        <line num="24" count="60" type="stmt"/>
        <line num="25" count="60" type="cond" truecount="4" falsecount="0"/>
        <line num="26" count="21" type="stmt"/>
        <line num="27" count="21" type="stmt"/>
        <line num="28" count="21" type="cond" truecount="4" falsecount="0"/>
        <line num="29" count="10" type="stmt"/>
        <line num="30" count="10" type="stmt"/>
        <line num="34" count="11" type="stmt"/>
        <line num="41" count="11" type="stmt"/>
        <line num="45" count="24" type="stmt"/>
        <line num="57" count="24" type="stmt"/>
        <line num="64" count="588" type="stmt"/>
        <line num="65" count="588" type="stmt"/>
        <line num="66" count="108" type="stmt"/>
        <line num="67" count="588" type="stmt"/>
        <line num="68" count="1038" type="stmt"/>
        <line num="69" count="1038" type="stmt"/>
        <line num="70" count="1038" type="stmt"/>
        <line num="71" count="1038" type="stmt"/>
        <line num="73" count="588" type="cond" truecount="2" falsecount="0"/>
        <line num="81" count="108" type="cond" truecount="1" falsecount="1"/>
        <line num="82" count="108" type="stmt"/>
        <line num="86" count="216" type="stmt"/>
        <line num="87" count="216" type="cond" truecount="1" falsecount="1"/>
        <line num="88" count="216" type="stmt"/>
        <line num="89" count="216" type="stmt"/>
        <line num="96" count="108" type="cond" truecount="1" falsecount="1"/>
        <line num="97" count="108" type="cond" truecount="1" falsecount="1"/>
        <line num="98" count="108" type="cond" truecount="2" falsecount="0"/>
        <line num="99" count="108" type="cond" truecount="1" falsecount="1"/>
        <line num="100" count="108" type="cond" truecount="2" falsecount="0"/>
        <line num="101" count="108" type="cond" truecount="2" falsecount="0"/>
        <line num="102" count="108" type="stmt"/>
        <line num="106" count="32" type="stmt"/>
        <line num="107" count="32" type="stmt"/>
        <line num="109" count="32" type="stmt"/>
        <line num="110" count="1150" type="cond" truecount="1" falsecount="1"/>
        <line num="111" count="0" type="stmt"/>
        <line num="113" count="1150" type="stmt"/>
        <line num="117" count="32" type="stmt"/>
      </file>
      <file name="index.js" path="/Users/justincoulston/Desktop/Affiliate-master/affiliate-extractor-service/helpers/index.js">
        <metrics statements="0" coveredstatements="0" conditionals="0" coveredconditionals="0" methods="0" coveredmethods="0"/>
      </file>
      <file name="slackHelpers.js" path="/Users/justincoulston/Desktop/Affiliate-master/affiliate-extractor-service/helpers/slackHelpers.js">
        <metrics statements="25" coveredstatements="24" conditionals="18" coveredconditionals="15" methods="6" coveredmethods="5"/>
        <line num="7" count="2" type="stmt"/>
        <line num="8" count="2" type="stmt"/>
        <line num="9" count="2" type="stmt"/>
        <line num="11" count="2" type="stmt"/>
        <line num="12" count="2" type="cond" truecount="1" falsecount="1"/>
        <line num="13" count="2" type="cond" truecount="1" falsecount="1"/>
        <line num="19" count="0" type="stmt"/>
        <line num="22" count="2" type="cond" truecount="1" falsecount="1"/>
        <line num="25" count="2" type="stmt"/>
        <line num="32" count="4" type="stmt"/>
        <line num="33" count="4" type="stmt"/>
        <line num="34" count="4" type="cond" truecount="2" falsecount="0"/>
        <line num="35" count="4" type="cond" truecount="2" falsecount="0"/>
        <line num="36" count="4" type="cond" truecount="2" falsecount="0"/>
        <line num="42" count="4" type="stmt"/>
        <line num="44" count="4" type="cond" truecount="2" falsecount="0"/>
        <line num="45" count="1" type="stmt"/>
        <line num="47" count="3" type="cond" truecount="2" falsecount="0"/>
        <line num="48" count="2" type="stmt"/>
        <line num="51" count="2" type="stmt"/>
        <line num="54" count="3" type="cond" truecount="2" falsecount="0"/>
        <line num="55" count="2" type="stmt"/>
        <line num="58" count="2" type="stmt"/>
        <line num="62" count="4" type="stmt"/>
        <line num="65" count="5" type="stmt"/>
      </file>
      <file name="testingHelpers.js" path="/Users/justincoulston/Desktop/Affiliate-master/affiliate-extractor-service/helpers/testingHelpers.js">
        <metrics statements="27" coveredstatements="26" conditionals="15" coveredconditionals="13" methods="11" coveredmethods="10"/>
        <line num="6" count="2" type="stmt"/>
        <line num="7" count="2" type="stmt"/>
        <line num="9" count="2" type="stmt"/>
        <line num="18" count="2" type="stmt"/>
        <line num="19" count="1" type="stmt"/>
        <line num="23" count="1" type="stmt"/>
        <line num="24" count="1" type="stmt"/>
        <line num="25" count="2" type="stmt"/>
        <line num="33" count="1" type="stmt"/>
        <line num="37" count="0" type="cond" truecount="0" falsecount="2"/>
        <line num="41" count="32" type="stmt"/>
        <line num="42" count="32" type="cond" truecount="2" falsecount="0"/>
        <line num="44" count="31" type="stmt"/>
        <line num="45" count="62" type="cond" truecount="2" falsecount="0"/>
        <line num="46" count="31" type="stmt"/>
        <line num="47" count="31" type="cond" truecount="2" falsecount="0"/>
        <line num="48" count="1" type="stmt"/>
        <line num="50" count="30" type="stmt"/>
        <line num="57" count="1" type="stmt"/>
        <line num="58" count="1" type="stmt"/>
        <line num="60" count="235" type="stmt"/>
        <line num="62" count="470" type="cond" truecount="3" falsecount="0"/>
        <line num="68" count="470" type="cond" truecount="4" falsecount="0"/>
        <line num="69" count="1" type="stmt"/>
        <line num="70" count="1" type="stmt"/>
        <line num="73" count="469" type="stmt"/>
        <line num="76" count="1" type="stmt"/>
      </file>
    </package>
    <package name="integration">
      <metrics statements="0" coveredstatements="0" conditionals="0" coveredconditionals="0" methods="0" coveredmethods="0"/>
      <file name="setUpMocks.js" path="/Users/justincoulston/Desktop/Affiliate-master/affiliate-extractor-service/integration/setUpMocks.js">
        <metrics statements="0" coveredstatements="0" conditionals="0" coveredconditionals="0" methods="0" coveredmethods="0"/>
      </file>
    </package>
    <package name="logger">
      <metrics statements="53" coveredstatements="28" conditionals="34" coveredconditionals="18" methods="32" coveredmethods="19"/>
      <file name="Logger.js" path="/Users/justincoulston/Desktop/Affiliate-master/affiliate-extractor-service/logger/Logger.js">
        <metrics statements="34" coveredstatements="15" conditionals="28" coveredconditionals="13" methods="14" coveredmethods="7"/>
        <line num="8" count="5" type="stmt"/>
        <line num="9" count="5" type="stmt"/>
        <line num="13" count="10" type="stmt"/>
        <line num="14" count="10" type="stmt"/>
        <line num="24" count="0" type="cond" truecount="0" falsecount="2"/>
        <line num="25" count="0" type="stmt"/>
        <line num="29" count="0" type="stmt"/>
        <line num="30" count="0" type="stmt"/>
        <line num="35" count="60" type="stmt"/>
        <line num="39" count="0" type="cond" truecount="0" falsecount="2"/>
        <line num="40" count="0" type="cond" truecount="0" falsecount="2"/>
        <line num="44" count="17" type="stmt"/>
        <line num="51" count="143" type="cond" truecount="1" falsecount="1"/>
        <line num="52" count="0" type="stmt"/>
        <line num="53" count="0" type="stmt"/>
        <line num="58" count="0" type="cond" truecount="0" falsecount="2"/>
        <line num="59" count="0" type="stmt"/>
        <line num="64" count="0" type="stmt"/>
        <line num="68" count="0" type="cond" truecount="0" falsecount="1"/>
        <line num="69" count="0" type="stmt"/>
        <line num="70" count="0" type="stmt"/>
        <line num="71" count="0" type="stmt"/>
        <line num="72" count="0" type="stmt"/>
        <line num="76" count="130" type="cond" truecount="0" falsecount="1"/>
        <line num="77" count="130" type="stmt"/>
        <line num="78" count="130" type="stmt"/>
        <line num="79" count="130" type="cond" truecount="2" falsecount="0"/>
        <line num="80" count="13" type="stmt"/>
        <line num="83" count="130" type="stmt"/>
        <line num="87" count="21" type="cond" truecount="0" falsecount="1"/>
        <line num="88" count="21" type="cond" truecount="1" falsecount="1"/>
        <line num="89" count="0" type="stmt"/>
        <line num="94" count="0" type="cond" truecount="0" falsecount="1"/>
        <line num="95" count="0" type="stmt"/>
      </file>
      <file name="logTypes.js" path="/Users/justincoulston/Desktop/Affiliate-master/affiliate-extractor-service/logger/logTypes.js">
        <metrics statements="19" coveredstatements="13" conditionals="6" coveredconditionals="5" methods="18" coveredmethods="12"/>
        <line num="3" count="12" type="stmt"/>
        <line num="24" count="2" type="stmt"/>
        <line num="33" count="2" type="stmt"/>
        <line num="36" count="2" type="stmt"/>
        <line num="38" count="1" type="stmt"/>
        <line num="45" count="0" type="stmt"/>
        <line num="48" count="12" type="stmt"/>
        <line num="49" count="0" type="stmt"/>
        <line num="50" count="0" type="stmt"/>
        <line num="51" count="72" type="stmt"/>
        <line num="52" count="96" type="stmt"/>
        <line num="53" count="12" type="stmt"/>
        <line num="54" count="13" type="stmt"/>
        <line num="56" count="9" type="stmt"/>
        <line num="57" count="0" type="stmt"/>
        <line num="58" count="1" type="stmt"/>
        <line num="64" count="0" type="stmt"/>
        <line num="71" count="0" type="stmt"/>
        <line num="78" count="1" type="stmt"/>
      </file>
    </package>
    <package name="mocks.page-mocks.test-mocks">
      <metrics statements="0" coveredstatements="0" conditionals="0" coveredconditionals="0" methods="0" coveredmethods="0"/>
      <file name="commonMockPdp.js" path="/Users/justincoulston/Desktop/Affiliate-master/affiliate-extractor-service/mocks/page-mocks/test-mocks/commonMockPdp.js">
        <metrics statements="0" coveredstatements="0" conditionals="0" coveredconditionals="0" methods="0" coveredmethods="0"/>
      </file>
      <file name="commonMockPlp.js" path="/Users/justincoulston/Desktop/Affiliate-master/affiliate-extractor-service/mocks/page-mocks/test-mocks/commonMockPlp.js">
        <metrics statements="0" coveredstatements="0" conditionals="0" coveredconditionals="0" methods="0" coveredmethods="0"/>
      </file>
      <file name="mockWithInvalidImagesPlp.js" path="/Users/justincoulston/Desktop/Affiliate-master/affiliate-extractor-service/mocks/page-mocks/test-mocks/mockWithInvalidImagesPlp.js">
        <metrics statements="0" coveredstatements="0" conditionals="0" coveredconditionals="0" methods="0" coveredmethods="0"/>
      </file>
      <file name="mockWithInvalidPricePlp.js" path="/Users/justincoulston/Desktop/Affiliate-master/affiliate-extractor-service/mocks/page-mocks/test-mocks/mockWithInvalidPricePlp.js">
        <metrics statements="0" coveredstatements="0" conditionals="0" coveredconditionals="0" methods="0" coveredmethods="0"/>
      </file>
    </package>
    <package name="mocks.response-mocks">
      <metrics statements="0" coveredstatements="0" conditionals="0" coveredconditionals="0" methods="0" coveredmethods="0"/>
      <file name="cycle-response-mock.js" path="/Users/justincoulston/Desktop/Affiliate-master/affiliate-extractor-service/mocks/response-mocks/cycle-response-mock.js">
        <metrics statements="0" coveredstatements="0" conditionals="0" coveredconditionals="0" methods="0" coveredmethods="0"/>
      </file>
    </package>
    <package name="mocks.schema-mocks.test-mocks">
      <metrics statements="4" coveredstatements="4" conditionals="0" coveredconditionals="0" methods="1" coveredmethods="1"/>
      <file name="commonSchema.js" path="/Users/justincoulston/Desktop/Affiliate-master/affiliate-extractor-service/mocks/schema-mocks/test-mocks/commonSchema.js">
        <metrics statements="1" coveredstatements="1" conditionals="0" coveredconditionals="0" methods="0" coveredmethods="0"/>
        <line num="1" count="3" type="stmt"/>
      </file>
      <file name="multipleSectionsSchema.js" path="/Users/justincoulston/Desktop/Affiliate-master/affiliate-extractor-service/mocks/schema-mocks/test-mocks/multipleSectionsSchema.js">
        <metrics statements="2" coveredstatements="2" conditionals="0" coveredconditionals="0" methods="1" coveredmethods="1"/>
        <line num="3" count="2" type="stmt"/>
        <line num="4" count="4" type="stmt"/>
      </file>
      <file name="multipleUrlSchema.js" path="/Users/justincoulston/Desktop/Affiliate-master/affiliate-extractor-service/mocks/schema-mocks/test-mocks/multipleUrlSchema.js">
        <metrics statements="1" coveredstatements="1" conditionals="0" coveredconditionals="0" methods="0" coveredmethods="0"/>
        <line num="1" count="1" type="stmt"/>
      </file>
    </package>
  </project>
</coverage>
