TN:
SF:api/api.js
FN:24,endExtractsRequestStream
FN:34,transmitExtractsToCore
FN:39,(anonymous_2)
FN:55,getExtractsFromCore
FN:67,transmitLogsToSlack
FNF:5
FNH:0
FNDA:0,endExtractsRequestStream
FNDA:0,transmitExtractsToCore
FNDA:0,(anonymous_2)
FNDA:0,getExtractsFromCore
FNDA:0,transmitLogsToSlack
DA:9,2
DA:13,2
DA:25,0
DA:35,0
DA:36,0
DA:38,0
DA:39,0
DA:40,0
DA:45,0
DA:46,0
DA:48,0
DA:56,0
DA:57,0
DA:58,0
DA:60,0
DA:68,0
DA:69,0
DA:71,0
LF:18
LH:2
BRF:0
BRH:0
end_of_record
TN:
SF:api/index.js
FNF:0
FNH:0
LF:0
LH:0
BRF:0
BRH:0
end_of_record
TN:
SF:batching/BatchPipe.js
FN:8,(anonymous_0)
FN:22,(anonymous_1)
FN:26,(anonymous_2)
FN:30,(anonymous_3)
FN:35,(anonymous_4)
FN:41,(anonymous_5)
FN:50,(anonymous_6)
FN:51,(anonymous_7)
FN:64,(anonymous_8)
FN:77,(anonymous_9)
FN:81,(anonymous_10)
FN:82,(anonymous_11)
FN:87,(anonymous_12)
FN:90,(anonymous_13)
FN:103,(anonymous_14)
FN:123,(anonymous_15)
FN:125,(anonymous_16)
FN:129,(anonymous_17)
FN:132,(anonymous_18)
FN:144,(anonymous_19)
FN:145,(anonymous_20)
FN:149,(anonymous_21)
FN:157,(anonymous_22)
FN:172,(anonymous_23)
FNF:24
FNH:24
FNDA:9,(anonymous_0)
FNDA:24,(anonymous_1)
FNDA:24,(anonymous_2)
FNDA:67,(anonymous_3)
FNDA:67,(anonymous_4)
FNDA:4,(anonymous_5)
FNDA:5,(anonymous_6)
FNDA:16,(anonymous_7)
FNDA:3,(anonymous_8)
FNDA:9,(anonymous_9)
FNDA:24,(anonymous_10)
FNDA:49,(anonymous_11)
FNDA:23,(anonymous_12)
FNDA:2,(anonymous_13)
FNDA:4,(anonymous_14)
FNDA:67,(anonymous_15)
FNDA:113,(anonymous_16)
FNDA:67,(anonymous_17)
FNDA:140,(anonymous_18)
FNDA:9,(anonymous_19)
FNDA:24,(anonymous_20)
FNDA:24,(anonymous_21)
FNDA:67,(anonymous_22)
FNDA:9,(anonymous_23)
DA:9,9
DA:10,9
DA:11,9
DA:12,9
DA:13,9
DA:14,9
DA:15,9
DA:16,9
DA:17,9
DA:18,9
DA:19,9
DA:23,24
DA:27,24
DA:31,67
DA:32,67
DA:36,67
DA:37,0
DA:42,4
DA:51,16
DA:52,5
DA:54,4
DA:57,4
DA:59,1
DA:60,1
DA:63,3
DA:64,3
DA:67,3
DA:68,3
DA:69,3
DA:73,4
DA:78,9
DA:82,49
DA:83,24
DA:85,23
DA:86,23
DA:87,23
DA:94,2
DA:95,2
DA:96,2
DA:104,4
DA:105,4
DA:106,4
DA:107,4
DA:110,4
DA:111,3
DA:114,3
DA:115,3
DA:119,1
DA:124,67
DA:125,113
DA:128,67
DA:129,67
DA:132,67
DA:133,140
DA:140,140
DA:145,9
DA:146,24
DA:147,24
DA:149,24
DA:150,24
DA:151,24
DA:153,24
DA:154,2
DA:157,22
DA:158,67
DA:159,67
DA:160,67
DA:162,67
DA:163,4
DA:166,67
DA:173,9
DA:174,9
DA:176,9
LF:73
LH:72
BRDA:36,0,0,0
BRDA:36,0,1,67
BRDA:52,1,0,1
BRDA:52,1,1,4
BRDA:57,2,0,1
BRDA:57,2,1,3
BRDA:73,3,0,4
BRDA:73,3,1,0
BRDA:83,4,0,1
BRDA:83,4,1,23
BRDA:107,5,0,4
BRDA:107,5,1,2
BRDA:110,6,0,3
BRDA:110,6,1,1
BRDA:140,7,0,140
BRDA:140,7,1,77
BRDA:140,7,2,63
BRDA:153,8,0,2
BRDA:153,8,1,22
BRDA:162,9,0,4
BRDA:162,9,1,63
BRF:21
BRH:19
end_of_record
TN:
SF:constants/constants.js
FNF:0
FNH:0
DA:2,7
DA:4,7
DA:5,7
DA:6,7
DA:7,7
DA:8,7
DA:11,7
DA:12,7
DA:13,7
DA:14,7
LF:10
LH:10
BRDA:14,0,0,0
BRDA:14,0,1,7
BRF:2
BRH:1
end_of_record
TN:
SF:constants/index.js
FNF:0
FNH:0
LF:0
LH:0
BRF:0
BRH:0
end_of_record
TN:
SF:cycle/Cycle.js
FN:8,(anonymous_0)
FN:20,(anonymous_1)
FN:24,(anonymous_2)
FN:28,(anonymous_3)
FN:32,(anonymous_4)
FN:36,(anonymous_5)
FN:40,(anonymous_6)
FN:44,(anonymous_7)
FN:48,(anonymous_8)
FN:53,(anonymous_9)
FN:61,(anonymous_10)
FN:64,(anonymous_11)
FN:70,(anonymous_12)
FN:77,(anonymous_13)
FN:81,(anonymous_14)
FN:85,(anonymous_15)
FN:89,(anonymous_16)
FN:93,(anonymous_17)
FN:98,(anonymous_18)
FN:102,(anonymous_19)
FN:106,(anonymous_20)
FN:110,(anonymous_21)
FN:115,(anonymous_22)
FN:117,(anonymous_23)
FN:117,(anonymous_24)
FN:120,(anonymous_25)
FNF:26
FNH:21
FNDA:1,(anonymous_0)
FNDA:0,(anonymous_1)
FNDA:1,(anonymous_2)
FNDA:1,(anonymous_3)
FNDA:1,(anonymous_4)
FNDA:10,(anonymous_5)
FNDA:10,(anonymous_6)
FNDA:10,(anonymous_7)
FNDA:10,(anonymous_8)
FNDA:10,(anonymous_9)
FNDA:10,(anonymous_10)
FNDA:12,(anonymous_11)
FNDA:10,(anonymous_12)
FNDA:10,(anonymous_13)
FNDA:10,(anonymous_14)
FNDA:7,(anonymous_15)
FNDA:6,(anonymous_16)
FNDA:6,(anonymous_17)
FNDA:6,(anonymous_18)
FNDA:10,(anonymous_19)
FNDA:10,(anonymous_20)
FNDA:0,(anonymous_21)
FNDA:0,(anonymous_22)
FNDA:0,(anonymous_23)
FNDA:0,(anonymous_24)
FNDA:10,(anonymous_25)
DA:9,1
DA:10,1
DA:11,1
DA:12,1
DA:13,1
DA:14,1
DA:15,1
DA:16,1
DA:17,1
DA:21,0
DA:25,1
DA:29,1
DA:33,1
DA:37,10
DA:41,10
DA:45,10
DA:49,10
DA:50,10
DA:54,10
DA:55,7
DA:57,3
DA:62,10
DA:63,10
DA:64,12
DA:67,10
DA:71,10
DA:72,10
DA:78,10
DA:82,10
DA:86,7
DA:90,6
DA:94,6
DA:95,6
DA:99,6
DA:103,10
DA:107,10
DA:111,0
DA:112,0
DA:116,0
DA:117,0
DA:121,10
DA:123,10
DA:127,10
DA:132,10
DA:141,10
DA:143,10
DA:144,10
DA:148,10
DA:149,10
DA:154,10
DA:155,10
DA:156,10
DA:158,10
DA:159,6
DA:165,6
DA:166,6
DA:167,6
DA:168,6
DA:169,6
DA:171,4
DA:172,4
LF:61
LH:56
BRDA:8,0,0,1
BRDA:54,1,0,7
BRDA:54,1,1,3
BRDA:54,2,0,10
BRDA:54,2,1,10
BRDA:62,3,0,0
BRDA:62,3,1,10
BRDA:63,4,0,3
BRDA:63,4,1,7
BRDA:67,5,0,8
BRDA:67,5,1,2
BRDA:72,6,0,3
BRDA:72,6,1,7
BRDA:72,7,0,10
BRDA:72,7,1,7
BRDA:72,7,2,3
BRDA:123,8,0,10
BRDA:123,8,1,10
BRDA:158,9,0,6
BRDA:158,9,1,4
BRF:20
BRH:19
end_of_record
TN:
SF:cycle/FullCycle.js
FN:20,(anonymous_0)
FN:48,(anonymous_1)
FN:57,(anonymous_2)
FN:63,(anonymous_3)
FN:65,(anonymous_4)
FN:66,(anonymous_5)
FN:75,(anonymous_6)
FN:76,(anonymous_7)
FN:86,(anonymous_8)
FN:94,(anonymous_9)
FN:98,(anonymous_10)
FN:112,(anonymous_11)
FN:119,(anonymous_12)
FN:121,(anonymous_13)
FN:122,(anonymous_14)
FN:131,(anonymous_15)
FN:140,(anonymous_16)
FN:145,(anonymous_17)
FN:150,(anonymous_18)
FN:152,(anonymous_19)
FN:157,(anonymous_20)
FNF:21
FNH:16
FNDA:2,(anonymous_0)
FNDA:4,(anonymous_1)
FNDA:0,(anonymous_2)
FNDA:6,(anonymous_3)
FNDA:20,(anonymous_4)
FNDA:24,(anonymous_5)
FNDA:2,(anonymous_6)
FNDA:6,(anonymous_7)
FNDA:0,(anonymous_8)
FNDA:1,(anonymous_9)
FNDA:1,(anonymous_10)
FNDA:1,(anonymous_11)
FNDA:12,(anonymous_12)
FNDA:28,(anonymous_13)
FNDA:32,(anonymous_14)
FNDA:0,(anonymous_15)
FNDA:0,(anonymous_16)
FNDA:0,(anonymous_17)
FNDA:2,(anonymous_18)
FNDA:8,(anonymous_19)
FNDA:2,(anonymous_20)
DA:35,2
DA:36,2
DA:37,2
DA:38,2
DA:39,2
DA:40,2
DA:41,2
DA:42,2
DA:43,2
DA:44,2
DA:45,2
DA:49,4
DA:50,2
DA:51,2
DA:52,2
DA:53,2
DA:58,0
DA:64,6
DA:65,6
DA:66,20
DA:67,24
DA:72,6
DA:76,2
DA:77,6
DA:87,0
DA:95,1
DA:99,1
DA:100,1
DA:101,1
DA:106,1
DA:108,0
DA:113,1
DA:114,1
DA:115,1
DA:116,1
DA:120,12
DA:121,12
DA:122,28
DA:123,32
DA:124,32
DA:128,12
DA:132,0
DA:133,0
DA:134,0
DA:136,0
DA:141,0
DA:142,0
DA:146,0
DA:147,0
DA:151,2
DA:152,8
DA:154,2
DA:158,2
DA:159,2
DA:161,2
DA:162,2
DA:166,2
DA:167,2
DA:168,1
DA:171,2
DA:172,2
DA:173,2
DA:175,2
DA:177,2
DA:178,0
DA:179,0
DA:182,2
DA:191,2
DA:192,2
DA:194,2
LF:70
LH:57
BRDA:25,0,0,2
BRDA:30,1,0,1
BRDA:31,2,0,2
BRDA:32,3,0,2
BRDA:33,4,0,2
BRDA:41,5,0,2
BRDA:41,5,1,1
BRDA:41,5,2,1
BRDA:49,6,0,2
BRDA:49,6,1,2
BRDA:52,7,0,2
BRDA:52,7,1,0
BRDA:64,8,0,6
BRDA:64,8,1,0
BRDA:88,9,0,0
BRDA:88,9,1,0
BRDA:132,10,0,0
BRDA:132,10,1,0
BRDA:167,11,0,1
BRDA:167,11,1,1
BRDA:171,12,0,1
BRDA:171,12,1,1
BRDA:172,13,0,2
BRDA:172,13,1,0
BRDA:177,14,0,0
BRDA:177,14,1,2
BRDA:191,15,0,1
BRDA:191,15,1,1
BRF:28
BRH:20
end_of_record
TN:
SF:evaluation/evaluation.js
FN:7,pageEvaluations
FN:15,(anonymous_1)
FN:26,pushWarnings
FN:30,arrayify
FN:34,getNodes
FN:38,detectSoldOut
FN:42,getSingle
FN:46,srcToHttp
FN:51,hasUndefinedProps
FN:52,(anonymous_9)
FN:59,seekPropValue
FN:76,extractFromElement
FN:94,(anonymous_12)
FN:99,(anonymous_13)
FN:106,(anonymous_14)
FN:120,(anonymous_15)
FN:160,extractFromElements
FN:175,(anonymous_17)
FN:196,getDataFromVariants
FN:197,(anonymous_19)
FN:212,getDataFromCustomProps
FN:213,(anonymous_21)
FN:227,getProductTags
FN:232,(anonymous_23)
FN:241,isValidImageSrc
FN:255,isDuplicateImg
FN:283,catchInvalidPlpTiles
FN:288,(anonymous_27)
FN:330,getProductData
FN:333,(anonymous_29)
FN:358,getExtractData
FN:378,(anonymous_31)
FN:383,(anonymous_32)
FN:413,scrollPageBeforeExtract
FN:418,(anonymous_34)
FN:420,(anonymous_35)
FNF:36
FNH:34
FNDA:130,pageEvaluations
FNDA:72,(anonymous_1)
FNDA:72,pushWarnings
FNDA:1640,arrayify
FNDA:130,getNodes
FNDA:546,detectSoldOut
FNDA:433,getSingle
FNDA:1395,srcToHttp
FNDA:272,hasUndefinedProps
FNDA:276,(anonymous_9)
FNDA:2610,seekPropValue
FNDA:3440,extractFromElement
FNDA:0,(anonymous_12)
FNDA:1376,(anonymous_13)
FNDA:2064,(anonymous_14)
FNDA:546,(anonymous_15)
FNDA:1510,extractFromElements
FNDA:3440,(anonymous_17)
FNDA:78,getDataFromVariants
FNDA:156,(anonymous_19)
FNDA:78,getDataFromCustomProps
FNDA:78,(anonymous_21)
FNDA:272,getProductTags
FNDA:1022,(anonymous_23)
FNDA:161,isValidImageSrc
FNDA:115,isDuplicateImg
FNDA:272,catchInvalidPlpTiles
FNDA:256,(anonymous_27)
FNDA:272,getProductData
FNDA:1276,(anonymous_29)
FNDA:130,getExtractData
FNDA:272,(anonymous_31)
FNDA:272,(anonymous_32)
FNDA:1,scrollPageBeforeExtract
FNDA:1,(anonymous_34)
FNDA:0,(anonymous_35)
DA:13,130
DA:14,130
DA:15,130
DA:27,72
DA:31,1640
DA:35,130
DA:39,546
DA:43,433
DA:47,1395
DA:48,1395
DA:52,276
DA:60,2610
DA:61,2610
DA:63,0
DA:83,3440
DA:84,3440
DA:88,3440
DA:94,3440
DA:95,0
DA:96,0
DA:99,3440
DA:100,1376
DA:101,1376
DA:102,0
DA:106,3440
DA:107,2064
DA:108,2064
DA:109,2064
DA:110,2064
DA:111,0
DA:114,2064
DA:115,1234
DA:120,3440
DA:121,546
DA:122,546
DA:128,3440
DA:129,3440
DA:130,3440
DA:131,1376
DA:133,2064
DA:135,3440
DA:136,546
DA:138,0
DA:139,0
DA:140,0
DA:141,0
DA:142,0
DA:143,0
DA:144,0
DA:145,0
DA:147,3440
DA:148,0
DA:151,3440
DA:161,1510
DA:162,1510
DA:163,1510
DA:167,1510
DA:168,16
DA:175,3440
DA:177,1510
DA:178,1510
DA:179,78
DA:183,1432
DA:184,0
DA:189,1510
DA:197,78
DA:198,156
DA:199,156
DA:200,156
DA:213,78
DA:214,78
DA:215,78
DA:216,78
DA:228,272
DA:229,272
DA:230,160
DA:231,160
DA:232,1022
DA:233,160
DA:242,161
DA:243,161
DA:244,161
DA:245,161
DA:247,0
DA:257,115
DA:261,115
DA:262,72
DA:263,72
DA:264,72
DA:265,72
DA:266,72
DA:270,43
DA:271,43
DA:274,115
DA:284,272
DA:287,272
DA:288,256
DA:289,164
DA:290,3
DA:298,3
DA:303,269
DA:304,161
DA:305,161
DA:306,161
DA:307,161
DA:309,161
DA:310,53
DA:319,161
DA:321,108
DA:331,272
DA:332,272
DA:333,272
DA:334,1276
DA:335,1276
DA:336,1276
DA:342,272
DA:343,272
DA:365,130
DA:366,130
DA:367,130
DA:369,130
DA:370,0
DA:377,130
DA:379,272
DA:380,272
DA:383,272
DA:385,130
DA:391,0
DA:397,0
DA:404,130
DA:414,1
DA:415,1
DA:416,1
DA:417,1
DA:418,1
DA:419,1
DA:420,0
DA:421,0
DA:422,0
DA:423,0
DA:424,0
DA:428,1
LF:142
LH:118
BRDA:43,0,0,89
BRDA:43,0,1,344
BRDA:47,1,0,0
BRDA:47,1,1,1395
BRDA:48,2,0,468
BRDA:48,2,1,927
BRDA:101,3,0,0
BRDA:101,3,1,1376
BRDA:101,4,0,1376
BRDA:101,4,1,0
BRDA:108,5,0,2064
BRDA:108,5,1,0
BRDA:110,6,0,0
BRDA:110,6,1,2064
BRDA:110,7,0,2064
BRDA:110,7,1,0
BRDA:114,8,0,1234
BRDA:114,8,1,830
BRDA:114,9,0,2064
BRDA:114,9,1,1290
BRDA:114,9,2,1234
BRDA:128,10,0,0
BRDA:128,10,1,3440
BRDA:129,11,0,3440
BRDA:129,11,1,0
BRDA:130,12,0,1376
BRDA:130,12,1,2064
BRDA:135,13,0,546
BRDA:135,13,1,2894
BRDA:138,14,0,0
BRDA:138,14,1,0
BRDA:140,15,0,0
BRDA:140,15,1,0
BRDA:142,16,0,0
BRDA:142,16,1,0
BRDA:144,17,0,0
BRDA:144,17,1,0
BRDA:147,18,0,0
BRDA:147,18,1,3440
BRDA:163,19,0,0
BRDA:163,19,1,1510
BRDA:167,20,0,16
BRDA:167,20,1,1494
BRDA:167,21,0,1510
BRDA:167,21,1,88
BRDA:177,22,0,920
BRDA:177,22,1,590
BRDA:178,23,0,78
BRDA:178,23,1,1432
BRDA:183,24,0,0
BRDA:183,24,1,1432
BRDA:229,25,0,112
BRDA:229,25,1,160
BRDA:229,26,0,272
BRDA:229,26,1,160
BRDA:232,27,0,1022
BRDA:232,27,1,1022
BRDA:232,27,2,1022
BRDA:242,28,0,0
BRDA:242,28,1,161
BRDA:257,29,0,0
BRDA:257,29,1,115
BRDA:261,30,0,72
BRDA:261,30,1,43
BRDA:266,31,0,66
BRDA:266,31,1,6
BRDA:271,32,0,42
BRDA:271,32,1,1
BRDA:284,33,0,0
BRDA:284,33,1,272
BRDA:287,34,0,164
BRDA:287,34,1,108
BRDA:287,35,0,272
BRDA:287,35,1,272
BRDA:287,35,2,200
BRDA:289,36,0,3
BRDA:289,36,1,161
BRDA:303,37,0,161
BRDA:303,37,1,108
BRDA:303,38,0,269
BRDA:303,38,1,269
BRDA:306,39,0,161
BRDA:306,39,1,115
BRDA:307,40,0,161
BRDA:307,40,1,115
BRDA:309,41,0,53
BRDA:309,41,1,108
BRDA:331,42,0,78
BRDA:331,42,1,194
BRDA:332,43,0,78
BRDA:332,43,1,194
BRDA:347,44,0,160
BRDA:347,44,1,112
BRDA:359,45,0,108
BRDA:369,46,0,0
BRDA:369,46,1,130
BRDA:419,47,0,1
BRDA:419,47,1,0
BRF:98
BRH:74
end_of_record
TN:
SF:extractor/Extractor.js
FN:18,(anonymous_0)
FN:50,(anonymous_1)
FN:65,(anonymous_2)
FN:85,(anonymous_3)
FN:86,(anonymous_4)
FN:87,(anonymous_5)
FN:96,(anonymous_6)
FN:113,(anonymous_7)
FN:139,(anonymous_8)
FN:174,(anonymous_9)
FN:181,(anonymous_10)
FN:200,(anonymous_11)
FN:202,(anonymous_12)
FN:216,(anonymous_13)
FN:226,(anonymous_14)
FN:230,(anonymous_15)
FN:245,(anonymous_16)
FN:259,createUrls
FN:268,(anonymous_18)
FN:276,(anonymous_19)
FN:285,(anonymous_20)
FN:298,(anonymous_21)
FN:302,(anonymous_22)
FN:322,(anonymous_23)
FN:331,(anonymous_24)
FN:341,(anonymous_25)
FNF:26
FNH:21
FNDA:10,(anonymous_0)
FNDA:130,(anonymous_1)
FNDA:0,(anonymous_2)
FNDA:0,(anonymous_3)
FNDA:0,(anonymous_4)
FNDA:0,(anonymous_5)
FNDA:130,(anonymous_6)
FNDA:22,(anonymous_7)
FNDA:108,(anonymous_8)
FNDA:22,(anonymous_9)
FNDA:108,(anonymous_10)
FNDA:17,(anonymous_11)
FNDA:22,(anonymous_12)
FNDA:0,(anonymous_13)
FNDA:22,(anonymous_14)
FNDA:108,(anonymous_15)
FNDA:17,(anonymous_16)
FNDA:6,createUrls
FNDA:5,(anonymous_18)
FNDA:17,(anonymous_19)
FNDA:17,(anonymous_20)
FNDA:10,(anonymous_21)
FNDA:17,(anonymous_22)
FNDA:10,(anonymous_23)
FNDA:10,(anonymous_24)
FNDA:10,(anonymous_25)
DA:19,10
DA:20,10
DA:21,10
DA:22,10
DA:23,10
DA:24,10
DA:25,10
DA:26,10
DA:27,10
DA:28,10
DA:29,10
DA:30,10
DA:31,10
DA:51,130
DA:52,21
DA:53,21
DA:54,21
DA:66,0
DA:73,0
DA:74,0
DA:86,0
DA:87,0
DA:88,0
DA:97,130
DA:98,130
DA:99,130
DA:100,130
DA:101,130
DA:102,130
DA:103,1
DA:104,1
DA:106,130
DA:114,22
DA:117,22
DA:118,22
DA:120,0
DA:123,22
DA:124,22
DA:125,22
DA:126,13
DA:128,9
DA:131,22
DA:132,22
DA:140,108
DA:141,108
DA:142,108
DA:145,108
DA:147,108
DA:148,108
DA:150,0
DA:153,108
DA:154,108
DA:156,108
DA:157,96
DA:159,12
DA:162,108
DA:163,108
DA:164,108
DA:175,22
DA:176,22
DA:178,22
DA:181,22
DA:182,108
DA:183,108
DA:193,22
DA:201,17
DA:202,17
DA:203,22
DA:204,22
DA:205,22
DA:206,22
DA:209,17
DA:217,0
DA:218,0
DA:219,0
DA:220,0
DA:227,22
DA:229,22
DA:230,22
DA:231,108
DA:232,108
DA:234,108
DA:235,108
DA:236,108
DA:237,108
DA:246,17
DA:247,0
DA:250,17
DA:251,0
DA:254,17
DA:255,1
DA:256,1
DA:257,1
DA:259,1
DA:260,6
DA:261,5
DA:262,5
DA:263,5
DA:267,1
DA:268,5
DA:270,16
DA:277,17
DA:278,17
DA:286,17
DA:299,10
DA:300,10
DA:303,17
DA:304,17
DA:305,17
DA:306,17
DA:307,17
DA:308,17
DA:312,0
DA:313,0
DA:314,0
DA:323,10
DA:324,10
DA:332,10
DA:342,10
DA:343,10
DA:344,10
DA:345,10
DA:347,10
LF:123
LH:106
BRDA:18,0,0,10
BRDA:51,1,0,21
BRDA:51,1,1,109
BRDA:51,2,0,130
BRDA:51,2,1,130
BRDA:66,3,0,0
BRDA:66,3,1,0
BRDA:97,4,0,0
BRDA:97,4,1,130
BRDA:99,5,0,0
BRDA:99,5,1,130
BRDA:100,6,0,0
BRDA:100,6,1,130
BRDA:101,7,0,0
BRDA:101,7,1,130
BRDA:102,8,0,1
BRDA:102,8,1,129
BRDA:104,9,0,1
BRDA:104,9,1,0
BRDA:123,10,0,0
BRDA:123,10,1,22
BRDA:125,11,0,13
BRDA:125,11,1,9
BRDA:141,12,0,0
BRDA:141,12,1,108
BRDA:142,13,0,30
BRDA:142,13,1,78
BRDA:145,14,0,0
BRDA:145,14,1,108
BRDA:145,15,0,108
BRDA:145,15,1,108
BRDA:153,16,0,0
BRDA:153,16,1,108
BRDA:156,17,0,96
BRDA:156,17,1,12
BRDA:178,18,0,0
BRDA:178,18,1,22
BRDA:182,19,0,108
BRDA:182,19,1,0
BRDA:227,20,0,0
BRDA:227,20,1,22
BRDA:231,21,0,0
BRDA:231,21,1,108
BRDA:234,22,0,108
BRDA:234,22,1,108
BRDA:234,22,2,108
BRDA:234,22,3,104
BRDA:236,23,0,108
BRDA:236,23,1,108
BRDA:237,24,0,108
BRDA:237,24,1,104
BRDA:237,24,2,104
BRDA:246,25,0,0
BRDA:246,25,1,17
BRDA:250,26,0,0
BRDA:250,26,1,17
BRDA:250,27,0,17
BRDA:250,27,1,1
BRDA:254,28,0,1
BRDA:254,28,1,16
BRDA:260,29,0,5
BRDA:260,29,1,1
BRF:62
BRH:45
end_of_record
TN:
SF:extractor/index.js
FNF:0
FNH:0
LF:0
LH:0
BRF:0
BRH:0
end_of_record
TN:
SF:helpers/apiHelpers.js
FN:1,chunkStore
FNF:1
FNH:0
FNDA:0,chunkStore
DA:2,0
DA:4,0
LF:2
LH:0
BRF:0
BRH:0
end_of_record
TN:
SF:helpers/common.js
FN:3,clone
FN:7,getCurrentDateTime
FN:11,srcToHttp
FN:16,getSingle
FN:20,toArray
FN:24,lowerCase
FN:28,normalizePrice
FN:34,isValidImageSrc
FN:44,copyToClip
FNF:9
FNH:7
FNDA:4,clone
FNDA:35,getCurrentDateTime
FNDA:696,srcToHttp
FNDA:752,getSingle
FNDA:108,toArray
FNDA:0,lowerCase
FNDA:216,normalizePrice
FNDA:588,isValidImageSrc
FNDA:0,copyToClip
DA:4,4
DA:8,35
DA:12,696
DA:13,696
DA:17,752
DA:21,108
DA:25,0
DA:29,216
DA:30,216
DA:31,216
DA:35,588
DA:36,588
DA:37,588
DA:38,588
DA:40,0
DA:45,0
DA:46,0
DA:47,0
LF:18
LH:13
BRDA:12,0,0,0
BRDA:12,0,1,696
BRDA:13,1,0,0
BRDA:13,1,1,696
BRDA:17,2,0,78
BRDA:17,2,1,674
BRDA:21,3,0,108
BRDA:21,3,1,0
BRDA:25,4,0,0
BRDA:25,4,1,0
BRDA:29,5,0,0
BRDA:29,5,1,216
BRDA:31,6,0,0
BRDA:31,6,1,216
BRDA:35,7,0,0
BRDA:35,7,1,588
BRF:16
BRH:8
end_of_record
TN:
SF:helpers/directoryHelpers.js
FN:7,getSchemaFiles
FN:8,(anonymous_1)
FN:11,(anonymous_2)
FN:21,readSchemaFiles
FN:22,(anonymous_4)
FN:23,(anonymous_5)
FN:29,getAffiliateSchema
FN:32,(anonymous_7)
FN:38,writeStoreCache
FN:43,(anonymous_9)
FN:44,(anonymous_10)
FN:51,parseStoreCache
FNF:12
FNH:9
FNDA:6,getSchemaFiles
FNDA:6,(anonymous_1)
FNDA:6,(anonymous_2)
FNDA:474,readSchemaFiles
FNDA:474,(anonymous_4)
FNDA:474,(anonymous_5)
FNDA:6,getAffiliateSchema
FNDA:474,(anonymous_7)
FNDA:0,writeStoreCache
FNDA:0,(anonymous_9)
FNDA:0,(anonymous_10)
FNDA:1,parseStoreCache
DA:8,6
DA:9,6
DA:10,6
DA:11,6
DA:12,6
DA:13,0
DA:16,6
DA:22,474
DA:23,474
DA:24,474
DA:30,6
DA:32,6
DA:33,474
DA:34,474
DA:39,0
DA:40,0
DA:41,0
DA:43,0
DA:44,0
DA:45,0
DA:46,0
DA:52,1
LF:22
LH:14
BRDA:12,0,0,0
BRDA:12,0,1,6
BRDA:24,1,0,470
BRDA:24,1,1,4
BRDA:24,2,0,474
BRDA:24,2,1,474
BRDA:45,3,0,0
BRDA:45,3,1,0
BRF:8
BRH:5
end_of_record
TN:
SF:helpers/extractorHelpers.js
FN:15,assignToExtract
FN:63,validateImages
FN:64,(anonymous_2)
FN:65,(anonymous_3)
FN:66,(anonymous_4)
FN:67,(anonymous_5)
FN:80,normalizeProductDetail
FN:85,toPriceFormat
FN:95,normalizeProductTopLevel
FN:105,separateCautiousProducts
FNF:10
FNH:10
FNDA:46,assignToExtract
FNDA:108,validateImages
FNDA:588,(anonymous_2)
FNDA:588,(anonymous_3)
FNDA:588,(anonymous_4)
FNDA:1038,(anonymous_5)
FNDA:108,normalizeProductDetail
FNDA:216,toPriceFormat
FNDA:108,normalizeProductTopLevel
FNDA:32,separateCautiousProducts
DA:22,46
DA:23,45
DA:24,60
DA:25,60
DA:26,21
DA:27,21
DA:28,21
DA:29,10
DA:30,10
DA:34,11
DA:41,11
DA:45,24
DA:57,24
DA:64,588
DA:65,588
DA:66,108
DA:67,588
DA:68,1038
DA:69,1038
DA:70,1038
DA:71,1038
DA:73,588
DA:81,108
DA:82,108
DA:86,216
DA:87,216
DA:88,216
DA:89,216
DA:96,108
DA:97,108
DA:98,108
DA:99,108
DA:100,108
DA:101,108
DA:102,108
DA:106,32
DA:107,32
DA:109,32
DA:110,1150
DA:111,0
DA:113,1150
DA:117,32
LF:42
LH:41
BRDA:22,0,0,1
BRDA:22,0,1,45
BRDA:25,1,0,21
BRDA:25,1,1,39
BRDA:25,2,0,60
BRDA:25,2,1,60
BRDA:28,3,0,10
BRDA:28,3,1,11
BRDA:28,4,0,21
BRDA:28,4,1,21
BRDA:73,5,0,78
BRDA:73,5,1,510
BRDA:81,6,0,108
BRDA:81,6,1,0
BRDA:87,7,0,0
BRDA:87,7,1,216
BRDA:96,8,0,108
BRDA:96,8,1,0
BRDA:97,9,0,108
BRDA:97,9,1,0
BRDA:98,10,0,104
BRDA:98,10,1,4
BRDA:99,11,0,108
BRDA:99,11,1,0
BRDA:100,12,0,30
BRDA:100,12,1,78
BRDA:101,13,0,78
BRDA:101,13,1,30
BRDA:110,14,0,0
BRDA:110,14,1,1150
BRF:30
BRH:24
end_of_record
TN:
SF:helpers/index.js
FNF:0
FNH:0
LF:0
LH:0
BRF:0
BRH:0
end_of_record
TN:
SF:helpers/slackHelpers.js
FN:6,consolidateErrors
FN:7,(anonymous_1)
FN:10,(anonymous_2)
FN:19,(anonymous_3)
FN:31,normalizeSlackNotification
FN:65,(anonymous_5)
FNF:6
FNH:5
FNDA:2,consolidateErrors
FNDA:2,(anonymous_1)
FNDA:2,(anonymous_2)
FNDA:0,(anonymous_3)
FNDA:4,normalizeSlackNotification
FNDA:5,(anonymous_5)
DA:7,2
DA:8,2
DA:9,2
DA:11,2
DA:12,2
DA:13,2
DA:19,0
DA:22,2
DA:25,2
DA:32,4
DA:33,4
DA:34,4
DA:35,4
DA:36,4
DA:42,4
DA:44,4
DA:45,1
DA:47,3
DA:48,2
DA:51,2
DA:54,3
DA:55,2
DA:58,2
DA:62,4
DA:65,5
LF:25
LH:24
BRDA:12,0,0,2
BRDA:12,0,1,0
BRDA:13,1,0,0
BRDA:13,1,1,2
BRDA:22,2,0,2
BRDA:22,2,1,0
BRDA:34,3,0,4
BRDA:34,3,1,4
BRDA:35,4,0,4
BRDA:35,4,1,4
BRDA:36,5,0,4
BRDA:36,5,1,2
BRDA:44,6,0,1
BRDA:44,6,1,3
BRDA:47,7,0,2
BRDA:47,7,1,1
BRDA:54,8,0,2
BRDA:54,8,1,1
BRF:18
BRH:15
end_of_record
TN:
SF:helpers/testingHelpers.js
FN:5,getFiles
FN:17,buildPages
FN:18,(anonymous_2)
FN:22,constructMockPages
FN:24,(anonymous_4)
FN:36,testUrl
FN:40,getPageHtml
FN:56,getSampleSchemas
FN:59,(anonymous_8)
FN:60,(anonymous_9)
FN:76,(anonymous_10)
FNF:11
FNH:10
FNDA:2,getFiles
FNDA:1,buildPages
FNDA:2,(anonymous_2)
FNDA:1,constructMockPages
FNDA:2,(anonymous_4)
FNDA:0,testUrl
FNDA:32,getPageHtml
FNDA:1,getSampleSchemas
FNDA:235,(anonymous_8)
FNDA:470,(anonymous_9)
FNDA:1,(anonymous_10)
DA:6,2
DA:7,2
DA:9,2
DA:18,2
DA:19,1
DA:23,1
DA:24,1
DA:25,2
DA:33,1
DA:37,0
DA:41,32
DA:42,32
DA:44,31
DA:45,62
DA:46,31
DA:47,31
DA:48,1
DA:50,30
DA:57,1
DA:58,1
DA:60,235
DA:62,470
DA:68,470
DA:69,1
DA:70,1
DA:73,469
DA:76,1
LF:27
LH:26
BRDA:37,0,0,0
BRDA:37,0,1,0
BRDA:42,1,0,1
BRDA:42,1,1,31
BRDA:45,2,0,31
BRDA:45,2,1,31
BRDA:47,3,0,1
BRDA:47,3,1,30
BRDA:62,4,0,470
BRDA:62,4,1,447
BRDA:62,4,2,447
BRDA:68,5,0,1
BRDA:68,5,1,469
BRDA:68,6,0,470
BRDA:68,6,1,23
BRF:15
BRH:13
end_of_record
TN:
SF:integration/setUpMocks.js
FNF:0
FNH:0
LF:0
LH:0
BRF:0
BRH:0
end_of_record
TN:
SF:logger/Logger.js
FN:12,(anonymous_0)
FN:23,(anonymous_1)
FN:29,(anonymous_2)
FN:34,(anonymous_3)
FN:35,(anonymous_4)
FN:38,(anonymous_5)
FN:43,(anonymous_6)
FN:50,(anonymous_7)
FN:57,(anonymous_8)
FN:63,(anonymous_9)
FN:67,(anonymous_10)
FN:75,(anonymous_11)
FN:86,(anonymous_12)
FN:93,(anonymous_13)
FNF:14
FNH:7
FNDA:10,(anonymous_0)
FNDA:0,(anonymous_1)
FNDA:0,(anonymous_2)
FNDA:10,(anonymous_3)
FNDA:60,(anonymous_4)
FNDA:0,(anonymous_5)
FNDA:17,(anonymous_6)
FNDA:143,(anonymous_7)
FNDA:0,(anonymous_8)
FNDA:0,(anonymous_9)
FNDA:0,(anonymous_10)
FNDA:130,(anonymous_11)
FNDA:21,(anonymous_12)
FNDA:0,(anonymous_13)
DA:8,5
DA:9,5
DA:13,10
DA:14,10
DA:24,0
DA:25,0
DA:29,0
DA:30,0
DA:35,60
DA:39,0
DA:40,0
DA:44,17
DA:51,143
DA:52,0
DA:53,0
DA:58,0
DA:59,0
DA:64,0
DA:68,0
DA:69,0
DA:70,0
DA:71,0
DA:72,0
DA:76,130
DA:77,130
DA:78,130
DA:79,130
DA:80,13
DA:83,130
DA:87,21
DA:88,21
DA:89,0
DA:94,0
DA:95,0
LF:34
LH:15
BRDA:15,0,0,10
BRDA:15,0,1,10
BRDA:16,1,0,10
BRDA:16,1,1,10
BRDA:17,2,0,10
BRDA:17,2,1,10
BRDA:18,3,0,10
BRDA:18,3,1,10
BRDA:19,4,0,10
BRDA:19,4,1,0
BRDA:24,5,0,0
BRDA:24,5,1,0
BRDA:39,6,0,0
BRDA:39,6,1,0
BRDA:40,7,0,0
BRDA:40,7,1,0
BRDA:51,8,0,0
BRDA:51,8,1,143
BRDA:58,9,0,0
BRDA:58,9,1,0
BRDA:68,10,0,0
BRDA:76,11,0,0
BRDA:79,12,0,13
BRDA:79,12,1,117
BRDA:87,13,0,0
BRDA:88,14,0,0
BRDA:88,14,1,21
BRDA:94,15,0,0
BRF:28
BRH:13
end_of_record
TN:
SF:logger/logTypes.js
FN:24,(anonymous_0)
FN:32,(anonymous_1)
FN:35,(anonymous_2)
FN:38,(anonymous_3)
FN:45,(anonymous_4)
FN:49,(anonymous_5)
FN:50,(anonymous_6)
FN:51,(anonymous_7)
FN:51,(anonymous_8)
FN:52,(anonymous_9)
FN:53,(anonymous_10)
FN:54,(anonymous_11)
FN:55,(anonymous_12)
FN:57,(anonymous_13)
FN:58,(anonymous_14)
FN:64,(anonymous_15)
FN:71,(anonymous_16)
FN:78,(anonymous_17)
FNF:18
FNH:12
FNDA:2,(anonymous_0)
FNDA:2,(anonymous_1)
FNDA:2,(anonymous_2)
FNDA:1,(anonymous_3)
FNDA:0,(anonymous_4)
FNDA:0,(anonymous_5)
FNDA:0,(anonymous_6)
FNDA:21,(anonymous_7)
FNDA:72,(anonymous_8)
FNDA:96,(anonymous_9)
FNDA:12,(anonymous_10)
FNDA:13,(anonymous_11)
FNDA:9,(anonymous_12)
FNDA:0,(anonymous_13)
FNDA:1,(anonymous_14)
FNDA:0,(anonymous_15)
FNDA:0,(anonymous_16)
FNDA:1,(anonymous_17)
DA:3,12
DA:24,2
DA:33,2
DA:36,2
DA:38,1
DA:45,0
DA:48,12
DA:49,0
DA:50,0
DA:51,72
DA:52,96
DA:53,12
DA:54,13
DA:56,9
DA:57,0
DA:58,1
DA:64,0
DA:71,0
DA:78,1
LF:19
LH:13
BRDA:63,0,0,1
BRDA:63,0,1,1
BRDA:70,1,0,1
BRDA:70,1,1,1
BRDA:77,2,0,1
BRDA:77,2,1,0
BRF:6
BRH:5
end_of_record
TN:
SF:mocks/page-mocks/test-mocks/commonMockPdp.js
FNF:0
FNH:0
LF:0
LH:0
BRF:0
BRH:0
end_of_record
TN:
SF:mocks/page-mocks/test-mocks/commonMockPlp.js
FNF:0
FNH:0
LF:0
LH:0
BRF:0
BRH:0
end_of_record
TN:
SF:mocks/page-mocks/test-mocks/mockWithInvalidImagesPlp.js
FNF:0
FNH:0
LF:0
LH:0
BRF:0
BRH:0
end_of_record
TN:
SF:mocks/page-mocks/test-mocks/mockWithInvalidPricePlp.js
FNF:0
FNH:0
LF:0
LH:0
BRF:0
BRH:0
end_of_record
TN:
SF:mocks/response-mocks/cycle-response-mock.js
FNF:0
FNH:0
LF:0
LH:0
BRF:0
BRH:0
end_of_record
TN:
SF:mocks/schema-mocks/test-mocks/commonSchema.js
FNF:0
FNH:0
DA:1,3
LF:1
LH:1
BRF:0
BRH:0
end_of_record
TN:
SF:mocks/schema-mocks/test-mocks/multipleSectionsSchema.js
FN:3,(anonymous_0)
FNF:1
FNH:1
FNDA:4,(anonymous_0)
DA:3,2
DA:4,4
LF:2
LH:2
BRF:0
BRH:0
end_of_record
TN:
SF:mocks/schema-mocks/test-mocks/multipleUrlSchema.js
FNF:0
FNH:0
DA:1,1
LF:1
LH:1
BRF:0
BRH:0
end_of_record
