<?xml version="1.0" encoding="UTF-8"?>
<coverage generated="1625217689165" clover="3.2.0">
  <project timestamp="1625217689165" name="All files">
    <metrics statements="597" coveredstatements="539" conditionals="302" coveredconditionals="235" methods="165" coveredmethods="148" elements="1064" coveredelements="922" complexity="0" loc="597" ncloc="597" packages="11" files="25" classes="25"/>
    <package name="api">
      <metrics statements="3" coveredstatements="0" conditionals="0" coveredconditionals="0" methods="1" coveredmethods="0"/>
      <file name="api.js" path="/Users/justincoulston/Desktop/affilaite-core-mono/packages/crawler/api/api.js">
        <metrics statements="3" coveredstatements="0" conditionals="0" coveredconditionals="0" methods="1" coveredmethods="0"/>
        <line num="6" count="0" type="stmt"/>
        <line num="7" count="0" type="stmt"/>
        <line num="9" count="0" type="stmt"/>
      </file>
      <file name="index.js" path="/Users/justincoulston/Desktop/affilaite-core-mono/packages/crawler/api/index.js">
        <metrics statements="0" coveredstatements="0" conditionals="0" coveredconditionals="0" methods="0" coveredmethods="0"/>
      </file>
    </package>
    <package name="batching">
      <metrics statements="73" coveredstatements="72" conditionals="21" coveredconditionals="19" methods="24" coveredmethods="24"/>
      <file name="BatchPipe.js" path="/Users/justincoulston/Desktop/affilaite-core-mono/packages/crawler/batching/BatchPipe.js">
        <metrics statements="73" coveredstatements="72" conditionals="21" coveredconditionals="19" methods="24" coveredmethods="24"/>
        <line num="7" count="9" type="stmt"/>
        <line num="8" count="9" type="stmt"/>
        <line num="9" count="9" type="stmt"/>
        <line num="10" count="9" type="stmt"/>
        <line num="11" count="9" type="stmt"/>
        <line num="12" count="9" type="stmt"/>
        <line num="13" count="9" type="stmt"/>
        <line num="14" count="9" type="stmt"/>
        <line num="15" count="9" type="stmt"/>
        <line num="16" count="9" type="stmt"/>
        <line num="17" count="9" type="stmt"/>
        <line num="21" count="24" type="stmt"/>
        <line num="25" count="24" type="stmt"/>
        <line num="29" count="67" type="stmt"/>
        <line num="30" count="67" type="stmt"/>
        <line num="34" count="67" type="cond" truecount="1" falsecount="1"/>
        <line num="35" count="0" type="stmt"/>
        <line num="40" count="4" type="stmt"/>
        <line num="49" count="16" type="stmt"/>
        <line num="50" count="5" type="cond" truecount="2" falsecount="0"/>
        <line num="52" count="4" type="stmt"/>
        <line num="55" count="4" type="cond" truecount="2" falsecount="0"/>
        <line num="57" count="1" type="stmt"/>
        <line num="58" count="1" type="stmt"/>
        <line num="61" count="3" type="stmt"/>
        <line num="62" count="3" type="stmt"/>
        <line num="65" count="3" type="stmt"/>
        <line num="66" count="3" type="stmt"/>
        <line num="67" count="3" type="stmt"/>
        <line num="71" count="4" type="cond" truecount="1" falsecount="1"/>
        <line num="76" count="9" type="stmt"/>
        <line num="80" count="49" type="stmt"/>
        <line num="81" count="24" type="cond" truecount="2" falsecount="0"/>
        <line num="83" count="23" type="stmt"/>
        <line num="84" count="23" type="stmt"/>
        <line num="85" count="23" type="stmt"/>
        <line num="92" count="2" type="stmt"/>
        <line num="93" count="2" type="stmt"/>
        <line num="94" count="2" type="stmt"/>
        <line num="102" count="4" type="stmt"/>
        <line num="103" count="4" type="stmt"/>
        <line num="104" count="4" type="stmt"/>
        <line num="105" count="4" type="cond" truecount="2" falsecount="0"/>
        <line num="108" count="4" type="cond" truecount="2" falsecount="0"/>
        <line num="109" count="3" type="stmt"/>
        <line num="112" count="3" type="stmt"/>
        <line num="113" count="3" type="stmt"/>
        <line num="117" count="1" type="stmt"/>
        <line num="122" count="67" type="stmt"/>
        <line num="123" count="113" type="stmt"/>
        <line num="126" count="67" type="stmt"/>
        <line num="127" count="67" type="stmt"/>
        <line num="130" count="67" type="stmt"/>
        <line num="131" count="140" type="stmt"/>
        <line num="138" count="140" type="cond" truecount="3" falsecount="0"/>
        <line num="143" count="9" type="stmt"/>
        <line num="144" count="24" type="stmt"/>
        <line num="145" count="24" type="stmt"/>
        <line num="147" count="24" type="stmt"/>
        <line num="148" count="24" type="stmt"/>
        <line num="149" count="24" type="stmt"/>
        <line num="151" count="24" type="cond" truecount="2" falsecount="0"/>
        <line num="152" count="2" type="stmt"/>
        <line num="155" count="22" type="stmt"/>
        <line num="156" count="67" type="stmt"/>
        <line num="157" count="67" type="stmt"/>
        <line num="158" count="67" type="stmt"/>
        <line num="160" count="67" type="cond" truecount="2" falsecount="0"/>
        <line num="161" count="4" type="stmt"/>
        <line num="164" count="67" type="stmt"/>
        <line num="171" count="9" type="stmt"/>
        <line num="172" count="9" type="stmt"/>
        <line num="174" count="9" type="stmt"/>
      </file>
    </package>
    <package name="constants">
      <metrics statements="16" coveredstatements="16" conditionals="2" coveredconditionals="1" methods="0" coveredmethods="0"/>
      <file name="constants.js" path="/Users/justincoulston/Desktop/affilaite-core-mono/packages/crawler/constants/constants.js">
        <metrics statements="10" coveredstatements="10" conditionals="2" coveredconditionals="1" methods="0" coveredmethods="0"/>
        <line num="2" count="8" type="stmt"/>
        <line num="4" count="8" type="stmt"/>
        <line num="5" count="8" type="stmt"/>
        <line num="6" count="8" type="stmt"/>
        <line num="7" count="8" type="stmt"/>
        <line num="8" count="8" type="stmt"/>
        <line num="11" count="8" type="stmt"/>
        <line num="12" count="8" type="stmt"/>
        <line num="13" count="8" type="stmt"/>
        <line num="14" count="8" type="cond" truecount="1" falsecount="1"/>
      </file>
      <file name="index.js" path="/Users/justincoulston/Desktop/affilaite-core-mono/packages/crawler/constants/index.js">
        <metrics statements="0" coveredstatements="0" conditionals="0" coveredconditionals="0" methods="0" coveredmethods="0"/>
      </file>
      <file name="paths.js" path="/Users/justincoulston/Desktop/affilaite-core-mono/packages/crawler/constants/paths.js">
        <metrics statements="6" coveredstatements="6" conditionals="0" coveredconditionals="0" methods="0" coveredmethods="0"/>
        <line num="1" count="8" type="stmt"/>
        <line num="2" count="8" type="stmt"/>
        <line num="3" count="8" type="stmt"/>
        <line num="4" count="8" type="stmt"/>
        <line num="5" count="8" type="stmt"/>
        <line num="6" count="8" type="stmt"/>
      </file>
    </package>
    <package name="cycle">
      <metrics statements="132" coveredstatements="119" conditionals="46" coveredconditionals="40" methods="48" coveredmethods="40"/>
      <file name="Cycle.js" path="/Users/justincoulston/Desktop/affilaite-core-mono/packages/crawler/cycle/Cycle.js">
        <metrics statements="61" coveredstatements="56" conditionals="20" coveredconditionals="19" methods="26" coveredmethods="21"/>
        <line num="8" count="1" type="stmt"/>
        <line num="9" count="1" type="stmt"/>
        <line num="10" count="1" type="stmt"/>
        <line num="11" count="1" type="stmt"/>
        <line num="12" count="1" type="stmt"/>
        <line num="13" count="1" type="stmt"/>
        <line num="14" count="1" type="stmt"/>
        <line num="15" count="1" type="stmt"/>
        <line num="16" count="1" type="stmt"/>
        <line num="20" count="0" type="stmt"/>
        <line num="24" count="1" type="stmt"/>
        <line num="28" count="1" type="stmt"/>
        <line num="32" count="1" type="stmt"/>
        <line num="36" count="10" type="stmt"/>
        <line num="40" count="10" type="stmt"/>
        <line num="44" count="10" type="stmt"/>
        <line num="48" count="10" type="stmt"/>
        <line num="49" count="10" type="stmt"/>
        <line num="53" count="10" type="cond" truecount="4" falsecount="0"/>
        <line num="54" count="7" type="stmt"/>
        <line num="56" count="3" type="stmt"/>
        <line num="61" count="10" type="cond" truecount="1" falsecount="1"/>
        <line num="62" count="10" type="cond" truecount="2" falsecount="0"/>
        <line num="63" count="12" type="stmt"/>
        <line num="66" count="10" type="cond" truecount="2" falsecount="0"/>
        <line num="70" count="10" type="stmt"/>
        <line num="71" count="10" type="cond" truecount="5" falsecount="0"/>
        <line num="77" count="10" type="stmt"/>
        <line num="81" count="10" type="stmt"/>
        <line num="85" count="7" type="stmt"/>
        <line num="89" count="6" type="stmt"/>
        <line num="93" count="6" type="stmt"/>
        <line num="94" count="6" type="stmt"/>
        <line num="98" count="6" type="stmt"/>
        <line num="102" count="10" type="stmt"/>
        <line num="106" count="10" type="stmt"/>
        <line num="110" count="0" type="stmt"/>
        <line num="111" count="0" type="stmt"/>
        <line num="115" count="0" type="stmt"/>
        <line num="116" count="0" type="stmt"/>
        <line num="120" count="10" type="stmt"/>
        <line num="121" count="10" type="cond" truecount="2" falsecount="0"/>
        <line num="125" count="10" type="stmt"/>
        <line num="130" count="10" type="stmt"/>
        <line num="139" count="10" type="stmt"/>
        <line num="141" count="10" type="stmt"/>
        <line num="142" count="10" type="stmt"/>
        <line num="146" count="10" type="stmt"/>
        <line num="147" count="10" type="stmt"/>
        <line num="152" count="10" type="stmt"/>
        <line num="153" count="10" type="stmt"/>
        <line num="154" count="10" type="stmt"/>
        <line num="156" count="10" type="cond" truecount="2" falsecount="0"/>
        <line num="157" count="6" type="stmt"/>
        <line num="163" count="6" type="stmt"/>
        <line num="164" count="6" type="stmt"/>
        <line num="165" count="6" type="stmt"/>
        <line num="166" count="6" type="stmt"/>
        <line num="167" count="6" type="stmt"/>
        <line num="169" count="4" type="stmt"/>
        <line num="170" count="4" type="stmt"/>
      </file>
      <file name="FullCycle.js" path="/Users/justincoulston/Desktop/affilaite-core-mono/packages/crawler/cycle/FullCycle.js">
        <metrics statements="71" coveredstatements="63" conditionals="26" coveredconditionals="21" methods="22" coveredmethods="19"/>
        <line num="27" count="2" type="stmt"/>
        <line num="28" count="2" type="stmt"/>
        <line num="29" count="2" type="stmt"/>
        <line num="30" count="2" type="stmt"/>
        <line num="31" count="2" type="stmt"/>
        <line num="32" count="2" type="cond" truecount="3" falsecount="0"/>
        <line num="33" count="2" type="stmt"/>
        <line num="34" count="2" type="stmt"/>
        <line num="35" count="2" type="stmt"/>
        <line num="36" count="2" type="stmt"/>
        <line num="40" count="4" type="cond" truecount="2" falsecount="0"/>
        <line num="41" count="2" type="stmt"/>
        <line num="42" count="2" type="stmt"/>
        <line num="43" count="2" type="cond" truecount="1" falsecount="1"/>
        <line num="44" count="2" type="stmt"/>
        <line num="49" count="0" type="stmt"/>
        <line num="55" count="6" type="cond" truecount="1" falsecount="1"/>
        <line num="56" count="6" type="stmt"/>
        <line num="57" count="20" type="stmt"/>
        <line num="58" count="24" type="stmt"/>
        <line num="63" count="6" type="stmt"/>
        <line num="67" count="2" type="stmt"/>
        <line num="68" count="6" type="stmt"/>
        <line num="78" count="1" type="stmt"/>
        <line num="82" count="1" type="stmt"/>
        <line num="83" count="1" type="stmt"/>
        <line num="84" count="1" type="stmt"/>
        <line num="89" count="1" type="stmt"/>
        <line num="91" count="0" type="stmt"/>
        <line num="96" count="1" type="stmt"/>
        <line num="97" count="1" type="stmt"/>
        <line num="98" count="1" type="stmt"/>
        <line num="102" count="12" type="stmt"/>
        <line num="103" count="12" type="stmt"/>
        <line num="104" count="28" type="stmt"/>
        <line num="105" count="32" type="stmt"/>
        <line num="106" count="32" type="stmt"/>
        <line num="110" count="12" type="stmt"/>
        <line num="116" count="3" type="stmt"/>
        <line num="117" count="10" type="stmt"/>
        <line num="118" count="10" type="cond" truecount="2" falsecount="0"/>
        <line num="119" count="2" type="stmt"/>
        <line num="120" count="2" type="stmt"/>
        <line num="121" count="8" type="stmt"/>
        <line num="124" count="2" type="stmt"/>
        <line num="128" count="3" type="stmt"/>
        <line num="132" count="0" type="cond" truecount="0" falsecount="2"/>
        <line num="133" count="0" type="stmt"/>
        <line num="134" count="0" type="stmt"/>
        <line num="136" count="0" type="stmt"/>
        <line num="141" count="0" type="stmt"/>
        <line num="142" count="0" type="stmt"/>
        <line num="146" count="2" type="stmt"/>
        <line num="147" count="8" type="stmt"/>
        <line num="149" count="2" type="stmt"/>
        <line num="155" count="2" type="stmt"/>
        <line num="156" count="2" type="stmt"/>
        <line num="157" count="2" type="stmt"/>
        <line num="159" count="2" type="stmt"/>
        <line num="161" count="2" type="stmt"/>
        <line num="162" count="2" type="cond" truecount="2" falsecount="0"/>
        <line num="163" count="1" type="stmt"/>
        <line num="166" count="2" type="cond" truecount="2" falsecount="0"/>
        <line num="167" count="2" type="cond" truecount="1" falsecount="1"/>
        <line num="169" count="2" type="stmt"/>
        <line num="170" count="2" type="stmt"/>
        <line num="171" count="2" type="stmt"/>
        <line num="173" count="2" type="stmt"/>
        <line num="182" count="2" type="cond" truecount="2" falsecount="0"/>
        <line num="183" count="2" type="stmt"/>
        <line num="184" count="2" type="stmt"/>
      </file>
    </package>
    <package name="evaluation">
      <metrics statements="144" coveredstatements="124" conditionals="102" coveredconditionals="77" methods="36" coveredmethods="35"/>
      <file name="evaluation.js" path="/Users/justincoulston/Desktop/affilaite-core-mono/packages/crawler/evaluation/evaluation.js">
        <metrics statements="144" coveredstatements="124" conditionals="102" coveredconditionals="77" methods="36" coveredmethods="35"/>
        <line num="13" count="180" type="stmt"/>
        <line num="14" count="180" type="stmt"/>
        <line num="15" count="180" type="stmt"/>
        <line num="27" count="30" type="stmt"/>
        <line num="31" count="1758" type="stmt"/>
        <line num="35" count="180" type="stmt"/>
        <line num="39" count="546" type="stmt"/>
        <line num="43" count="499" type="cond" truecount="2" falsecount="0"/>
        <line num="47" count="1411" type="cond" truecount="1" falsecount="1"/>
        <line num="48" count="1411" type="cond" truecount="2" falsecount="0"/>
        <line num="52" count="334" type="stmt"/>
        <line num="60" count="2826" type="stmt"/>
        <line num="61" count="2826" type="stmt"/>
        <line num="63" count="0" type="stmt"/>
        <line num="83" count="3810" type="stmt"/>
        <line num="84" count="3810" type="stmt"/>
        <line num="88" count="3810" type="stmt"/>
        <line num="94" count="3810" type="stmt"/>
        <line num="95" count="0" type="stmt"/>
        <line num="96" count="0" type="stmt"/>
        <line num="99" count="3810" type="stmt"/>
        <line num="100" count="1530" type="stmt"/>
        <line num="101" count="1530" type="cond" truecount="2" falsecount="2"/>
        <line num="102" count="0" type="stmt"/>
        <line num="106" count="3810" type="stmt"/>
        <line num="107" count="2280" type="stmt"/>
        <line num="108" count="2280" type="cond" truecount="1" falsecount="1"/>
        <line num="109" count="2280" type="stmt"/>
        <line num="110" count="2280" type="cond" truecount="2" falsecount="2"/>
        <line num="111" count="0" type="stmt"/>
        <line num="114" count="2280" type="cond" truecount="5" falsecount="0"/>
        <line num="115" count="1242" type="stmt"/>
        <line num="120" count="3810" type="stmt"/>
        <line num="121" count="546" type="stmt"/>
        <line num="122" count="546" type="stmt"/>
        <line num="128" count="3810" type="cond" truecount="1" falsecount="1"/>
        <line num="129" count="3810" type="cond" truecount="1" falsecount="1"/>
        <line num="130" count="3810" type="cond" truecount="2" falsecount="0"/>
        <line num="131" count="1530" type="stmt"/>
        <line num="133" count="2280" type="stmt"/>
        <line num="135" count="3810" type="cond" truecount="2" falsecount="0"/>
        <line num="136" count="546" type="stmt"/>
        <line num="138" count="0" type="cond" truecount="0" falsecount="2"/>
        <line num="139" count="0" type="stmt"/>
        <line num="140" count="0" type="cond" truecount="0" falsecount="2"/>
        <line num="141" count="0" type="stmt"/>
        <line num="142" count="0" type="cond" truecount="0" falsecount="2"/>
        <line num="143" count="0" type="stmt"/>
        <line num="144" count="0" type="cond" truecount="0" falsecount="2"/>
        <line num="145" count="0" type="stmt"/>
        <line num="147" count="3810" type="cond" truecount="1" falsecount="1"/>
        <line num="148" count="0" type="stmt"/>
        <line num="151" count="3810" type="stmt"/>
        <line num="161" count="1578" type="stmt"/>
        <line num="162" count="1578" type="stmt"/>
        <line num="163" count="1578" type="cond" truecount="1" falsecount="1"/>
        <line num="167" count="1578" type="cond" truecount="4" falsecount="0"/>
        <line num="168" count="16" type="stmt"/>
        <line num="175" count="3810" type="stmt"/>
        <line num="177" count="1578" type="cond" truecount="2" falsecount="0"/>
        <line num="178" count="1578" type="cond" truecount="2" falsecount="0"/>
        <line num="179" count="78" type="stmt"/>
        <line num="183" count="1500" type="cond" truecount="1" falsecount="1"/>
        <line num="184" count="0" type="stmt"/>
        <line num="189" count="1578" type="stmt"/>
        <line num="197" count="78" type="stmt"/>
        <line num="198" count="156" type="stmt"/>
        <line num="199" count="156" type="stmt"/>
        <line num="200" count="156" type="stmt"/>
        <line num="213" count="78" type="stmt"/>
        <line num="214" count="78" type="stmt"/>
        <line num="215" count="78" type="stmt"/>
        <line num="216" count="78" type="stmt"/>
        <line num="228" count="330" type="stmt"/>
        <line num="229" count="330" type="cond" truecount="4" falsecount="0"/>
        <line num="230" count="168" type="stmt"/>
        <line num="231" count="168" type="stmt"/>
        <line num="232" count="971" type="cond" truecount="3" falsecount="0"/>
        <line num="233" count="168" type="stmt"/>
        <line num="242" count="169" type="cond" truecount="1" falsecount="1"/>
        <line num="243" count="169" type="stmt"/>
        <line num="244" count="169" type="stmt"/>
        <line num="245" count="169" type="stmt"/>
        <line num="247" count="0" type="stmt"/>
        <line num="257" count="165" type="cond" truecount="1" falsecount="1"/>
        <line num="261" count="165" type="cond" truecount="2" falsecount="0"/>
        <line num="262" count="72" type="stmt"/>
        <line num="263" count="72" type="stmt"/>
        <line num="264" count="72" type="stmt"/>
        <line num="265" count="72" type="stmt"/>
        <line num="266" count="72" type="cond" truecount="2" falsecount="0"/>
        <line num="270" count="93" type="stmt"/>
        <line num="271" count="93" type="cond" truecount="2" falsecount="0"/>
        <line num="274" count="165" type="stmt"/>
        <line num="284" count="330" type="cond" truecount="1" falsecount="1"/>
        <line num="287" count="330" type="cond" truecount="5" falsecount="0"/>
        <line num="288" count="264" type="stmt"/>
        <line num="289" count="172" type="cond" truecount="2" falsecount="0"/>
        <line num="290" count="3" type="stmt"/>
        <line num="298" count="3" type="stmt"/>
        <line num="303" count="327" type="cond" truecount="4" falsecount="0"/>
        <line num="304" count="169" type="stmt"/>
        <line num="305" count="169" type="stmt"/>
        <line num="306" count="169" type="cond" truecount="2" falsecount="0"/>
        <line num="307" count="169" type="cond" truecount="2" falsecount="0"/>
        <line num="309" count="169" type="cond" truecount="2" falsecount="0"/>
        <line num="310" count="11" type="stmt"/>
        <line num="319" count="169" type="stmt"/>
        <line num="321" count="158" type="stmt"/>
        <line num="331" count="330" type="cond" truecount="2" falsecount="0"/>
        <line num="332" count="330" type="cond" truecount="2" falsecount="0"/>
        <line num="333" count="330" type="stmt"/>
        <line num="334" count="1344" type="stmt"/>
        <line num="335" count="1344" type="stmt"/>
        <line num="336" count="1344" type="stmt"/>
        <line num="342" count="330" type="stmt"/>
        <line num="343" count="330" type="stmt"/>
        <line num="365" count="180" type="stmt"/>
        <line num="366" count="180" type="stmt"/>
        <line num="367" count="180" type="stmt"/>
        <line num="369" count="180" type="cond" truecount="1" falsecount="1"/>
        <line num="370" count="0" type="stmt"/>
        <line num="377" count="180" type="stmt"/>
        <line num="379" count="330" type="stmt"/>
        <line num="380" count="330" type="stmt"/>
        <line num="383" count="330" type="stmt"/>
        <line num="385" count="180" type="stmt"/>
        <line num="391" count="0" type="stmt"/>
        <line num="397" count="0" type="stmt"/>
        <line num="404" count="180" type="stmt"/>
        <line num="414" count="1" type="stmt"/>
        <line num="415" count="1" type="cond" truecount="1" falsecount="1"/>
        <line num="416" count="1" type="stmt"/>
        <line num="417" count="1" type="stmt"/>
        <line num="418" count="1" type="stmt"/>
        <line num="419" count="1" type="stmt"/>
        <line num="420" count="61" type="cond" truecount="2" falsecount="0"/>
        <line num="421" count="60" type="stmt"/>
        <line num="422" count="60" type="stmt"/>
        <line num="423" count="60" type="stmt"/>
        <line num="424" count="60" type="cond" truecount="1" falsecount="1"/>
        <line num="425" count="0" type="stmt"/>
        <line num="427" count="60" type="stmt"/>
        <line num="431" count="1" type="stmt"/>
      </file>
    </package>
    <package name="extractor">
      <metrics statements="123" coveredstatements="106" conditionals="62" coveredconditionals="45" methods="26" coveredmethods="21"/>
      <file name="Extractor.js" path="/Users/justincoulston/Desktop/affilaite-core-mono/packages/crawler/extractor/Extractor.js">
        <metrics statements="123" coveredstatements="106" conditionals="62" coveredconditionals="45" methods="26" coveredmethods="21"/>
        <line num="17" count="10" type="stmt"/>
        <line num="18" count="10" type="stmt"/>
        <line num="19" count="10" type="stmt"/>
        <line num="20" count="10" type="stmt"/>
        <line num="21" count="10" type="stmt"/>
        <line num="22" count="10" type="stmt"/>
        <line num="23" count="10" type="stmt"/>
        <line num="24" count="10" type="stmt"/>
        <line num="25" count="10" type="stmt"/>
        <line num="26" count="10" type="stmt"/>
        <line num="27" count="10" type="stmt"/>
        <line num="28" count="10" type="stmt"/>
        <line num="29" count="10" type="stmt"/>
        <line num="49" count="180" type="cond" truecount="4" falsecount="0"/>
        <line num="50" count="20" type="stmt"/>
        <line num="51" count="20" type="stmt"/>
        <line num="52" count="20" type="stmt"/>
        <line num="64" count="0" type="cond" truecount="0" falsecount="2"/>
        <line num="71" count="0" type="stmt"/>
        <line num="72" count="0" type="stmt"/>
        <line num="84" count="0" type="stmt"/>
        <line num="85" count="0" type="stmt"/>
        <line num="86" count="0" type="stmt"/>
        <line num="95" count="180" type="cond" truecount="1" falsecount="1"/>
        <line num="96" count="180" type="stmt"/>
        <line num="97" count="180" type="cond" truecount="1" falsecount="1"/>
        <line num="98" count="180" type="cond" truecount="1" falsecount="1"/>
        <line num="99" count="180" type="cond" truecount="2" falsecount="0"/>
        <line num="100" count="180" type="cond" truecount="2" falsecount="0"/>
        <line num="101" count="1" type="stmt"/>
        <line num="102" count="1" type="cond" truecount="1" falsecount="1"/>
        <line num="104" count="180" type="stmt"/>
        <line num="112" count="22" type="stmt"/>
        <line num="115" count="22" type="stmt"/>
        <line num="116" count="22" type="stmt"/>
        <line num="118" count="0" type="stmt"/>
        <line num="121" count="22" type="cond" truecount="1" falsecount="1"/>
        <line num="122" count="22" type="stmt"/>
        <line num="123" count="22" type="cond" truecount="2" falsecount="0"/>
        <line num="124" count="14" type="stmt"/>
        <line num="126" count="8" type="stmt"/>
        <line num="129" count="22" type="stmt"/>
        <line num="130" count="22" type="stmt"/>
        <line num="138" count="158" type="stmt"/>
        <line num="139" count="158" type="cond" truecount="1" falsecount="1"/>
        <line num="140" count="158" type="cond" truecount="1" falsecount="1"/>
        <line num="143" count="158" type="cond" truecount="3" falsecount="1"/>
        <line num="145" count="158" type="stmt"/>
        <line num="146" count="158" type="stmt"/>
        <line num="148" count="0" type="stmt"/>
        <line num="151" count="158" type="cond" truecount="1" falsecount="1"/>
        <line num="152" count="158" type="stmt"/>
        <line num="154" count="158" type="cond" truecount="2" falsecount="0"/>
        <line num="155" count="146" type="stmt"/>
        <line num="157" count="12" type="stmt"/>
        <line num="160" count="158" type="stmt"/>
        <line num="161" count="158" type="stmt"/>
        <line num="162" count="158" type="stmt"/>
        <line num="173" count="22" type="stmt"/>
        <line num="174" count="22" type="stmt"/>
        <line num="176" count="22" type="cond" truecount="1" falsecount="1"/>
        <line num="179" count="22" type="stmt"/>
        <line num="180" count="158" type="cond" truecount="1" falsecount="1"/>
        <line num="181" count="158" type="stmt"/>
        <line num="191" count="22" type="stmt"/>
        <line num="199" count="17" type="stmt"/>
        <line num="200" count="17" type="stmt"/>
        <line num="201" count="22" type="stmt"/>
        <line num="202" count="22" type="stmt"/>
        <line num="203" count="22" type="stmt"/>
        <line num="204" count="22" type="stmt"/>
        <line num="207" count="17" type="stmt"/>
        <line num="215" count="0" type="stmt"/>
        <line num="216" count="0" type="stmt"/>
        <line num="217" count="0" type="stmt"/>
        <line num="218" count="0" type="stmt"/>
        <line num="225" count="22" type="cond" truecount="1" falsecount="1"/>
        <line num="227" count="22" type="stmt"/>
        <line num="228" count="22" type="stmt"/>
        <line num="229" count="158" type="cond" truecount="1" falsecount="1"/>
        <line num="230" count="158" type="stmt"/>
        <line num="232" count="158" type="cond" truecount="4" falsecount="0"/>
        <line num="233" count="158" type="stmt"/>
        <line num="234" count="158" type="cond" truecount="2" falsecount="0"/>
        <line num="235" count="158" type="cond" truecount="3" falsecount="0"/>
        <line num="244" count="17" type="cond" truecount="1" falsecount="1"/>
        <line num="245" count="0" type="stmt"/>
        <line num="248" count="17" type="cond" truecount="3" falsecount="1"/>
        <line num="249" count="0" type="stmt"/>
        <line num="252" count="17" type="cond" truecount="2" falsecount="0"/>
        <line num="253" count="1" type="stmt"/>
        <line num="254" count="1" type="stmt"/>
        <line num="255" count="1" type="stmt"/>
        <line num="257" count="1" type="stmt"/>
        <line num="258" count="6" type="cond" truecount="2" falsecount="0"/>
        <line num="259" count="5" type="stmt"/>
        <line num="260" count="5" type="stmt"/>
        <line num="261" count="5" type="stmt"/>
        <line num="265" count="1" type="stmt"/>
        <line num="266" count="5" type="stmt"/>
        <line num="268" count="16" type="stmt"/>
        <line num="275" count="17" type="stmt"/>
        <line num="276" count="17" type="stmt"/>
        <line num="284" count="17" type="stmt"/>
        <line num="297" count="10" type="stmt"/>
        <line num="298" count="10" type="stmt"/>
        <line num="301" count="17" type="stmt"/>
        <line num="302" count="17" type="stmt"/>
        <line num="303" count="17" type="stmt"/>
        <line num="304" count="17" type="stmt"/>
        <line num="305" count="17" type="stmt"/>
        <line num="306" count="17" type="stmt"/>
        <line num="310" count="0" type="stmt"/>
        <line num="311" count="0" type="stmt"/>
        <line num="312" count="0" type="stmt"/>
        <line num="321" count="10" type="stmt"/>
        <line num="322" count="10" type="stmt"/>
        <line num="330" count="10" type="stmt"/>
        <line num="340" count="10" type="stmt"/>
        <line num="341" count="10" type="stmt"/>
        <line num="342" count="10" type="stmt"/>
        <line num="343" count="10" type="stmt"/>
        <line num="345" count="10" type="stmt"/>
      </file>
      <file name="index.js" path="/Users/justincoulston/Desktop/affilaite-core-mono/packages/crawler/extractor/index.js">
        <metrics statements="0" coveredstatements="0" conditionals="0" coveredconditionals="0" methods="0" coveredmethods="0"/>
      </file>
    </package>
    <package name="helpers">
      <metrics statements="102" coveredstatements="98" conditionals="69" coveredconditionals="53" methods="29" coveredmethods="27"/>
      <file name="extractorHelpers.js" path="/Users/justincoulston/Desktop/affilaite-core-mono/packages/crawler/helpers/extractorHelpers.js">
        <metrics statements="50" coveredstatements="48" conditionals="36" coveredconditionals="26" methods="12" coveredmethods="12"/>
        <line num="16" count="46" type="cond" truecount="2" falsecount="0"/>
        <line num="17" count="45" type="stmt"/>
        <line num="18" count="60" type="stmt"/>
        <line num="19" count="60" type="cond" truecount="4" falsecount="0"/>
        <line num="20" count="21" type="stmt"/>
        <line num="21" count="21" type="stmt"/>
        <line num="22" count="21" type="cond" truecount="4" falsecount="0"/>
        <line num="23" count="10" type="stmt"/>
        <line num="24" count="10" type="stmt"/>
        <line num="28" count="11" type="stmt"/>
        <line num="35" count="11" type="stmt"/>
        <line num="39" count="24" type="stmt"/>
        <line num="51" count="24" type="stmt"/>
        <line num="55" count="788" type="cond" truecount="1" falsecount="1"/>
        <line num="56" count="788" type="stmt"/>
        <line num="57" count="788" type="stmt"/>
        <line num="58" count="788" type="stmt"/>
        <line num="60" count="0" type="stmt"/>
        <line num="65" count="396" type="cond" truecount="1" falsecount="1"/>
        <line num="66" count="396" type="stmt"/>
        <line num="67" count="396" type="cond" truecount="1" falsecount="1"/>
        <line num="74" count="788" type="stmt"/>
        <line num="75" count="788" type="stmt"/>
        <line num="76" count="158" type="stmt"/>
        <line num="77" count="788" type="stmt"/>
        <line num="78" count="1338" type="stmt"/>
        <line num="79" count="1338" type="stmt"/>
        <line num="80" count="1338" type="stmt"/>
        <line num="81" count="1338" type="stmt"/>
        <line num="83" count="788" type="cond" truecount="2" falsecount="0"/>
        <line num="91" count="158" type="cond" truecount="1" falsecount="1"/>
        <line num="92" count="158" type="stmt"/>
        <line num="96" count="396" type="stmt"/>
        <line num="97" count="396" type="cond" truecount="1" falsecount="1"/>
        <line num="98" count="396" type="stmt"/>
        <line num="99" count="396" type="stmt"/>
        <line num="106" count="158" type="cond" truecount="1" falsecount="1"/>
        <line num="107" count="158" type="cond" truecount="1" falsecount="1"/>
        <line num="108" count="158" type="cond" truecount="2" falsecount="0"/>
        <line num="109" count="158" type="cond" truecount="1" falsecount="1"/>
        <line num="110" count="158" type="cond" truecount="2" falsecount="0"/>
        <line num="111" count="158" type="cond" truecount="1" falsecount="1"/>
        <line num="112" count="158" type="stmt"/>
        <line num="116" count="32" type="stmt"/>
        <line num="117" count="32" type="stmt"/>
        <line num="119" count="32" type="stmt"/>
        <line num="120" count="1150" type="cond" truecount="1" falsecount="1"/>
        <line num="121" count="0" type="stmt"/>
        <line num="123" count="1150" type="stmt"/>
        <line num="127" count="32" type="stmt"/>
      </file>
      <file name="index.js" path="/Users/justincoulston/Desktop/affilaite-core-mono/packages/crawler/helpers/index.js">
        <metrics statements="0" coveredstatements="0" conditionals="0" coveredconditionals="0" methods="0" coveredmethods="0"/>
      </file>
      <file name="slackHelpers.js" path="/Users/justincoulston/Desktop/affilaite-core-mono/packages/crawler/helpers/slackHelpers.js">
        <metrics statements="25" coveredstatements="24" conditionals="18" coveredconditionals="15" methods="6" coveredmethods="5"/>
        <line num="7" count="2" type="stmt"/>
        <line num="8" count="2" type="stmt"/>
        <line num="9" count="2" type="stmt"/>
        <line num="11" count="2" type="stmt"/>
        <line num="12" count="2" type="cond" truecount="1" falsecount="1"/>
        <line num="13" count="2" type="cond" truecount="1" falsecount="1"/>
        <line num="19" count="0" type="stmt"/>
        <line num="22" count="2" type="cond" truecount="1" falsecount="1"/>
        <line num="25" count="2" type="stmt"/>
        <line num="32" count="4" type="stmt"/>
        <line num="33" count="4" type="stmt"/>
        <line num="34" count="4" type="cond" truecount="2" falsecount="0"/>
        <line num="35" count="4" type="cond" truecount="2" falsecount="0"/>
        <line num="36" count="4" type="cond" truecount="2" falsecount="0"/>
        <line num="42" count="4" type="stmt"/>
        <line num="44" count="4" type="cond" truecount="2" falsecount="0"/>
        <line num="45" count="1" type="stmt"/>
        <line num="47" count="3" type="cond" truecount="2" falsecount="0"/>
        <line num="48" count="2" type="stmt"/>
        <line num="51" count="2" type="stmt"/>
        <line num="54" count="3" type="cond" truecount="2" falsecount="0"/>
        <line num="55" count="2" type="stmt"/>
        <line num="58" count="2" type="stmt"/>
        <line num="62" count="4" type="stmt"/>
        <line num="65" count="5" type="stmt"/>
      </file>
      <file name="testingHelpers.js" path="/Users/justincoulston/Desktop/affilaite-core-mono/packages/crawler/helpers/testingHelpers.js">
        <metrics statements="27" coveredstatements="26" conditionals="15" coveredconditionals="12" methods="11" coveredmethods="10"/>
        <line num="7" count="1" type="stmt"/>
        <line num="8" count="1" type="stmt"/>
        <line num="10" count="1" type="stmt"/>
        <line num="19" count="1" type="stmt"/>
        <line num="20" count="1" type="stmt"/>
        <line num="24" count="1" type="stmt"/>
        <line num="25" count="1" type="stmt"/>
        <line num="26" count="1" type="stmt"/>
        <line num="34" count="1" type="stmt"/>
        <line num="38" count="0" type="cond" truecount="0" falsecount="2"/>
        <line num="42" count="82" type="stmt"/>
        <line num="43" count="82" type="cond" truecount="2" falsecount="0"/>
        <line num="45" count="81" type="stmt"/>
        <line num="46" count="81" type="cond" truecount="1" falsecount="1"/>
        <line num="47" count="81" type="stmt"/>
        <line num="48" count="81" type="cond" truecount="2" falsecount="0"/>
        <line num="49" count="1" type="stmt"/>
        <line num="51" count="80" type="stmt"/>
        <line num="58" count="1" type="stmt"/>
        <line num="60" count="1" type="stmt"/>
        <line num="62" count="223" type="stmt"/>
        <line num="64" count="223" type="cond" truecount="3" falsecount="0"/>
        <line num="70" count="223" type="cond" truecount="4" falsecount="0"/>
        <line num="71" count="1" type="stmt"/>
        <line num="72" count="1" type="stmt"/>
        <line num="75" count="222" type="stmt"/>
        <line num="78" count="1" type="stmt"/>
      </file>
    </package>
    <package name="integration">
      <metrics statements="0" coveredstatements="0" conditionals="0" coveredconditionals="0" methods="0" coveredmethods="0"/>
      <file name="setUpMocks.js" path="/Users/justincoulston/Desktop/affilaite-core-mono/packages/crawler/integration/setUpMocks.js">
        <metrics statements="0" coveredstatements="0" conditionals="0" coveredconditionals="0" methods="0" coveredmethods="0"/>
      </file>
    </package>
    <package name="mocks.page-mocks.test-mocks">
      <metrics statements="0" coveredstatements="0" conditionals="0" coveredconditionals="0" methods="0" coveredmethods="0"/>
      <file name="commonMockPdp.js" path="/Users/justincoulston/Desktop/affilaite-core-mono/packages/crawler/mocks/page-mocks/test-mocks/commonMockPdp.js">
        <metrics statements="0" coveredstatements="0" conditionals="0" coveredconditionals="0" methods="0" coveredmethods="0"/>
      </file>
      <file name="commonMockPlp.js" path="/Users/justincoulston/Desktop/affilaite-core-mono/packages/crawler/mocks/page-mocks/test-mocks/commonMockPlp.js">
        <metrics statements="0" coveredstatements="0" conditionals="0" coveredconditionals="0" methods="0" coveredmethods="0"/>
      </file>
      <file name="mockWithInvalidImagesPlp.js" path="/Users/justincoulston/Desktop/affilaite-core-mono/packages/crawler/mocks/page-mocks/test-mocks/mockWithInvalidImagesPlp.js">
        <metrics statements="0" coveredstatements="0" conditionals="0" coveredconditionals="0" methods="0" coveredmethods="0"/>
      </file>
      <file name="mockWithInvalidPricePlp.js" path="/Users/justincoulston/Desktop/affilaite-core-mono/packages/crawler/mocks/page-mocks/test-mocks/mockWithInvalidPricePlp.js">
        <metrics statements="0" coveredstatements="0" conditionals="0" coveredconditionals="0" methods="0" coveredmethods="0"/>
      </file>
    </package>
    <package name="mocks.response-mocks">
      <metrics statements="0" coveredstatements="0" conditionals="0" coveredconditionals="0" methods="0" coveredmethods="0"/>
      <file name="cycle-response-mock.js" path="/Users/justincoulston/Desktop/affilaite-core-mono/packages/crawler/mocks/response-mocks/cycle-response-mock.js">
        <metrics statements="0" coveredstatements="0" conditionals="0" coveredconditionals="0" methods="0" coveredmethods="0"/>
      </file>
      <file name="multiple-categories-mock.js" path="/Users/justincoulston/Desktop/affilaite-core-mono/packages/crawler/mocks/response-mocks/multiple-categories-mock.js">
        <metrics statements="0" coveredstatements="0" conditionals="0" coveredconditionals="0" methods="0" coveredmethods="0"/>
      </file>
    </package>
    <package name="mocks.schema-mocks.test-mocks">
      <metrics statements="4" coveredstatements="4" conditionals="0" coveredconditionals="0" methods="1" coveredmethods="1"/>
      <file name="commonSchema.js" path="/Users/justincoulston/Desktop/affilaite-core-mono/packages/crawler/mocks/schema-mocks/test-mocks/commonSchema.js">
        <metrics statements="1" coveredstatements="1" conditionals="0" coveredconditionals="0" methods="0" coveredmethods="0"/>
        <line num="1" count="3" type="stmt"/>
      </file>
      <file name="multipleSectionsSchema.js" path="/Users/justincoulston/Desktop/affilaite-core-mono/packages/crawler/mocks/schema-mocks/test-mocks/multipleSectionsSchema.js">
        <metrics statements="2" coveredstatements="2" conditionals="0" coveredconditionals="0" methods="1" coveredmethods="1"/>
        <line num="3" count="2" type="stmt"/>
        <line num="4" count="4" type="stmt"/>
      </file>
      <file name="multipleUrlSchema.js" path="/Users/justincoulston/Desktop/affilaite-core-mono/packages/crawler/mocks/schema-mocks/test-mocks/multipleUrlSchema.js">
        <metrics statements="1" coveredstatements="1" conditionals="0" coveredconditionals="0" methods="0" coveredmethods="0"/>
        <line num="1" count="1" type="stmt"/>
      </file>
    </package>
  </project>
</coverage>
