{"/Users/justincoulston/Desktop/affilaite-core-mono/packages/crawler/api/api.js": {"path":"/Users/justincoulston/Desktop/affilaite-core-mono/packages/crawler/api/api.js","statementMap":{"0":{"start":{"line":7,"column":2},"end":{"line":11,"column":3}},"1":{"start":{"line":8,"column":4},"end":{"line":8,"column":54}},"2":{"start":{"line":10,"column":4},"end":{"line":10,"column":59}}},"fnMap":{"0":{"name":"transmitLogsToSlack","decl":{"start":{"line":6,"column":22},"end":{"line":6,"column":41}},"loc":{"start":{"line":6,"column":48},"end":{"line":12,"column":1}},"line":6}},"branchMap":{},"s":{"0":0,"1":0,"2":0},"f":{"0":0},"b":{},"_coverageSchema":"43e27e138ebf9cfc5966b082cf9a028302ed4184","hash":"dd26a60bdfaeb134cf27ef3554c5fd9703b52b8e"}
,"/Users/justincoulston/Desktop/affilaite-core-mono/packages/crawler/api/index.js": {"path":"/Users/justincoulston/Desktop/affilaite-core-mono/packages/crawler/api/index.js","statementMap":{},"fnMap":{},"branchMap":{},"s":{},"f":{},"b":{},"_coverageSchema":"43e27e138ebf9cfc5966b082cf9a028302ed4184","hash":"c1551e60fe151106cf7ec0467f3217ca4c6001c2"}
,"/Users/justincoulston/Desktop/affilaite-core-mono/packages/crawler/batching/BatchPipe.js": {"path":"/Users/justincoulston/Desktop/affilaite-core-mono/packages/crawler/batching/BatchPipe.js","statementMap":{"0":{"start":{"line":9,"column":4},"end":{"line":9,"column":37}},"1":{"start":{"line":10,"column":4},"end":{"line":10,"column":39}},"2":{"start":{"line":11,"column":4},"end":{"line":11,"column":69}},"3":{"start":{"line":12,"column":4},"end":{"line":12,"column":18}},"4":{"start":{"line":13,"column":4},"end":{"line":13,"column":31}},"5":{"start":{"line":14,"column":4},"end":{"line":14,"column":32}},"6":{"start":{"line":15,"column":4},"end":{"line":15,"column":35}},"7":{"start":{"line":16,"column":4},"end":{"line":16,"column":34}},"8":{"start":{"line":17,"column":4},"end":{"line":17,"column":37}},"9":{"start":{"line":18,"column":4},"end":{"line":18,"column":37}},"10":{"start":{"line":19,"column":4},"end":{"line":19,"column":30}},"11":{"start":{"line":23,"column":4},"end":{"line":23,"column":31}},"12":{"start":{"line":27,"column":4},"end":{"line":27,"column":32}},"13":{"start":{"line":31,"column":4},"end":{"line":31,"column":28}},"14":{"start":{"line":32,"column":4},"end":{"line":32,"column":34}},"15":{"start":{"line":36,"column":4},"end":{"line":38,"column":5}},"16":{"start":{"line":37,"column":6},"end":{"line":37,"column":86}},"17":{"start":{"line":42,"column":4},"end":{"line":47,"column":7}},"18":{"start":{"line":51,"column":25},"end":{"line":51,"column":90}},"19":{"start":{"line":51,"column":58},"end":{"line":51,"column":89}},"20":{"start":{"line":52,"column":4},"end":{"line":52,"column":36}},"21":{"start":{"line":52,"column":29},"end":{"line":52,"column":36}},"22":{"start":{"line":54,"column":21},"end":{"line":54,"column":45}},"23":{"start":{"line":57,"column":4},"end":{"line":71,"column":5}},"24":{"start":{"line":59,"column":8},"end":{"line":59,"column":47}},"25":{"start":{"line":60,"column":8},"end":{"line":60,"column":14}},"26":{"start":{"line":63,"column":30},"end":{"line":65,"column":9}},"27":{"start":{"line":64,"column":28},"end":{"line":64,"column":61}},"28":{"start":{"line":67,"column":8},"end":{"line":67,"column":60}},"29":{"start":{"line":68,"column":8},"end":{"line":68,"column":47}},"30":{"start":{"line":69,"column":8},"end":{"line":69,"column":14}},"31":{"start":{"line":73,"column":4},"end":{"line":73,"column":72}},"32":{"start":{"line":73,"column":23},"end":{"line":73,"column":72}},"33":{"start":{"line":78,"column":4},"end":{"line":78,"column":39}},"34":{"start":{"line":82,"column":25},"end":{"line":82,"column":98}},"35":{"start":{"line":82,"column":66},"end":{"line":82,"column":97}},"36":{"start":{"line":83,"column":4},"end":{"line":83,"column":42}},"37":{"start":{"line":83,"column":29},"end":{"line":83,"column":42}},"38":{"start":{"line":85,"column":33},"end":{"line":85,"column":57}},"39":{"start":{"line":86,"column":29},"end":{"line":86,"column":69}},"40":{"start":{"line":87,"column":4},"end":{"line":87,"column":86}},"41":{"start":{"line":87,"column":51},"end":{"line":87,"column":84}},"42":{"start":{"line":94,"column":4},"end":{"line":94,"column":55}},"43":{"start":{"line":95,"column":46},"end":{"line":95,"column":54}},"44":{"start":{"line":96,"column":4},"end":{"line":100,"column":7}},"45":{"start":{"line":104,"column":28},"end":{"line":104,"column":53}},"46":{"start":{"line":105,"column":23},"end":{"line":105,"column":47}},"47":{"start":{"line":106,"column":27},"end":{"line":106,"column":55}},"48":{"start":{"line":107,"column":25},"end":{"line":107,"column":75}},"49":{"start":{"line":110,"column":4},"end":{"line":120,"column":5}},"50":{"start":{"line":111,"column":6},"end":{"line":111,"column":70}},"51":{"start":{"line":114,"column":6},"end":{"line":114,"column":63}},"52":{"start":{"line":115,"column":6},"end":{"line":115,"column":66}},"53":{"start":{"line":119,"column":6},"end":{"line":119,"column":65}},"54":{"start":{"line":124,"column":28},"end":{"line":126,"column":5}},"55":{"start":{"line":125,"column":27},"end":{"line":125,"column":74}},"56":{"start":{"line":128,"column":29},"end":{"line":130,"column":5}},"57":{"start":{"line":129,"column":23},"end":{"line":129,"column":68}},"58":{"start":{"line":132,"column":4},"end":{"line":141,"column":7}},"59":{"start":{"line":133,"column":41},"end":{"line":133,"column":56}},"60":{"start":{"line":140,"column":6},"end":{"line":140,"column":100}},"61":{"start":{"line":145,"column":4},"end":{"line":169,"column":7}},"62":{"start":{"line":146,"column":57},"end":{"line":146,"column":64}},"63":{"start":{"line":147,"column":6},"end":{"line":147,"column":42}},"64":{"start":{"line":149,"column":6},"end":{"line":168,"column":9}},"65":{"start":{"line":150,"column":63},"end":{"line":150,"column":71}},"66":{"start":{"line":151,"column":8},"end":{"line":151,"column":41}},"67":{"start":{"line":153,"column":8},"end":{"line":155,"column":9}},"68":{"start":{"line":154,"column":10},"end":{"line":154,"column":57}},"69":{"start":{"line":157,"column":8},"end":{"line":167,"column":11}},"70":{"start":{"line":158,"column":45},"end":{"line":158,"column":52}},"71":{"start":{"line":159,"column":33},"end":{"line":159,"column":45}},"72":{"start":{"line":160,"column":28},"end":{"line":160,"column":36}},"73":{"start":{"line":162,"column":10},"end":{"line":164,"column":11}},"74":{"start":{"line":163,"column":12},"end":{"line":163,"column":49}},"75":{"start":{"line":166,"column":10},"end":{"line":166,"column":37}},"76":{"start":{"line":173,"column":4},"end":{"line":173,"column":27}},"77":{"start":{"line":174,"column":4},"end":{"line":174,"column":41}},"78":{"start":{"line":176,"column":4},"end":{"line":183,"column":6}}},"fnMap":{"0":{"name":"(anonymous_0)","decl":{"start":{"line":8,"column":2},"end":{"line":8,"column":3}},"loc":{"start":{"line":8,"column":77},"end":{"line":20,"column":3}},"line":8},"1":{"name":"(anonymous_1)","decl":{"start":{"line":22,"column":2},"end":{"line":22,"column":3}},"loc":{"start":{"line":22,"column":26},"end":{"line":24,"column":3}},"line":22},"2":{"name":"(anonymous_2)","decl":{"start":{"line":26,"column":2},"end":{"line":26,"column":3}},"loc":{"start":{"line":26,"column":22},"end":{"line":28,"column":3}},"line":26},"3":{"name":"(anonymous_3)","decl":{"start":{"line":30,"column":2},"end":{"line":30,"column":3}},"loc":{"start":{"line":30,"column":24},"end":{"line":33,"column":3}},"line":30},"4":{"name":"(anonymous_4)","decl":{"start":{"line":35,"column":2},"end":{"line":35,"column":3}},"loc":{"start":{"line":35,"column":27},"end":{"line":39,"column":3}},"line":35},"5":{"name":"(anonymous_5)","decl":{"start":{"line":41,"column":2},"end":{"line":41,"column":3}},"loc":{"start":{"line":41,"column":29},"end":{"line":48,"column":3}},"line":41},"6":{"name":"(anonymous_6)","decl":{"start":{"line":50,"column":2},"end":{"line":50,"column":3}},"loc":{"start":{"line":50,"column":30},"end":{"line":74,"column":3}},"line":50},"7":{"name":"(anonymous_7)","decl":{"start":{"line":51,"column":41},"end":{"line":51,"column":42}},"loc":{"start":{"line":51,"column":58},"end":{"line":51,"column":89}},"line":51},"8":{"name":"(anonymous_8)","decl":{"start":{"line":64,"column":10},"end":{"line":64,"column":11}},"loc":{"start":{"line":64,"column":28},"end":{"line":64,"column":61}},"line":64},"9":{"name":"(anonymous_9)","decl":{"start":{"line":77,"column":2},"end":{"line":77,"column":3}},"loc":{"start":{"line":77,"column":20},"end":{"line":79,"column":3}},"line":77},"10":{"name":"(anonymous_10)","decl":{"start":{"line":81,"column":2},"end":{"line":81,"column":3}},"loc":{"start":{"line":81,"column":24},"end":{"line":88,"column":3}},"line":81},"11":{"name":"(anonymous_11)","decl":{"start":{"line":82,"column":49},"end":{"line":82,"column":50}},"loc":{"start":{"line":82,"column":66},"end":{"line":82,"column":97}},"line":82},"12":{"name":"(anonymous_12)","decl":{"start":{"line":87,"column":33},"end":{"line":87,"column":34}},"loc":{"start":{"line":87,"column":51},"end":{"line":87,"column":84}},"line":87},"13":{"name":"(anonymous_13)","decl":{"start":{"line":90,"column":2},"end":{"line":90,"column":3}},"loc":{"start":{"line":90,"column":37},"end":{"line":101,"column":3}},"line":90},"14":{"name":"(anonymous_14)","decl":{"start":{"line":103,"column":2},"end":{"line":103,"column":3}},"loc":{"start":{"line":103,"column":45},"end":{"line":121,"column":3}},"line":103},"15":{"name":"(anonymous_15)","decl":{"start":{"line":123,"column":2},"end":{"line":123,"column":3}},"loc":{"start":{"line":123,"column":40},"end":{"line":142,"column":3}},"line":123},"16":{"name":"(anonymous_16)","decl":{"start":{"line":125,"column":6},"end":{"line":125,"column":7}},"loc":{"start":{"line":125,"column":27},"end":{"line":125,"column":74}},"line":125},"17":{"name":"(anonymous_17)","decl":{"start":{"line":129,"column":6},"end":{"line":129,"column":7}},"loc":{"start":{"line":129,"column":23},"end":{"line":129,"column":68}},"line":129},"18":{"name":"(anonymous_18)","decl":{"start":{"line":132,"column":40},"end":{"line":132,"column":41}},"loc":{"start":{"line":132,"column":61},"end":{"line":141,"column":5}},"line":132},"19":{"name":"(anonymous_19)","decl":{"start":{"line":144,"column":2},"end":{"line":144,"column":3}},"loc":{"start":{"line":144,"column":34},"end":{"line":170,"column":3}},"line":144},"20":{"name":"(anonymous_20)","decl":{"start":{"line":145,"column":30},"end":{"line":145,"column":31}},"loc":{"start":{"line":145,"column":43},"end":{"line":169,"column":5}},"line":145},"21":{"name":"(anonymous_21)","decl":{"start":{"line":149,"column":25},"end":{"line":149,"column":26}},"loc":{"start":{"line":149,"column":39},"end":{"line":168,"column":7}},"line":149},"22":{"name":"(anonymous_22)","decl":{"start":{"line":157,"column":29},"end":{"line":157,"column":30}},"loc":{"start":{"line":157,"column":42},"end":{"line":167,"column":9}},"line":157},"23":{"name":"(anonymous_23)","decl":{"start":{"line":172,"column":2},"end":{"line":172,"column":3}},"loc":{"start":{"line":172,"column":17},"end":{"line":184,"column":3}},"line":172}},"branchMap":{"0":{"loc":{"start":{"line":36,"column":4},"end":{"line":38,"column":5}},"type":"if","locations":[{"start":{"line":36,"column":4},"end":{"line":38,"column":5}},{"start":{"line":36,"column":4},"end":{"line":38,"column":5}}],"line":36},"1":{"loc":{"start":{"line":52,"column":4},"end":{"line":52,"column":36}},"type":"if","locations":[{"start":{"line":52,"column":4},"end":{"line":52,"column":36}},{"start":{"line":52,"column":4},"end":{"line":52,"column":36}}],"line":52},"2":{"loc":{"start":{"line":57,"column":4},"end":{"line":71,"column":5}},"type":"switch","locations":[{"start":{"line":58,"column":6},"end":{"line":60,"column":14}},{"start":{"line":62,"column":6},"end":{"line":70,"column":7}}],"line":57},"3":{"loc":{"start":{"line":73,"column":4},"end":{"line":73,"column":72}},"type":"if","locations":[{"start":{"line":73,"column":4},"end":{"line":73,"column":72}},{"start":{"line":73,"column":4},"end":{"line":73,"column":72}}],"line":73},"4":{"loc":{"start":{"line":83,"column":4},"end":{"line":83,"column":42}},"type":"if","locations":[{"start":{"line":83,"column":4},"end":{"line":83,"column":42}},{"start":{"line":83,"column":4},"end":{"line":83,"column":42}}],"line":83},"5":{"loc":{"start":{"line":107,"column":25},"end":{"line":107,"column":75}},"type":"binary-expr","locations":[{"start":{"line":107,"column":25},"end":{"line":107,"column":70}},{"start":{"line":107,"column":74},"end":{"line":107,"column":75}}],"line":107},"6":{"loc":{"start":{"line":110,"column":4},"end":{"line":120,"column":5}},"type":"if","locations":[{"start":{"line":110,"column":4},"end":{"line":120,"column":5}},{"start":{"line":110,"column":4},"end":{"line":120,"column":5}}],"line":110},"7":{"loc":{"start":{"line":140,"column":13},"end":{"line":140,"column":99}},"type":"binary-expr","locations":[{"start":{"line":140,"column":14},"end":{"line":140,"column":40}},{"start":{"line":140,"column":44},"end":{"line":140,"column":70}},{"start":{"line":140,"column":75},"end":{"line":140,"column":99}}],"line":140},"8":{"loc":{"start":{"line":153,"column":8},"end":{"line":155,"column":9}},"type":"if","locations":[{"start":{"line":153,"column":8},"end":{"line":155,"column":9}},{"start":{"line":153,"column":8},"end":{"line":155,"column":9}}],"line":153},"9":{"loc":{"start":{"line":162,"column":10},"end":{"line":164,"column":11}},"type":"if","locations":[{"start":{"line":162,"column":10},"end":{"line":164,"column":11}},{"start":{"line":162,"column":10},"end":{"line":164,"column":11}}],"line":162}},"s":{"0":9,"1":9,"2":9,"3":9,"4":9,"5":9,"6":9,"7":9,"8":9,"9":9,"10":9,"11":24,"12":24,"13":67,"14":67,"15":67,"16":0,"17":4,"18":5,"19":16,"20":5,"21":1,"22":4,"23":4,"24":1,"25":1,"26":3,"27":3,"28":3,"29":3,"30":3,"31":4,"32":4,"33":9,"34":24,"35":49,"36":24,"37":1,"38":23,"39":23,"40":23,"41":23,"42":2,"43":2,"44":2,"45":4,"46":4,"47":4,"48":4,"49":4,"50":3,"51":3,"52":3,"53":1,"54":67,"55":113,"56":67,"57":67,"58":67,"59":140,"60":140,"61":9,"62":24,"63":24,"64":24,"65":24,"66":24,"67":24,"68":2,"69":22,"70":67,"71":67,"72":67,"73":67,"74":4,"75":67,"76":9,"77":9,"78":9},"f":{"0":9,"1":24,"2":24,"3":67,"4":67,"5":4,"6":5,"7":16,"8":3,"9":9,"10":24,"11":49,"12":23,"13":2,"14":4,"15":67,"16":113,"17":67,"18":140,"19":9,"20":24,"21":24,"22":67,"23":9},"b":{"0":[0,67],"1":[1,4],"2":[1,3],"3":[4,0],"4":[1,23],"5":[4,2],"6":[3,1],"7":[140,77,63],"8":[2,22],"9":[4,63]},"_coverageSchema":"43e27e138ebf9cfc5966b082cf9a028302ed4184","hash":"ab4f4da7e92c84bfec510a0d602458f26a718e1d"}
,"/Users/justincoulston/Desktop/affilaite-core-mono/packages/crawler/constants/constants.js": {"path":"/Users/justincoulston/Desktop/affilaite-core-mono/packages/crawler/constants/constants.js","statementMap":{"0":{"start":{"line":2,"column":0},"end":{"line":2,"column":16}},"1":{"start":{"line":4,"column":24},"end":{"line":4,"column":49}},"2":{"start":{"line":5,"column":22},"end":{"line":5,"column":40}},"3":{"start":{"line":6,"column":23},"end":{"line":6,"column":48}},"4":{"start":{"line":7,"column":23},"end":{"line":7,"column":42}},"5":{"start":{"line":8,"column":34},"end":{"line":8,"column":102}},"6":{"start":{"line":11,"column":39},"end":{"line":11,"column":83}},"7":{"start":{"line":12,"column":43},"end":{"line":12,"column":82}},"8":{"start":{"line":13,"column":44},"end":{"line":13,"column":84}},"9":{"start":{"line":14,"column":34},"end":{"line":16,"column":31}}},"fnMap":{},"branchMap":{"0":{"loc":{"start":{"line":14,"column":34},"end":{"line":16,"column":31}},"type":"cond-expr","locations":[{"start":{"line":15,"column":4},"end":{"line":15,"column":32}},{"start":{"line":16,"column":4},"end":{"line":16,"column":31}}],"line":14}},"s":{"0":11,"1":11,"2":11,"3":11,"4":11,"5":11,"6":11,"7":11,"8":11,"9":11},"f":{},"b":{"0":[0,11]},"_coverageSchema":"43e27e138ebf9cfc5966b082cf9a028302ed4184","hash":"875060f4594f72c463f262434e6cdbe25b50e2c6"}
,"/Users/justincoulston/Desktop/affilaite-core-mono/packages/crawler/constants/index.js": {"path":"/Users/justincoulston/Desktop/affilaite-core-mono/packages/crawler/constants/index.js","statementMap":{},"fnMap":{},"branchMap":{},"s":{},"f":{},"b":{},"_coverageSchema":"43e27e138ebf9cfc5966b082cf9a028302ed4184","hash":"88f9480816c3d389fe2c60c5066216f430eff963"}
,"/Users/justincoulston/Desktop/affilaite-core-mono/packages/crawler/constants/paths.js": {"path":"/Users/justincoulston/Desktop/affilaite-core-mono/packages/crawler/constants/paths.js","statementMap":{"0":{"start":{"line":1,"column":13},"end":{"line":1,"column":33}},"1":{"start":{"line":2,"column":24},"end":{"line":2,"column":66}},"2":{"start":{"line":3,"column":25},"end":{"line":3,"column":65}},"3":{"start":{"line":4,"column":27},"end":{"line":4,"column":75}},"4":{"start":{"line":5,"column":25},"end":{"line":5,"column":57}},"5":{"start":{"line":6,"column":21},"end":{"line":6,"column":45}}},"fnMap":{},"branchMap":{},"s":{"0":11,"1":11,"2":11,"3":11,"4":11,"5":11},"f":{},"b":{},"_coverageSchema":"43e27e138ebf9cfc5966b082cf9a028302ed4184","hash":"6be58babed75536f734e4f5309a7cd9098ea1aea"}
,"/Users/justincoulston/Desktop/affilaite-core-mono/packages/crawler/cycle/Cycle.js": {"path":"/Users/justincoulston/Desktop/affilaite-core-mono/packages/crawler/cycle/Cycle.js","statementMap":{"0":{"start":{"line":9,"column":4},"end":{"line":9,"column":41}},"1":{"start":{"line":10,"column":4},"end":{"line":10,"column":27}},"2":{"start":{"line":11,"column":4},"end":{"line":11,"column":25}},"3":{"start":{"line":12,"column":4},"end":{"line":12,"column":25}},"4":{"start":{"line":13,"column":4},"end":{"line":13,"column":37}},"5":{"start":{"line":14,"column":4},"end":{"line":14,"column":21}},"6":{"start":{"line":15,"column":4},"end":{"line":15,"column":23}},"7":{"start":{"line":16,"column":4},"end":{"line":16,"column":45}},"8":{"start":{"line":17,"column":4},"end":{"line":17,"column":29}},"9":{"start":{"line":21,"column":4},"end":{"line":21,"column":41}},"10":{"start":{"line":25,"column":4},"end":{"line":25,"column":29}},"11":{"start":{"line":29,"column":4},"end":{"line":29,"column":23}},"12":{"start":{"line":33,"column":4},"end":{"line":33,"column":25}},"13":{"start":{"line":37,"column":4},"end":{"line":37,"column":43}},"14":{"start":{"line":41,"column":4},"end":{"line":41,"column":43}},"15":{"start":{"line":45,"column":4},"end":{"line":45,"column":97}},"16":{"start":{"line":49,"column":35},"end":{"line":49,"column":70}},"17":{"start":{"line":50,"column":4},"end":{"line":50,"column":48}},"18":{"start":{"line":54,"column":4},"end":{"line":58,"column":5}},"19":{"start":{"line":55,"column":6},"end":{"line":55,"column":59}},"20":{"start":{"line":57,"column":6},"end":{"line":57,"column":43}},"21":{"start":{"line":62,"column":4},"end":{"line":62,"column":25}},"22":{"start":{"line":62,"column":18},"end":{"line":62,"column":25}},"23":{"start":{"line":63,"column":28},"end":{"line":65,"column":15}},"24":{"start":{"line":64,"column":37},"end":{"line":64,"column":74}},"25":{"start":{"line":67,"column":4},"end":{"line":67,"column":62}},"26":{"start":{"line":71,"column":28},"end":{"line":71,"column":57}},"27":{"start":{"line":72,"column":4},"end":{"line":74,"column":10}},"28":{"start":{"line":78,"column":4},"end":{"line":78,"column":56}},"29":{"start":{"line":82,"column":4},"end":{"line":82,"column":60}},"30":{"start":{"line":86,"column":4},"end":{"line":86,"column":27}},"31":{"start":{"line":90,"column":4},"end":{"line":90,"column":37}},"32":{"start":{"line":94,"column":4},"end":{"line":94,"column":23}},"33":{"start":{"line":95,"column":4},"end":{"line":95,"column":21}},"34":{"start":{"line":99,"column":4},"end":{"line":99,"column":41}},"35":{"start":{"line":103,"column":4},"end":{"line":103,"column":36}},"36":{"start":{"line":107,"column":4},"end":{"line":107,"column":32}},"37":{"start":{"line":111,"column":16},"end":{"line":111,"column":38}},"38":{"start":{"line":112,"column":4},"end":{"line":112,"column":28}},"39":{"start":{"line":116,"column":4},"end":{"line":116,"column":47}},"40":{"start":{"line":117,"column":4},"end":{"line":117,"column":72}},"41":{"start":{"line":117,"column":36},"end":{"line":117,"column":70}},"42":{"start":{"line":117,"column":53},"end":{"line":117,"column":62}},"43":{"start":{"line":121,"column":29},"end":{"line":121,"column":50}},"44":{"start":{"line":122,"column":4},"end":{"line":122,"column":73}},"45":{"start":{"line":126,"column":29},"end":{"line":126,"column":67}},"46":{"start":{"line":131,"column":28},"end":{"line":131,"column":54}},"47":{"start":{"line":140,"column":8},"end":{"line":140,"column":83}},"48":{"start":{"line":142,"column":4},"end":{"line":142,"column":41}},"49":{"start":{"line":143,"column":4},"end":{"line":143,"column":36}},"50":{"start":{"line":147,"column":4},"end":{"line":147,"column":45}},"51":{"start":{"line":148,"column":4},"end":{"line":148,"column":53}},"52":{"start":{"line":153,"column":4},"end":{"line":153,"column":44}},"53":{"start":{"line":154,"column":4},"end":{"line":154,"column":32}},"54":{"start":{"line":155,"column":4},"end":{"line":155,"column":93}},"55":{"start":{"line":157,"column":4},"end":{"line":172,"column":5}},"56":{"start":{"line":158,"column":26},"end":{"line":163,"column":7}},"57":{"start":{"line":164,"column":6},"end":{"line":164,"column":31}},"58":{"start":{"line":165,"column":6},"end":{"line":165,"column":42}},"59":{"start":{"line":166,"column":6},"end":{"line":166,"column":36}},"60":{"start":{"line":167,"column":6},"end":{"line":167,"column":34}},"61":{"start":{"line":168,"column":6},"end":{"line":168,"column":25}},"62":{"start":{"line":170,"column":6},"end":{"line":170,"column":27}},"63":{"start":{"line":171,"column":6},"end":{"line":171,"column":31}}},"fnMap":{"0":{"name":"(anonymous_0)","decl":{"start":{"line":8,"column":2},"end":{"line":8,"column":3}},"loc":{"start":{"line":8,"column":49},"end":{"line":18,"column":3}},"line":8},"1":{"name":"(anonymous_1)","decl":{"start":{"line":20,"column":2},"end":{"line":20,"column":3}},"loc":{"start":{"line":20,"column":24},"end":{"line":22,"column":3}},"line":20},"2":{"name":"(anonymous_2)","decl":{"start":{"line":24,"column":2},"end":{"line":24,"column":3}},"loc":{"start":{"line":24,"column":17},"end":{"line":26,"column":3}},"line":24},"3":{"name":"(anonymous_3)","decl":{"start":{"line":28,"column":2},"end":{"line":28,"column":3}},"loc":{"start":{"line":28,"column":22},"end":{"line":30,"column":3}},"line":28},"4":{"name":"(anonymous_4)","decl":{"start":{"line":32,"column":2},"end":{"line":32,"column":3}},"loc":{"start":{"line":32,"column":20},"end":{"line":34,"column":3}},"line":32},"5":{"name":"(anonymous_5)","decl":{"start":{"line":36,"column":2},"end":{"line":36,"column":3}},"loc":{"start":{"line":36,"column":38},"end":{"line":38,"column":3}},"line":36},"6":{"name":"(anonymous_6)","decl":{"start":{"line":40,"column":2},"end":{"line":40,"column":3}},"loc":{"start":{"line":40,"column":38},"end":{"line":42,"column":3}},"line":40},"7":{"name":"(anonymous_7)","decl":{"start":{"line":44,"column":2},"end":{"line":44,"column":3}},"loc":{"start":{"line":44,"column":53},"end":{"line":46,"column":3}},"line":44},"8":{"name":"(anonymous_8)","decl":{"start":{"line":48,"column":2},"end":{"line":48,"column":3}},"loc":{"start":{"line":48,"column":36},"end":{"line":51,"column":3}},"line":48},"9":{"name":"(anonymous_9)","decl":{"start":{"line":53,"column":2},"end":{"line":53,"column":3}},"loc":{"start":{"line":53,"column":37},"end":{"line":59,"column":3}},"line":53},"10":{"name":"(anonymous_10)","decl":{"start":{"line":61,"column":2},"end":{"line":61,"column":3}},"loc":{"start":{"line":61,"column":27},"end":{"line":68,"column":3}},"line":61},"11":{"name":"(anonymous_11)","decl":{"start":{"line":64,"column":23},"end":{"line":64,"column":24}},"loc":{"start":{"line":64,"column":37},"end":{"line":64,"column":74}},"line":64},"12":{"name":"(anonymous_12)","decl":{"start":{"line":70,"column":2},"end":{"line":70,"column":3}},"loc":{"start":{"line":70,"column":24},"end":{"line":75,"column":3}},"line":70},"13":{"name":"(anonymous_13)","decl":{"start":{"line":77,"column":2},"end":{"line":77,"column":3}},"loc":{"start":{"line":77,"column":24},"end":{"line":79,"column":3}},"line":77},"14":{"name":"(anonymous_14)","decl":{"start":{"line":81,"column":2},"end":{"line":81,"column":3}},"loc":{"start":{"line":81,"column":25},"end":{"line":83,"column":3}},"line":81},"15":{"name":"(anonymous_15)","decl":{"start":{"line":85,"column":2},"end":{"line":85,"column":3}},"loc":{"start":{"line":85,"column":22},"end":{"line":87,"column":3}},"line":85},"16":{"name":"(anonymous_16)","decl":{"start":{"line":89,"column":2},"end":{"line":89,"column":3}},"loc":{"start":{"line":89,"column":33},"end":{"line":91,"column":3}},"line":89},"17":{"name":"(anonymous_17)","decl":{"start":{"line":93,"column":2},"end":{"line":93,"column":3}},"loc":{"start":{"line":93,"column":27},"end":{"line":96,"column":3}},"line":93},"18":{"name":"(anonymous_18)","decl":{"start":{"line":98,"column":2},"end":{"line":98,"column":3}},"loc":{"start":{"line":98,"column":25},"end":{"line":100,"column":3}},"line":98},"19":{"name":"(anonymous_19)","decl":{"start":{"line":102,"column":2},"end":{"line":102,"column":3}},"loc":{"start":{"line":102,"column":24},"end":{"line":104,"column":3}},"line":102},"20":{"name":"(anonymous_20)","decl":{"start":{"line":106,"column":2},"end":{"line":106,"column":3}},"loc":{"start":{"line":106,"column":20},"end":{"line":108,"column":3}},"line":106},"21":{"name":"(anonymous_21)","decl":{"start":{"line":110,"column":2},"end":{"line":110,"column":3}},"loc":{"start":{"line":110,"column":32},"end":{"line":113,"column":3}},"line":110},"22":{"name":"(anonymous_22)","decl":{"start":{"line":115,"column":2},"end":{"line":115,"column":3}},"loc":{"start":{"line":115,"column":18},"end":{"line":118,"column":3}},"line":115},"23":{"name":"(anonymous_23)","decl":{"start":{"line":117,"column":23},"end":{"line":117,"column":24}},"loc":{"start":{"line":117,"column":36},"end":{"line":117,"column":70}},"line":117},"24":{"name":"(anonymous_24)","decl":{"start":{"line":117,"column":47},"end":{"line":117,"column":48}},"loc":{"start":{"line":117,"column":53},"end":{"line":117,"column":62}},"line":117},"25":{"name":"(anonymous_25)","decl":{"start":{"line":120,"column":2},"end":{"line":120,"column":3}},"loc":{"start":{"line":120,"column":15},"end":{"line":173,"column":3}},"line":120}},"branchMap":{"0":{"loc":{"start":{"line":8,"column":32},"end":{"line":8,"column":47}},"type":"default-arg","locations":[{"start":{"line":8,"column":43},"end":{"line":8,"column":47}}],"line":8},"1":{"loc":{"start":{"line":54,"column":4},"end":{"line":58,"column":5}},"type":"if","locations":[{"start":{"line":54,"column":4},"end":{"line":58,"column":5}},{"start":{"line":54,"column":4},"end":{"line":58,"column":5}}],"line":54},"2":{"loc":{"start":{"line":54,"column":8},"end":{"line":54,"column":49}},"type":"binary-expr","locations":[{"start":{"line":54,"column":8},"end":{"line":54,"column":23}},{"start":{"line":54,"column":27},"end":{"line":54,"column":49}}],"line":54},"3":{"loc":{"start":{"line":62,"column":4},"end":{"line":62,"column":25}},"type":"if","locations":[{"start":{"line":62,"column":4},"end":{"line":62,"column":25}},{"start":{"line":62,"column":4},"end":{"line":62,"column":25}}],"line":62},"4":{"loc":{"start":{"line":63,"column":28},"end":{"line":65,"column":15}},"type":"cond-expr","locations":[{"start":{"line":64,"column":8},"end":{"line":64,"column":75}},{"start":{"line":65,"column":8},"end":{"line":65,"column":15}}],"line":63},"5":{"loc":{"start":{"line":67,"column":11},"end":{"line":67,"column":61}},"type":"cond-expr","locations":[{"start":{"line":67,"column":36},"end":{"line":67,"column":51}},{"start":{"line":67,"column":54},"end":{"line":67,"column":61}}],"line":67},"6":{"loc":{"start":{"line":72,"column":11},"end":{"line":74,"column":9}},"type":"cond-expr","locations":[{"start":{"line":73,"column":8},"end":{"line":73,"column":27}},{"start":{"line":74,"column":8},"end":{"line":74,"column":9}}],"line":72},"7":{"loc":{"start":{"line":72,"column":11},"end":{"line":72,"column":97}},"type":"binary-expr","locations":[{"start":{"line":72,"column":12},"end":{"line":72,"column":27}},{"start":{"line":72,"column":31},"end":{"line":72,"column":52}},{"start":{"line":72,"column":57},"end":{"line":72,"column":97}}],"line":72},"8":{"loc":{"start":{"line":122,"column":28},"end":{"line":122,"column":71}},"type":"binary-expr","locations":[{"start":{"line":122,"column":28},"end":{"line":122,"column":44}},{"start":{"line":122,"column":48},"end":{"line":122,"column":71}}],"line":122},"9":{"loc":{"start":{"line":157,"column":4},"end":{"line":172,"column":5}},"type":"if","locations":[{"start":{"line":157,"column":4},"end":{"line":172,"column":5}},{"start":{"line":157,"column":4},"end":{"line":172,"column":5}}],"line":157}},"s":{"0":1,"1":1,"2":1,"3":1,"4":1,"5":1,"6":1,"7":1,"8":1,"9":0,"10":1,"11":1,"12":1,"13":10,"14":10,"15":10,"16":10,"17":10,"18":10,"19":7,"20":3,"21":10,"22":0,"23":10,"24":12,"25":10,"26":10,"27":10,"28":10,"29":10,"30":7,"31":6,"32":6,"33":6,"34":6,"35":10,"36":10,"37":0,"38":0,"39":0,"40":0,"41":0,"42":0,"43":10,"44":10,"45":10,"46":10,"47":10,"48":10,"49":10,"50":10,"51":10,"52":10,"53":10,"54":10,"55":10,"56":6,"57":6,"58":6,"59":6,"60":6,"61":6,"62":4,"63":4},"f":{"0":1,"1":0,"2":1,"3":1,"4":1,"5":10,"6":10,"7":10,"8":10,"9":10,"10":10,"11":12,"12":10,"13":10,"14":10,"15":7,"16":6,"17":6,"18":6,"19":10,"20":10,"21":0,"22":0,"23":0,"24":0,"25":10},"b":{"0":[1],"1":[7,3],"2":[10,10],"3":[0,10],"4":[3,7],"5":[8,2],"6":[3,7],"7":[10,7,3],"8":[10,10],"9":[6,4]},"_coverageSchema":"43e27e138ebf9cfc5966b082cf9a028302ed4184","hash":"42ddef6ab64b8ed0b9bb5b880928a448a47747a0"}
,"/Users/justincoulston/Desktop/affilaite-core-mono/packages/crawler/cycle/FullCycle.js": {"path":"/Users/justincoulston/Desktop/affilaite-core-mono/packages/crawler/cycle/FullCycle.js","statementMap":{"0":{"start":{"line":28,"column":4},"end":{"line":28,"column":25}},"1":{"start":{"line":29,"column":4},"end":{"line":29,"column":27}},"2":{"start":{"line":30,"column":4},"end":{"line":30,"column":37}},"3":{"start":{"line":31,"column":4},"end":{"line":31,"column":49}},"4":{"start":{"line":32,"column":4},"end":{"line":32,"column":19}},"5":{"start":{"line":33,"column":4},"end":{"line":33,"column":60}},"6":{"start":{"line":34,"column":4},"end":{"line":34,"column":43}},"7":{"start":{"line":35,"column":4},"end":{"line":35,"column":29}},"8":{"start":{"line":36,"column":4},"end":{"line":36,"column":37}},"9":{"start":{"line":37,"column":4},"end":{"line":37,"column":69}},"10":{"start":{"line":41,"column":4},"end":{"line":46,"column":5}},"11":{"start":{"line":42,"column":6},"end":{"line":42,"column":43}},"12":{"start":{"line":43,"column":6},"end":{"line":43,"column":36}},"13":{"start":{"line":44,"column":11},"end":{"line":46,"column":5}},"14":{"start":{"line":45,"column":6},"end":{"line":45,"column":28}},"15":{"start":{"line":50,"column":4},"end":{"line":52,"column":7}},"16":{"start":{"line":56,"column":4},"end":{"line":62,"column":5}},"17":{"start":{"line":57,"column":6},"end":{"line":61,"column":9}},"18":{"start":{"line":58,"column":8},"end":{"line":60,"column":11}},"19":{"start":{"line":59,"column":10},"end":{"line":59,"column":82}},"20":{"start":{"line":64,"column":4},"end":{"line":64,"column":20}},"21":{"start":{"line":68,"column":4},"end":{"line":75,"column":7}},"22":{"start":{"line":69,"column":6},"end":{"line":74,"column":8}},"23":{"start":{"line":79,"column":4},"end":{"line":79,"column":32}},"24":{"start":{"line":83,"column":4},"end":{"line":93,"column":5}},"25":{"start":{"line":84,"column":24},"end":{"line":84,"column":41}},"26":{"start":{"line":85,"column":20},"end":{"line":89,"column":8}},"27":{"start":{"line":90,"column":6},"end":{"line":90,"column":34}},"28":{"start":{"line":92,"column":6},"end":{"line":92,"column":53}},"29":{"start":{"line":97,"column":4},"end":{"line":97,"column":38}},"30":{"start":{"line":98,"column":4},"end":{"line":98,"column":68}},"31":{"start":{"line":99,"column":4},"end":{"line":99,"column":68}},"32":{"start":{"line":103,"column":4},"end":{"line":103,"column":53}},"33":{"start":{"line":104,"column":4},"end":{"line":109,"column":7}},"34":{"start":{"line":105,"column":6},"end":{"line":108,"column":9}},"35":{"start":{"line":106,"column":35},"end":{"line":106,"column":68}},"36":{"start":{"line":107,"column":8},"end":{"line":107,"column":97}},"37":{"start":{"line":111,"column":4},"end":{"line":111,"column":20}},"38":{"start":{"line":117,"column":4},"end":{"line":127,"column":7}},"39":{"start":{"line":118,"column":27},"end":{"line":118,"column":55}},"40":{"start":{"line":119,"column":6},"end":{"line":126,"column":7}},"41":{"start":{"line":120,"column":29},"end":{"line":120,"column":31}},"42":{"start":{"line":121,"column":8},"end":{"line":123,"column":10}},"43":{"start":{"line":122,"column":24},"end":{"line":122,"column":88}},"44":{"start":{"line":125,"column":8},"end":{"line":125,"column":60}},"45":{"start":{"line":129,"column":4},"end":{"line":129,"column":20}},"46":{"start":{"line":133,"column":4},"end":{"line":133,"column":38}},"47":{"start":{"line":133,"column":31},"end":{"line":133,"column":38}},"48":{"start":{"line":134,"column":4},"end":{"line":138,"column":5}},"49":{"start":{"line":135,"column":6},"end":{"line":135,"column":53}},"50":{"start":{"line":137,"column":6},"end":{"line":137,"column":65}},"51":{"start":{"line":142,"column":18},"end":{"line":142,"column":70}},"52":{"start":{"line":143,"column":4},"end":{"line":143,"column":30}},"53":{"start":{"line":147,"column":26},"end":{"line":149,"column":5}},"54":{"start":{"line":148,"column":38},"end":{"line":148,"column":92}},"55":{"start":{"line":150,"column":4},"end":{"line":150,"column":44}},"56":{"start":{"line":156,"column":4},"end":{"line":156,"column":60}},"57":{"start":{"line":157,"column":4},"end":{"line":157,"column":31}},"58":{"start":{"line":158,"column":25},"end":{"line":158,"column":54}},"59":{"start":{"line":160,"column":6},"end":{"line":160,"column":39}},"60":{"start":{"line":162,"column":4},"end":{"line":162,"column":30}},"61":{"start":{"line":163,"column":4},"end":{"line":165,"column":5}},"62":{"start":{"line":164,"column":6},"end":{"line":164,"column":64}},"63":{"start":{"line":167,"column":28},"end":{"line":167,"column":81}},"64":{"start":{"line":168,"column":4},"end":{"line":168,"column":91}},"65":{"start":{"line":168,"column":27},"end":{"line":168,"column":91}},"66":{"start":{"line":170,"column":4},"end":{"line":170,"column":51}},"67":{"start":{"line":171,"column":4},"end":{"line":171,"column":52}},"68":{"start":{"line":172,"column":4},"end":{"line":172,"column":64}},"69":{"start":{"line":174,"column":4},"end":{"line":181,"column":6}},"70":{"start":{"line":183,"column":4},"end":{"line":183,"column":67}},"71":{"start":{"line":183,"column":23},"end":{"line":183,"column":67}},"72":{"start":{"line":184,"column":4},"end":{"line":184,"column":54}},"73":{"start":{"line":186,"column":4},"end":{"line":186,"column":29}}},"fnMap":{"0":{"name":"(anonymous_0)","decl":{"start":{"line":18,"column":2},"end":{"line":18,"column":3}},"loc":{"start":{"line":27,"column":5},"end":{"line":38,"column":3}},"line":27},"1":{"name":"(anonymous_1)","decl":{"start":{"line":40,"column":2},"end":{"line":40,"column":3}},"loc":{"start":{"line":40,"column":26},"end":{"line":47,"column":3}},"line":40},"2":{"name":"(anonymous_2)","decl":{"start":{"line":49,"column":2},"end":{"line":49,"column":3}},"loc":{"start":{"line":49,"column":29},"end":{"line":53,"column":3}},"line":49},"3":{"name":"(anonymous_3)","decl":{"start":{"line":55,"column":2},"end":{"line":55,"column":3}},"loc":{"start":{"line":55,"column":41},"end":{"line":65,"column":3}},"line":55},"4":{"name":"(anonymous_4)","decl":{"start":{"line":57,"column":26},"end":{"line":57,"column":27}},"loc":{"start":{"line":57,"column":49},"end":{"line":61,"column":7}},"line":57},"5":{"name":"(anonymous_5)","decl":{"start":{"line":58,"column":21},"end":{"line":58,"column":22}},"loc":{"start":{"line":58,"column":72},"end":{"line":60,"column":9}},"line":58},"6":{"name":"(anonymous_6)","decl":{"start":{"line":67,"column":2},"end":{"line":67,"column":3}},"loc":{"start":{"line":67,"column":26},"end":{"line":76,"column":3}},"line":67},"7":{"name":"(anonymous_7)","decl":{"start":{"line":68,"column":26},"end":{"line":68,"column":27}},"loc":{"start":{"line":68,"column":40},"end":{"line":75,"column":5}},"line":68},"8":{"name":"(anonymous_8)","decl":{"start":{"line":78,"column":2},"end":{"line":78,"column":3}},"loc":{"start":{"line":78,"column":15},"end":{"line":80,"column":3}},"line":78},"9":{"name":"(anonymous_9)","decl":{"start":{"line":82,"column":2},"end":{"line":82,"column":3}},"loc":{"start":{"line":82,"column":39},"end":{"line":94,"column":3}},"line":82},"10":{"name":"(anonymous_10)","decl":{"start":{"line":96,"column":2},"end":{"line":96,"column":3}},"loc":{"start":{"line":96,"column":27},"end":{"line":100,"column":3}},"line":96},"11":{"name":"(anonymous_11)","decl":{"start":{"line":102,"column":2},"end":{"line":102,"column":3}},"loc":{"start":{"line":102,"column":32},"end":{"line":112,"column":3}},"line":102},"12":{"name":"(anonymous_12)","decl":{"start":{"line":104,"column":21},"end":{"line":104,"column":22}},"loc":{"start":{"line":104,"column":54},"end":{"line":109,"column":5}},"line":104},"13":{"name":"(anonymous_13)","decl":{"start":{"line":105,"column":22},"end":{"line":105,"column":23}},"loc":{"start":{"line":105,"column":55},"end":{"line":108,"column":7}},"line":105},"14":{"name":"(anonymous_14)","decl":{"start":{"line":116,"column":2},"end":{"line":116,"column":3}},"loc":{"start":{"line":116,"column":35},"end":{"line":130,"column":3}},"line":116},"15":{"name":"(anonymous_15)","decl":{"start":{"line":117,"column":21},"end":{"line":117,"column":22}},"loc":{"start":{"line":117,"column":63},"end":{"line":127,"column":5}},"line":117},"16":{"name":"(anonymous_16)","decl":{"start":{"line":122,"column":10},"end":{"line":122,"column":11}},"loc":{"start":{"line":122,"column":24},"end":{"line":122,"column":88}},"line":122},"17":{"name":"(anonymous_17)","decl":{"start":{"line":132,"column":2},"end":{"line":132,"column":3}},"loc":{"start":{"line":132,"column":36},"end":{"line":139,"column":3}},"line":132},"18":{"name":"(anonymous_18)","decl":{"start":{"line":141,"column":2},"end":{"line":141,"column":3}},"loc":{"start":{"line":141,"column":52},"end":{"line":144,"column":3}},"line":141},"19":{"name":"(anonymous_19)","decl":{"start":{"line":146,"column":2},"end":{"line":146,"column":3}},"loc":{"start":{"line":146,"column":27},"end":{"line":151,"column":3}},"line":146},"20":{"name":"(anonymous_20)","decl":{"start":{"line":148,"column":6},"end":{"line":148,"column":7}},"loc":{"start":{"line":148,"column":38},"end":{"line":148,"column":92}},"line":148},"21":{"name":"(anonymous_21)","decl":{"start":{"line":153,"column":2},"end":{"line":153,"column":3}},"loc":{"start":{"line":153,"column":24},"end":{"line":187,"column":3}},"line":153}},"branchMap":{"0":{"loc":{"start":{"line":22,"column":4},"end":{"line":22,"column":36}},"type":"default-arg","locations":[{"start":{"line":22,"column":35},"end":{"line":22,"column":36}}],"line":22},"1":{"loc":{"start":{"line":23,"column":4},"end":{"line":23,"column":22}},"type":"default-arg","locations":[{"start":{"line":23,"column":18},"end":{"line":23,"column":22}}],"line":23},"2":{"loc":{"start":{"line":24,"column":4},"end":{"line":24,"column":26}},"type":"default-arg","locations":[{"start":{"line":24,"column":22},"end":{"line":24,"column":26}}],"line":24},"3":{"loc":{"start":{"line":25,"column":4},"end":{"line":25,"column":19}},"type":"default-arg","locations":[{"start":{"line":25,"column":15},"end":{"line":25,"column":19}}],"line":25},"4":{"loc":{"start":{"line":26,"column":4},"end":{"line":26,"column":23}},"type":"default-arg","locations":[{"start":{"line":26,"column":19},"end":{"line":26,"column":23}}],"line":26},"5":{"loc":{"start":{"line":33,"column":17},"end":{"line":33,"column":59}},"type":"binary-expr","locations":[{"start":{"line":33,"column":18},"end":{"line":33,"column":29}},{"start":{"line":33,"column":33},"end":{"line":33,"column":50}},{"start":{"line":33,"column":55},"end":{"line":33,"column":59}}],"line":33},"6":{"loc":{"start":{"line":41,"column":4},"end":{"line":46,"column":5}},"type":"if","locations":[{"start":{"line":41,"column":4},"end":{"line":46,"column":5}},{"start":{"line":41,"column":4},"end":{"line":46,"column":5}}],"line":41},"7":{"loc":{"start":{"line":44,"column":11},"end":{"line":46,"column":5}},"type":"if","locations":[{"start":{"line":44,"column":11},"end":{"line":46,"column":5}},{"start":{"line":44,"column":11},"end":{"line":46,"column":5}}],"line":44},"8":{"loc":{"start":{"line":56,"column":4},"end":{"line":62,"column":5}},"type":"if","locations":[{"start":{"line":56,"column":4},"end":{"line":62,"column":5}},{"start":{"line":56,"column":4},"end":{"line":62,"column":5}}],"line":56},"9":{"loc":{"start":{"line":119,"column":6},"end":{"line":126,"column":7}},"type":"if","locations":[{"start":{"line":119,"column":6},"end":{"line":126,"column":7}},{"start":{"line":119,"column":6},"end":{"line":126,"column":7}}],"line":119},"10":{"loc":{"start":{"line":133,"column":4},"end":{"line":133,"column":38}},"type":"if","locations":[{"start":{"line":133,"column":4},"end":{"line":133,"column":38}},{"start":{"line":133,"column":4},"end":{"line":133,"column":38}}],"line":133},"11":{"loc":{"start":{"line":163,"column":4},"end":{"line":165,"column":5}},"type":"if","locations":[{"start":{"line":163,"column":4},"end":{"line":165,"column":5}},{"start":{"line":163,"column":4},"end":{"line":165,"column":5}}],"line":163},"12":{"loc":{"start":{"line":167,"column":28},"end":{"line":167,"column":81}},"type":"cond-expr","locations":[{"start":{"line":167,"column":44},"end":{"line":167,"column":70}},{"start":{"line":167,"column":73},"end":{"line":167,"column":81}}],"line":167},"13":{"loc":{"start":{"line":168,"column":4},"end":{"line":168,"column":91}},"type":"if","locations":[{"start":{"line":168,"column":4},"end":{"line":168,"column":91}},{"start":{"line":168,"column":4},"end":{"line":168,"column":91}}],"line":168},"14":{"loc":{"start":{"line":183,"column":4},"end":{"line":183,"column":67}},"type":"if","locations":[{"start":{"line":183,"column":4},"end":{"line":183,"column":67}},{"start":{"line":183,"column":4},"end":{"line":183,"column":67}}],"line":183}},"s":{"0":2,"1":2,"2":2,"3":2,"4":2,"5":2,"6":2,"7":2,"8":2,"9":2,"10":4,"11":2,"12":2,"13":2,"14":2,"15":0,"16":6,"17":6,"18":20,"19":24,"20":6,"21":2,"22":6,"23":1,"24":1,"25":1,"26":1,"27":1,"28":0,"29":1,"30":1,"31":1,"32":12,"33":12,"34":28,"35":32,"36":32,"37":12,"38":3,"39":10,"40":10,"41":2,"42":2,"43":8,"44":2,"45":3,"46":0,"47":0,"48":0,"49":0,"50":0,"51":0,"52":0,"53":2,"54":8,"55":2,"56":2,"57":2,"58":2,"59":2,"60":2,"61":2,"62":1,"63":2,"64":2,"65":2,"66":2,"67":2,"68":2,"69":2,"70":2,"71":1,"72":2,"73":2},"f":{"0":2,"1":4,"2":0,"3":6,"4":20,"5":24,"6":2,"7":6,"8":1,"9":1,"10":1,"11":12,"12":28,"13":32,"14":3,"15":10,"16":8,"17":0,"18":0,"19":2,"20":8,"21":2},"b":{"0":[2],"1":[1],"2":[2],"3":[2],"4":[2],"5":[2,1,1],"6":[2,2],"7":[2,0],"8":[6,0],"9":[2,8],"10":[0,0],"11":[1,1],"12":[1,1],"13":[2,0],"14":[1,1]},"_coverageSchema":"43e27e138ebf9cfc5966b082cf9a028302ed4184","hash":"dcfa41682b5381bd565c30bb66299d1a936f3bd2"}
,"/Users/justincoulston/Desktop/affilaite-core-mono/packages/crawler/evaluation/evaluation.js": {"path":"/Users/justincoulston/Desktop/affilaite-core-mono/packages/crawler/evaluation/evaluation.js","statementMap":{"0":{"start":{"line":13,"column":26},"end":{"line":13,"column":28}},"1":{"start":{"line":14,"column":19},"end":{"line":14,"column":21}},"2":{"start":{"line":15,"column":19},"end":{"line":24,"column":4}},"3":{"start":{"line":15,"column":30},"end":{"line":24,"column":3}},"4":{"start":{"line":27,"column":4},"end":{"line":27,"column":27}},"5":{"start":{"line":31,"column":4},"end":{"line":31,"column":33}},"6":{"start":{"line":35,"column":4},"end":{"line":35,"column":57}},"7":{"start":{"line":39,"column":4},"end":{"line":39,"column":61}},"8":{"start":{"line":43,"column":4},"end":{"line":43,"column":48}},"9":{"start":{"line":47,"column":4},"end":{"line":47,"column":44}},"10":{"start":{"line":47,"column":33},"end":{"line":47,"column":44}},"11":{"start":{"line":48,"column":4},"end":{"line":48,"column":55}},"12":{"start":{"line":52,"column":4},"end":{"line":52,"column":65}},"13":{"start":{"line":52,"column":48},"end":{"line":52,"column":63}},"14":{"start":{"line":60,"column":4},"end":{"line":68,"column":5}},"15":{"start":{"line":61,"column":6},"end":{"line":61,"column":43}},"16":{"start":{"line":63,"column":6},"end":{"line":67,"column":9}},"17":{"start":{"line":83,"column":8},"end":{"line":83,"column":15}},"18":{"start":{"line":84,"column":29},"end":{"line":84,"column":90}},"19":{"start":{"line":88,"column":23},"end":{"line":92,"column":5}},"20":{"start":{"line":94,"column":28},"end":{"line":97,"column":5}},"21":{"start":{"line":95,"column":6},"end":{"line":95,"column":24}},"22":{"start":{"line":96,"column":6},"end":{"line":96,"column":37}},"23":{"start":{"line":99,"column":28},"end":{"line":104,"column":5}},"24":{"start":{"line":100,"column":6},"end":{"line":100,"column":73}},"25":{"start":{"line":101,"column":6},"end":{"line":103,"column":7}},"26":{"start":{"line":102,"column":8},"end":{"line":102,"column":68}},"27":{"start":{"line":106,"column":33},"end":{"line":118,"column":5}},"28":{"start":{"line":107,"column":19},"end":{"line":107,"column":45}},"29":{"start":{"line":108,"column":6},"end":{"line":117,"column":7}},"30":{"start":{"line":109,"column":8},"end":{"line":109,"column":39}},"31":{"start":{"line":110,"column":8},"end":{"line":112,"column":9}},"32":{"start":{"line":111,"column":10},"end":{"line":111,"column":92}},"33":{"start":{"line":114,"column":8},"end":{"line":116,"column":9}},"34":{"start":{"line":115,"column":10},"end":{"line":115,"column":40}},"35":{"start":{"line":120,"column":26},"end":{"line":126,"column":5}},"36":{"start":{"line":121,"column":26},"end":{"line":121,"column":61}},"37":{"start":{"line":122,"column":6},"end":{"line":125,"column":8}},"38":{"start":{"line":128,"column":4},"end":{"line":128,"column":27}},"39":{"start":{"line":128,"column":15},"end":{"line":128,"column":27}},"40":{"start":{"line":129,"column":4},"end":{"line":146,"column":5}},"41":{"start":{"line":130,"column":6},"end":{"line":134,"column":7}},"42":{"start":{"line":131,"column":8},"end":{"line":131,"column":26}},"43":{"start":{"line":133,"column":8},"end":{"line":133,"column":31}},"44":{"start":{"line":135,"column":6},"end":{"line":137,"column":7}},"45":{"start":{"line":136,"column":8},"end":{"line":136,"column":24}},"46":{"start":{"line":138,"column":11},"end":{"line":146,"column":5}},"47":{"start":{"line":139,"column":6},"end":{"line":139,"column":47}},"48":{"start":{"line":140,"column":11},"end":{"line":146,"column":5}},"49":{"start":{"line":141,"column":6},"end":{"line":141,"column":52}},"50":{"start":{"line":142,"column":11},"end":{"line":146,"column":5}},"51":{"start":{"line":143,"column":6},"end":{"line":143,"column":40}},"52":{"start":{"line":144,"column":11},"end":{"line":146,"column":5}},"53":{"start":{"line":145,"column":6},"end":{"line":145,"column":64}},"54":{"start":{"line":147,"column":4},"end":{"line":149,"column":5}},"55":{"start":{"line":148,"column":6},"end":{"line":148,"column":33}},"56":{"start":{"line":151,"column":4},"end":{"line":151,"column":16}},"57":{"start":{"line":161,"column":4},"end":{"line":161,"column":38}},"58":{"start":{"line":162,"column":19},"end":{"line":162,"column":38}},"59":{"start":{"line":163,"column":18},"end":{"line":165,"column":68}},"60":{"start":{"line":167,"column":4},"end":{"line":173,"column":5}},"61":{"start":{"line":168,"column":6},"end":{"line":172,"column":9}},"62":{"start":{"line":175,"column":15},"end":{"line":175,"column":82}},"63":{"start":{"line":175,"column":35},"end":{"line":175,"column":81}},"64":{"start":{"line":177,"column":4},"end":{"line":177,"column":40}},"65":{"start":{"line":177,"column":25},"end":{"line":177,"column":40}},"66":{"start":{"line":178,"column":4},"end":{"line":188,"column":5}},"67":{"start":{"line":179,"column":6},"end":{"line":182,"column":8}},"68":{"start":{"line":183,"column":11},"end":{"line":188,"column":5}},"69":{"start":{"line":184,"column":6},"end":{"line":187,"column":8}},"70":{"start":{"line":189,"column":4},"end":{"line":189,"column":16}},"71":{"start":{"line":197,"column":4},"end":{"line":204,"column":7}},"72":{"start":{"line":198,"column":6},"end":{"line":198,"column":63}},"73":{"start":{"line":199,"column":40},"end":{"line":199,"column":51}},"74":{"start":{"line":200,"column":6},"end":{"line":203,"column":8}},"75":{"start":{"line":213,"column":4},"end":{"line":220,"column":7}},"76":{"start":{"line":214,"column":6},"end":{"line":214,"column":68}},"77":{"start":{"line":215,"column":39},"end":{"line":215,"column":53}},"78":{"start":{"line":216,"column":6},"end":{"line":219,"column":8}},"79":{"start":{"line":228,"column":30},"end":{"line":228,"column":52}},"80":{"start":{"line":229,"column":4},"end":{"line":229,"column":81}},"81":{"start":{"line":229,"column":69},"end":{"line":229,"column":81}},"82":{"start":{"line":230,"column":26},"end":{"line":230,"column":62}},"83":{"start":{"line":231,"column":22},"end":{"line":231,"column":71}},"84":{"start":{"line":232,"column":22},"end":{"line":232,"column":98}},"85":{"start":{"line":232,"column":48},"end":{"line":232,"column":97}},"86":{"start":{"line":233,"column":4},"end":{"line":235,"column":6}},"87":{"start":{"line":242,"column":4},"end":{"line":242,"column":27}},"88":{"start":{"line":242,"column":14},"end":{"line":242,"column":27}},"89":{"start":{"line":243,"column":4},"end":{"line":248,"column":5}},"90":{"start":{"line":244,"column":6},"end":{"line":244,"column":30}},"91":{"start":{"line":245,"column":6},"end":{"line":245,"column":87}},"92":{"start":{"line":247,"column":6},"end":{"line":247,"column":19}},"93":{"start":{"line":257,"column":4},"end":{"line":257,"column":27}},"94":{"start":{"line":257,"column":14},"end":{"line":257,"column":27}},"95":{"start":{"line":261,"column":4},"end":{"line":272,"column":5}},"96":{"start":{"line":262,"column":21},"end":{"line":262,"column":33}},"97":{"start":{"line":263,"column":20},"end":{"line":263,"column":33}},"98":{"start":{"line":264,"column":19},"end":{"line":264,"column":41}},"99":{"start":{"line":265,"column":6},"end":{"line":265,"column":51}},"100":{"start":{"line":266,"column":6},"end":{"line":266,"column":51}},"101":{"start":{"line":266,"column":24},"end":{"line":266,"column":51}},"102":{"start":{"line":270,"column":6},"end":{"line":270,"column":50}},"103":{"start":{"line":271,"column":6},"end":{"line":271,"column":50}},"104":{"start":{"line":271,"column":24},"end":{"line":271,"column":50}},"105":{"start":{"line":274,"column":4},"end":{"line":274,"column":23}},"106":{"start":{"line":284,"column":4},"end":{"line":284,"column":49}},"107":{"start":{"line":284,"column":36},"end":{"line":284,"column":49}},"108":{"start":{"line":287,"column":4},"end":{"line":300,"column":5}},"109":{"start":{"line":288,"column":26},"end":{"line":288,"column":93}},"110":{"start":{"line":288,"column":76},"end":{"line":288,"column":92}},"111":{"start":{"line":289,"column":6},"end":{"line":299,"column":7}},"112":{"start":{"line":290,"column":8},"end":{"line":296,"column":11}},"113":{"start":{"line":298,"column":8},"end":{"line":298,"column":21}},"114":{"start":{"line":303,"column":4},"end":{"line":322,"column":5}},"115":{"start":{"line":304,"column":23},"end":{"line":304,"column":47}},"116":{"start":{"line":305,"column":27},"end":{"line":305,"column":52}},"117":{"start":{"line":306,"column":31},"end":{"line":306,"column":95}},"118":{"start":{"line":307,"column":29},"end":{"line":307,"column":62}},"119":{"start":{"line":309,"column":6},"end":{"line":317,"column":7}},"120":{"start":{"line":310,"column":8},"end":{"line":316,"column":11}},"121":{"start":{"line":319,"column":6},"end":{"line":319,"column":28}},"122":{"start":{"line":321,"column":6},"end":{"line":321,"column":18}},"123":{"start":{"line":331,"column":24},"end":{"line":331,"column":83}},"124":{"start":{"line":332,"column":23},"end":{"line":332,"column":79}},"125":{"start":{"line":333,"column":21},"end":{"line":340,"column":10}},"126":{"start":{"line":334,"column":23},"end":{"line":334,"column":36}},"127":{"start":{"line":335,"column":6},"end":{"line":335,"column":28}},"128":{"start":{"line":336,"column":6},"end":{"line":339,"column":8}},"129":{"start":{"line":342,"column":17},"end":{"line":342,"column":46}},"130":{"start":{"line":343,"column":4},"end":{"line":348,"column":6}},"131":{"start":{"line":365,"column":4},"end":{"line":401,"column":5}},"132":{"start":{"line":366,"column":27},"end":{"line":366,"column":43}},"133":{"start":{"line":367,"column":23},"end":{"line":367,"column":41}},"134":{"start":{"line":369,"column":6},"end":{"line":375,"column":7}},"135":{"start":{"line":370,"column":8},"end":{"line":374,"column":11}},"136":{"start":{"line":377,"column":26},"end":{"line":383,"column":83}},"137":{"start":{"line":379,"column":10},"end":{"line":379,"column":53}},"138":{"start":{"line":380,"column":10},"end":{"line":380,"column":38}},"139":{"start":{"line":383,"column":29},"end":{"line":383,"column":82}},"140":{"start":{"line":385,"column":6},"end":{"line":389,"column":8}},"141":{"start":{"line":391,"column":6},"end":{"line":395,"column":9}},"142":{"start":{"line":397,"column":6},"end":{"line":400,"column":8}},"143":{"start":{"line":404,"column":2},"end":{"line":404,"column":32}},"144":{"start":{"line":414,"column":25},"end":{"line":414,"column":51}},"145":{"start":{"line":415,"column":30},"end":{"line":415,"column":76}},"146":{"start":{"line":416,"column":19},"end":{"line":416,"column":22}},"147":{"start":{"line":417,"column":26},"end":{"line":417,"column":56}},"148":{"start":{"line":418,"column":19},"end":{"line":418,"column":20}},"149":{"start":{"line":419,"column":21},"end":{"line":429,"column":3}},"150":{"start":{"line":420,"column":4},"end":{"line":420,"column":43}},"151":{"start":{"line":420,"column":36},"end":{"line":420,"column":43}},"152":{"start":{"line":421,"column":4},"end":{"line":428,"column":12}},"153":{"start":{"line":422,"column":6},"end":{"line":422,"column":29}},"154":{"start":{"line":423,"column":6},"end":{"line":423,"column":16}},"155":{"start":{"line":424,"column":6},"end":{"line":426,"column":7}},"156":{"start":{"line":425,"column":8},"end":{"line":425,"column":57}},"157":{"start":{"line":427,"column":6},"end":{"line":427,"column":26}},"158":{"start":{"line":431,"column":2},"end":{"line":431,"column":16}}},"fnMap":{"0":{"name":"pageEvaluations","decl":{"start":{"line":7,"column":24},"end":{"line":7,"column":39}},"loc":{"start":{"line":7,"column":48},"end":{"line":405,"column":1}},"line":7},"1":{"name":"(anonymous_1)","decl":{"start":{"line":15,"column":19},"end":{"line":15,"column":20}},"loc":{"start":{"line":15,"column":30},"end":{"line":24,"column":3}},"line":15},"2":{"name":"pushWarnings","decl":{"start":{"line":26,"column":11},"end":{"line":26,"column":23}},"loc":{"start":{"line":26,"column":33},"end":{"line":28,"column":3}},"line":26},"3":{"name":"arrayify","decl":{"start":{"line":30,"column":11},"end":{"line":30,"column":19}},"loc":{"start":{"line":30,"column":31},"end":{"line":32,"column":3}},"line":30},"4":{"name":"getNodes","decl":{"start":{"line":34,"column":11},"end":{"line":34,"column":19}},"loc":{"start":{"line":34,"column":30},"end":{"line":36,"column":3}},"line":34},"5":{"name":"detectSoldOut","decl":{"start":{"line":38,"column":11},"end":{"line":38,"column":24}},"loc":{"start":{"line":38,"column":50},"end":{"line":40,"column":3}},"line":38},"6":{"name":"getSingle","decl":{"start":{"line":42,"column":11},"end":{"line":42,"column":20}},"loc":{"start":{"line":42,"column":27},"end":{"line":44,"column":3}},"line":42},"7":{"name":"srcToHttp","decl":{"start":{"line":46,"column":11},"end":{"line":46,"column":20}},"loc":{"start":{"line":46,"column":26},"end":{"line":49,"column":3}},"line":46},"8":{"name":"hasUndefinedProps","decl":{"start":{"line":51,"column":11},"end":{"line":51,"column":28}},"loc":{"start":{"line":51,"column":38},"end":{"line":53,"column":3}},"line":51},"9":{"name":"(anonymous_9)","decl":{"start":{"line":52,"column":38},"end":{"line":52,"column":39}},"loc":{"start":{"line":52,"column":48},"end":{"line":52,"column":63}},"line":52},"10":{"name":"seekPropValue","decl":{"start":{"line":59,"column":11},"end":{"line":59,"column":24}},"loc":{"start":{"line":59,"column":31},"end":{"line":69,"column":3}},"line":59},"11":{"name":"extractFromElement","decl":{"start":{"line":76,"column":11},"end":{"line":76,"column":29}},"loc":{"start":{"line":76,"column":60},"end":{"line":152,"column":3}},"line":76},"12":{"name":"(anonymous_12)","decl":{"start":{"line":94,"column":28},"end":{"line":94,"column":29}},"loc":{"start":{"line":94,"column":41},"end":{"line":97,"column":5}},"line":94},"13":{"name":"(anonymous_13)","decl":{"start":{"line":99,"column":28},"end":{"line":99,"column":29}},"loc":{"start":{"line":99,"column":34},"end":{"line":104,"column":5}},"line":99},"14":{"name":"(anonymous_14)","decl":{"start":{"line":106,"column":33},"end":{"line":106,"column":34}},"loc":{"start":{"line":106,"column":39},"end":{"line":118,"column":5}},"line":106},"15":{"name":"(anonymous_15)","decl":{"start":{"line":120,"column":26},"end":{"line":120,"column":27}},"loc":{"start":{"line":120,"column":32},"end":{"line":126,"column":5}},"line":120},"16":{"name":"extractFromElements","decl":{"start":{"line":160,"column":11},"end":{"line":160,"column":30}},"loc":{"start":{"line":160,"column":70},"end":{"line":190,"column":3}},"line":160},"17":{"name":"(anonymous_17)","decl":{"start":{"line":175,"column":25},"end":{"line":175,"column":26}},"loc":{"start":{"line":175,"column":35},"end":{"line":175,"column":81}},"line":175},"18":{"name":"getDataFromVariants","decl":{"start":{"line":196,"column":11},"end":{"line":196,"column":30}},"loc":{"start":{"line":196,"column":41},"end":{"line":205,"column":3}},"line":196},"19":{"name":"(anonymous_19)","decl":{"start":{"line":197,"column":24},"end":{"line":197,"column":25}},"loc":{"start":{"line":197,"column":41},"end":{"line":204,"column":5}},"line":197},"20":{"name":"getDataFromCustomProps","decl":{"start":{"line":212,"column":11},"end":{"line":212,"column":33}},"loc":{"start":{"line":212,"column":46},"end":{"line":221,"column":3}},"line":212},"21":{"name":"(anonymous_21)","decl":{"start":{"line":213,"column":26},"end":{"line":213,"column":27}},"loc":{"start":{"line":213,"column":46},"end":{"line":220,"column":5}},"line":213},"22":{"name":"getProductTags","decl":{"start":{"line":227,"column":11},"end":{"line":227,"column":25}},"loc":{"start":{"line":227,"column":39},"end":{"line":236,"column":3}},"line":227},"23":{"name":"(anonymous_23)","decl":{"start":{"line":232,"column":39},"end":{"line":232,"column":40}},"loc":{"start":{"line":232,"column":48},"end":{"line":232,"column":97}},"line":232},"24":{"name":"isValidImageSrc","decl":{"start":{"line":241,"column":11},"end":{"line":241,"column":26}},"loc":{"start":{"line":241,"column":32},"end":{"line":249,"column":3}},"line":241},"25":{"name":"isDuplicateImg","decl":{"start":{"line":255,"column":11},"end":{"line":255,"column":25}},"loc":{"start":{"line":255,"column":55},"end":{"line":275,"column":3}},"line":255},"26":{"name":"catchInvalidPlpTiles","decl":{"start":{"line":283,"column":11},"end":{"line":283,"column":31}},"loc":{"start":{"line":283,"column":65},"end":{"line":323,"column":3}},"line":283},"27":{"name":"(anonymous_27)","decl":{"start":{"line":288,"column":65},"end":{"line":288,"column":66}},"loc":{"start":{"line":288,"column":76},"end":{"line":288,"column":92}},"line":288},"28":{"name":"getProductData","decl":{"start":{"line":330,"column":11},"end":{"line":330,"column":25}},"loc":{"start":{"line":330,"column":61},"end":{"line":349,"column":3}},"line":330},"29":{"name":"(anonymous_29)","decl":{"start":{"line":333,"column":50},"end":{"line":333,"column":51}},"loc":{"start":{"line":333,"column":66},"end":{"line":340,"column":5}},"line":333},"30":{"name":"getExtractData","decl":{"start":{"line":358,"column":11},"end":{"line":358,"column":25}},"loc":{"start":{"line":364,"column":5},"end":{"line":402,"column":3}},"line":364},"31":{"name":"(anonymous_31)","decl":{"start":{"line":378,"column":13},"end":{"line":378,"column":14}},"loc":{"start":{"line":378,"column":35},"end":{"line":381,"column":9}},"line":378},"32":{"name":"(anonymous_32)","decl":{"start":{"line":383,"column":16},"end":{"line":383,"column":17}},"loc":{"start":{"line":383,"column":29},"end":{"line":383,"column":82}},"line":383},"33":{"name":"scrollPageBeforeExtract","decl":{"start":{"line":413,"column":22},"end":{"line":413,"column":45}},"loc":{"start":{"line":413,"column":48},"end":{"line":432,"column":1}},"line":413},"34":{"name":"(anonymous_34)","decl":{"start":{"line":419,"column":21},"end":{"line":419,"column":22}},"loc":{"start":{"line":419,"column":34},"end":{"line":429,"column":3}},"line":419},"35":{"name":"(anonymous_35)","decl":{"start":{"line":421,"column":15},"end":{"line":421,"column":16}},"loc":{"start":{"line":421,"column":21},"end":{"line":428,"column":5}},"line":421}},"branchMap":{"0":{"loc":{"start":{"line":43,"column":11},"end":{"line":43,"column":47}},"type":"cond-expr","locations":[{"start":{"line":43,"column":33},"end":{"line":43,"column":40}},{"start":{"line":43,"column":43},"end":{"line":43,"column":47}}],"line":43},"1":{"loc":{"start":{"line":47,"column":4},"end":{"line":47,"column":44}},"type":"if","locations":[{"start":{"line":47,"column":4},"end":{"line":47,"column":44}},{"start":{"line":47,"column":4},"end":{"line":47,"column":44}}],"line":47},"2":{"loc":{"start":{"line":48,"column":11},"end":{"line":48,"column":54}},"type":"cond-expr","locations":[{"start":{"line":48,"column":34},"end":{"line":48,"column":48}},{"start":{"line":48,"column":51},"end":{"line":48,"column":54}}],"line":48},"3":{"loc":{"start":{"line":101,"column":6},"end":{"line":103,"column":7}},"type":"if","locations":[{"start":{"line":101,"column":6},"end":{"line":103,"column":7}},{"start":{"line":101,"column":6},"end":{"line":103,"column":7}}],"line":101},"4":{"loc":{"start":{"line":101,"column":10},"end":{"line":101,"column":33}},"type":"binary-expr","locations":[{"start":{"line":101,"column":10},"end":{"line":101,"column":15}},{"start":{"line":101,"column":19},"end":{"line":101,"column":33}}],"line":101},"5":{"loc":{"start":{"line":108,"column":6},"end":{"line":117,"column":7}},"type":"if","locations":[{"start":{"line":108,"column":6},"end":{"line":117,"column":7}},{"start":{"line":108,"column":6},"end":{"line":117,"column":7}}],"line":108},"6":{"loc":{"start":{"line":110,"column":8},"end":{"line":112,"column":9}},"type":"if","locations":[{"start":{"line":110,"column":8},"end":{"line":112,"column":9}},{"start":{"line":110,"column":8},"end":{"line":112,"column":9}}],"line":110},"7":{"loc":{"start":{"line":110,"column":12},"end":{"line":110,"column":35}},"type":"binary-expr","locations":[{"start":{"line":110,"column":12},"end":{"line":110,"column":17}},{"start":{"line":110,"column":21},"end":{"line":110,"column":35}}],"line":110},"8":{"loc":{"start":{"line":114,"column":8},"end":{"line":116,"column":9}},"type":"if","locations":[{"start":{"line":114,"column":8},"end":{"line":116,"column":9}},{"start":{"line":114,"column":8},"end":{"line":116,"column":9}}],"line":114},"9":{"loc":{"start":{"line":114,"column":12},"end":{"line":114,"column":59}},"type":"binary-expr","locations":[{"start":{"line":114,"column":13},"end":{"line":114,"column":27}},{"start":{"line":114,"column":31},"end":{"line":114,"column":50}},{"start":{"line":114,"column":55},"end":{"line":114,"column":59}}],"line":114},"10":{"loc":{"start":{"line":128,"column":4},"end":{"line":128,"column":27}},"type":"if","locations":[{"start":{"line":128,"column":4},"end":{"line":128,"column":27}},{"start":{"line":128,"column":4},"end":{"line":128,"column":27}}],"line":128},"11":{"loc":{"start":{"line":129,"column":4},"end":{"line":146,"column":5}},"type":"if","locations":[{"start":{"line":129,"column":4},"end":{"line":146,"column":5}},{"start":{"line":129,"column":4},"end":{"line":146,"column":5}}],"line":129},"12":{"loc":{"start":{"line":130,"column":6},"end":{"line":134,"column":7}},"type":"if","locations":[{"start":{"line":130,"column":6},"end":{"line":134,"column":7}},{"start":{"line":130,"column":6},"end":{"line":134,"column":7}}],"line":130},"13":{"loc":{"start":{"line":135,"column":6},"end":{"line":137,"column":7}},"type":"if","locations":[{"start":{"line":135,"column":6},"end":{"line":137,"column":7}},{"start":{"line":135,"column":6},"end":{"line":137,"column":7}}],"line":135},"14":{"loc":{"start":{"line":138,"column":11},"end":{"line":146,"column":5}},"type":"if","locations":[{"start":{"line":138,"column":11},"end":{"line":146,"column":5}},{"start":{"line":138,"column":11},"end":{"line":146,"column":5}}],"line":138},"15":{"loc":{"start":{"line":140,"column":11},"end":{"line":146,"column":5}},"type":"if","locations":[{"start":{"line":140,"column":11},"end":{"line":146,"column":5}},{"start":{"line":140,"column":11},"end":{"line":146,"column":5}}],"line":140},"16":{"loc":{"start":{"line":142,"column":11},"end":{"line":146,"column":5}},"type":"if","locations":[{"start":{"line":142,"column":11},"end":{"line":146,"column":5}},{"start":{"line":142,"column":11},"end":{"line":146,"column":5}}],"line":142},"17":{"loc":{"start":{"line":144,"column":11},"end":{"line":146,"column":5}},"type":"if","locations":[{"start":{"line":144,"column":11},"end":{"line":146,"column":5}},{"start":{"line":144,"column":11},"end":{"line":146,"column":5}}],"line":144},"18":{"loc":{"start":{"line":147,"column":4},"end":{"line":149,"column":5}},"type":"if","locations":[{"start":{"line":147,"column":4},"end":{"line":149,"column":5}},{"start":{"line":147,"column":4},"end":{"line":149,"column":5}}],"line":147},"19":{"loc":{"start":{"line":163,"column":18},"end":{"line":165,"column":68}},"type":"cond-expr","locations":[{"start":{"line":164,"column":8},"end":{"line":164,"column":33}},{"start":{"line":165,"column":8},"end":{"line":165,"column":68}}],"line":163},"20":{"loc":{"start":{"line":167,"column":4},"end":{"line":173,"column":5}},"type":"if","locations":[{"start":{"line":167,"column":4},"end":{"line":173,"column":5}},{"start":{"line":167,"column":4},"end":{"line":173,"column":5}}],"line":167},"21":{"loc":{"start":{"line":167,"column":8},"end":{"line":167,"column":39}},"type":"binary-expr","locations":[{"start":{"line":167,"column":8},"end":{"line":167,"column":21}},{"start":{"line":167,"column":25},"end":{"line":167,"column":39}}],"line":167},"22":{"loc":{"start":{"line":177,"column":4},"end":{"line":177,"column":40}},"type":"if","locations":[{"start":{"line":177,"column":4},"end":{"line":177,"column":40}},{"start":{"line":177,"column":4},"end":{"line":177,"column":40}}],"line":177},"23":{"loc":{"start":{"line":178,"column":4},"end":{"line":188,"column":5}},"type":"if","locations":[{"start":{"line":178,"column":4},"end":{"line":188,"column":5}},{"start":{"line":178,"column":4},"end":{"line":188,"column":5}}],"line":178},"24":{"loc":{"start":{"line":183,"column":11},"end":{"line":188,"column":5}},"type":"if","locations":[{"start":{"line":183,"column":11},"end":{"line":188,"column":5}},{"start":{"line":183,"column":11},"end":{"line":188,"column":5}}],"line":183},"25":{"loc":{"start":{"line":229,"column":4},"end":{"line":229,"column":81}},"type":"if","locations":[{"start":{"line":229,"column":4},"end":{"line":229,"column":81}},{"start":{"line":229,"column":4},"end":{"line":229,"column":81}}],"line":229},"26":{"loc":{"start":{"line":229,"column":8},"end":{"line":229,"column":67}},"type":"binary-expr","locations":[{"start":{"line":229,"column":8},"end":{"line":229,"column":26}},{"start":{"line":229,"column":30},"end":{"line":229,"column":67}}],"line":229},"27":{"loc":{"start":{"line":232,"column":48},"end":{"line":232,"column":97}},"type":"binary-expr","locations":[{"start":{"line":232,"column":48},"end":{"line":232,"column":51}},{"start":{"line":232,"column":55},"end":{"line":232,"column":69}},{"start":{"line":232,"column":73},"end":{"line":232,"column":97}}],"line":232},"28":{"loc":{"start":{"line":242,"column":4},"end":{"line":242,"column":27}},"type":"if","locations":[{"start":{"line":242,"column":4},"end":{"line":242,"column":27}},{"start":{"line":242,"column":4},"end":{"line":242,"column":27}}],"line":242},"29":{"loc":{"start":{"line":257,"column":4},"end":{"line":257,"column":27}},"type":"if","locations":[{"start":{"line":257,"column":4},"end":{"line":257,"column":27}},{"start":{"line":257,"column":4},"end":{"line":257,"column":27}}],"line":257},"30":{"loc":{"start":{"line":261,"column":4},"end":{"line":272,"column":5}},"type":"if","locations":[{"start":{"line":261,"column":4},"end":{"line":272,"column":5}},{"start":{"line":261,"column":4},"end":{"line":272,"column":5}}],"line":261},"31":{"loc":{"start":{"line":266,"column":6},"end":{"line":266,"column":51}},"type":"if","locations":[{"start":{"line":266,"column":6},"end":{"line":266,"column":51}},{"start":{"line":266,"column":6},"end":{"line":266,"column":51}}],"line":266},"32":{"loc":{"start":{"line":271,"column":6},"end":{"line":271,"column":50}},"type":"if","locations":[{"start":{"line":271,"column":6},"end":{"line":271,"column":50}},{"start":{"line":271,"column":6},"end":{"line":271,"column":50}}],"line":271},"33":{"loc":{"start":{"line":284,"column":4},"end":{"line":284,"column":49}},"type":"if","locations":[{"start":{"line":284,"column":4},"end":{"line":284,"column":49}},{"start":{"line":284,"column":4},"end":{"line":284,"column":49}}],"line":284},"34":{"loc":{"start":{"line":287,"column":4},"end":{"line":300,"column":5}},"type":"if","locations":[{"start":{"line":287,"column":4},"end":{"line":300,"column":5}},{"start":{"line":287,"column":4},"end":{"line":300,"column":5}}],"line":287},"35":{"loc":{"start":{"line":287,"column":8},"end":{"line":287,"column":54}},"type":"binary-expr","locations":[{"start":{"line":287,"column":8},"end":{"line":287,"column":15}},{"start":{"line":287,"column":20},"end":{"line":287,"column":36}},{"start":{"line":287,"column":40},"end":{"line":287,"column":53}}],"line":287},"36":{"loc":{"start":{"line":289,"column":6},"end":{"line":299,"column":7}},"type":"if","locations":[{"start":{"line":289,"column":6},"end":{"line":299,"column":7}},{"start":{"line":289,"column":6},"end":{"line":299,"column":7}}],"line":289},"37":{"loc":{"start":{"line":303,"column":4},"end":{"line":322,"column":5}},"type":"if","locations":[{"start":{"line":303,"column":4},"end":{"line":322,"column":5}},{"start":{"line":303,"column":4},"end":{"line":322,"column":5}}],"line":303},"38":{"loc":{"start":{"line":303,"column":8},"end":{"line":303,"column":32}},"type":"binary-expr","locations":[{"start":{"line":303,"column":8},"end":{"line":303,"column":15}},{"start":{"line":303,"column":19},"end":{"line":303,"column":32}}],"line":303},"39":{"loc":{"start":{"line":306,"column":31},"end":{"line":306,"column":95}},"type":"binary-expr","locations":[{"start":{"line":306,"column":31},"end":{"line":306,"column":43}},{"start":{"line":306,"column":47},"end":{"line":306,"column":95}}],"line":306},"40":{"loc":{"start":{"line":307,"column":29},"end":{"line":307,"column":62}},"type":"binary-expr","locations":[{"start":{"line":307,"column":29},"end":{"line":307,"column":41}},{"start":{"line":307,"column":45},"end":{"line":307,"column":62}}],"line":307},"41":{"loc":{"start":{"line":309,"column":6},"end":{"line":317,"column":7}},"type":"if","locations":[{"start":{"line":309,"column":6},"end":{"line":317,"column":7}},{"start":{"line":309,"column":6},"end":{"line":317,"column":7}}],"line":309},"42":{"loc":{"start":{"line":331,"column":24},"end":{"line":331,"column":83}},"type":"cond-expr","locations":[{"start":{"line":331,"column":35},"end":{"line":331,"column":78}},{"start":{"line":331,"column":81},"end":{"line":331,"column":83}}],"line":331},"43":{"loc":{"start":{"line":332,"column":23},"end":{"line":332,"column":79}},"type":"cond-expr","locations":[{"start":{"line":332,"column":32},"end":{"line":332,"column":74}},{"start":{"line":332,"column":77},"end":{"line":332,"column":79}}],"line":332},"44":{"loc":{"start":{"line":347,"column":10},"end":{"line":347,"column":26}},"type":"cond-expr","locations":[{"start":{"line":347,"column":17},"end":{"line":347,"column":21}},{"start":{"line":347,"column":24},"end":{"line":347,"column":26}}],"line":347},"45":{"loc":{"start":{"line":359,"column":4},"end":{"line":361,"column":5}},"type":"default-arg","locations":[{"start":{"line":359,"column":23},"end":{"line":361,"column":5}}],"line":359},"46":{"loc":{"start":{"line":369,"column":6},"end":{"line":375,"column":7}},"type":"if","locations":[{"start":{"line":369,"column":6},"end":{"line":375,"column":7}},{"start":{"line":369,"column":6},"end":{"line":375,"column":7}}],"line":369},"47":{"loc":{"start":{"line":415,"column":30},"end":{"line":415,"column":76}},"type":"cond-expr","locations":[{"start":{"line":415,"column":54},"end":{"line":415,"column":59}},{"start":{"line":415,"column":62},"end":{"line":415,"column":76}}],"line":415},"48":{"loc":{"start":{"line":420,"column":4},"end":{"line":420,"column":43}},"type":"if","locations":[{"start":{"line":420,"column":4},"end":{"line":420,"column":43}},{"start":{"line":420,"column":4},"end":{"line":420,"column":43}}],"line":420},"49":{"loc":{"start":{"line":424,"column":6},"end":{"line":426,"column":7}},"type":"if","locations":[{"start":{"line":424,"column":6},"end":{"line":426,"column":7}},{"start":{"line":424,"column":6},"end":{"line":426,"column":7}}],"line":424}},"s":{"0":180,"1":180,"2":180,"3":30,"4":30,"5":1758,"6":180,"7":546,"8":499,"9":1411,"10":0,"11":1411,"12":330,"13":334,"14":2826,"15":2826,"16":0,"17":3810,"18":3810,"19":3810,"20":3810,"21":0,"22":0,"23":3810,"24":1530,"25":1530,"26":0,"27":3810,"28":2280,"29":2280,"30":2280,"31":2280,"32":0,"33":2280,"34":1242,"35":3810,"36":546,"37":546,"38":3810,"39":0,"40":3810,"41":3810,"42":1530,"43":2280,"44":3810,"45":546,"46":0,"47":0,"48":0,"49":0,"50":0,"51":0,"52":0,"53":0,"54":3810,"55":0,"56":3810,"57":1578,"58":1578,"59":1578,"60":1578,"61":16,"62":1578,"63":3810,"64":1578,"65":858,"66":1578,"67":78,"68":1500,"69":0,"70":1578,"71":78,"72":156,"73":156,"74":156,"75":78,"76":78,"77":78,"78":78,"79":330,"80":330,"81":162,"82":168,"83":168,"84":168,"85":971,"86":168,"87":169,"88":0,"89":169,"90":169,"91":169,"92":0,"93":165,"94":0,"95":165,"96":72,"97":72,"98":72,"99":72,"100":72,"101":66,"102":93,"103":93,"104":92,"105":165,"106":330,"107":0,"108":330,"109":172,"110":264,"111":172,"112":3,"113":3,"114":327,"115":169,"116":169,"117":169,"118":169,"119":169,"120":11,"121":169,"122":158,"123":330,"124":330,"125":330,"126":1344,"127":1344,"128":1344,"129":330,"130":330,"131":180,"132":180,"133":180,"134":180,"135":0,"136":180,"137":330,"138":330,"139":330,"140":180,"141":0,"142":0,"143":180,"144":1,"145":1,"146":1,"147":1,"148":1,"149":1,"150":61,"151":1,"152":60,"153":60,"154":60,"155":60,"156":0,"157":60,"158":1},"f":{"0":180,"1":30,"2":30,"3":1758,"4":180,"5":546,"6":499,"7":1411,"8":330,"9":334,"10":2826,"11":3810,"12":0,"13":1530,"14":2280,"15":546,"16":1578,"17":3810,"18":78,"19":156,"20":78,"21":78,"22":330,"23":971,"24":169,"25":165,"26":330,"27":264,"28":330,"29":1344,"30":180,"31":330,"32":330,"33":1,"34":61,"35":60},"b":{"0":[89,410],"1":[0,1411],"2":[548,863],"3":[0,1530],"4":[1530,0],"5":[2280,0],"6":[0,2280],"7":[2280,0],"8":[1242,1038],"9":[2280,1498,1242],"10":[0,3810],"11":[3810,0],"12":[1530,2280],"13":[546,3264],"14":[0,0],"15":[0,0],"16":[0,0],"17":[0,0],"18":[0,3810],"19":[0,1578],"20":[16,1562],"21":[1578,16],"22":[858,720],"23":[78,1500],"24":[0,1500],"25":[162,168],"26":[330,168],"27":[971,971,962],"28":[0,169],"29":[0,165],"30":[72,93],"31":[66,6],"32":[92,1],"33":[0,330],"34":[172,158],"35":[330,330,250],"36":[3,169],"37":[169,158],"38":[327,327],"39":[169,165],"40":[169,165],"41":[11,158],"42":[78,252],"43":[78,252],"44":[168,162],"45":[158],"46":[0,180],"47":[1,0],"48":[1,60],"49":[0,60]},"_coverageSchema":"43e27e138ebf9cfc5966b082cf9a028302ed4184","hash":"b04def1a12decf688749db6666a6fa184c60c6b9"}
,"/Users/justincoulston/Desktop/affilaite-core-mono/packages/crawler/extractor/Extractor.js": {"path":"/Users/justincoulston/Desktop/affilaite-core-mono/packages/crawler/extractor/Extractor.js","statementMap":{"0":{"start":{"line":18,"column":4},"end":{"line":18,"column":17}},"1":{"start":{"line":19,"column":4},"end":{"line":19,"column":14}},"2":{"start":{"line":20,"column":4},"end":{"line":20,"column":16}},"3":{"start":{"line":21,"column":4},"end":{"line":21,"column":23}},"4":{"start":{"line":22,"column":4},"end":{"line":22,"column":33}},"5":{"start":{"line":23,"column":4},"end":{"line":23,"column":30}},"6":{"start":{"line":24,"column":4},"end":{"line":24,"column":27}},"7":{"start":{"line":25,"column":4},"end":{"line":25,"column":37}},"8":{"start":{"line":26,"column":4},"end":{"line":26,"column":49}},"9":{"start":{"line":27,"column":4},"end":{"line":27,"column":43}},"10":{"start":{"line":28,"column":4},"end":{"line":28,"column":36}},"11":{"start":{"line":29,"column":4},"end":{"line":29,"column":34}},"12":{"start":{"line":30,"column":4},"end":{"line":42,"column":6}},"13":{"start":{"line":50,"column":4},"end":{"line":58,"column":5}},"14":{"start":{"line":51,"column":26},"end":{"line":51,"column":56}},"15":{"start":{"line":52,"column":6},"end":{"line":52,"column":39}},"16":{"start":{"line":53,"column":6},"end":{"line":57,"column":9}},"17":{"start":{"line":65,"column":20},"end":{"line":70,"column":10}},"18":{"start":{"line":72,"column":4},"end":{"line":72,"column":67}},"19":{"start":{"line":73,"column":4},"end":{"line":76,"column":7}},"20":{"start":{"line":85,"column":24},"end":{"line":85,"column":61}},"21":{"start":{"line":85,"column":36},"end":{"line":85,"column":61}},"22":{"start":{"line":86,"column":33},"end":{"line":86,"column":77}},"23":{"start":{"line":86,"column":45},"end":{"line":86,"column":77}},"24":{"start":{"line":87,"column":4},"end":{"line":87,"column":64}},"25":{"start":{"line":96,"column":4},"end":{"line":96,"column":21}},"26":{"start":{"line":96,"column":14},"end":{"line":96,"column":21}},"27":{"start":{"line":97,"column":4},"end":{"line":97,"column":42}},"28":{"start":{"line":98,"column":4},"end":{"line":98,"column":56}},"29":{"start":{"line":98,"column":30},"end":{"line":98,"column":56}},"30":{"start":{"line":99,"column":4},"end":{"line":99,"column":78}},"31":{"start":{"line":99,"column":27},"end":{"line":99,"column":78}},"32":{"start":{"line":100,"column":4},"end":{"line":100,"column":58}},"33":{"start":{"line":100,"column":21},"end":{"line":100,"column":58}},"34":{"start":{"line":101,"column":4},"end":{"line":104,"column":5}},"35":{"start":{"line":102,"column":6},"end":{"line":102,"column":56}},"36":{"start":{"line":103,"column":6},"end":{"line":103,"column":60}},"37":{"start":{"line":105,"column":4},"end":{"line":105,"column":63}},"38":{"start":{"line":113,"column":24},"end":{"line":113,"column":39}},"39":{"start":{"line":116,"column":4},"end":{"line":120,"column":5}},"40":{"start":{"line":117,"column":6},"end":{"line":117,"column":91}},"41":{"start":{"line":119,"column":6},"end":{"line":119,"column":48}},"42":{"start":{"line":122,"column":4},"end":{"line":122,"column":34}},"43":{"start":{"line":122,"column":22},"end":{"line":122,"column":34}},"44":{"start":{"line":123,"column":53},"end":{"line":123,"column":64}},"45":{"start":{"line":124,"column":4},"end":{"line":128,"column":5}},"46":{"start":{"line":125,"column":6},"end":{"line":125,"column":73}},"47":{"start":{"line":127,"column":6},"end":{"line":
[...]
,"/Users/justincoulston/Desktop/affilaite-core-mono/packages/crawler/logger/Logger.js": {"path":"/Users/justincoulston/Desktop/affilaite-core-mono/packages/crawler/logger/Logger.js","statementMap":{"0":{"start":{"line":8,"column":21},"end":{"line":8,"column":29}},"1":{"start":{"line":9,"column":20},"end":{"line":9,"column":44}},"2":{"start":{"line":13,"column":4},"end":{"line":13,"column":39}},"3":{"start":{"line":14,"column":4},"end":{"line":20,"column":6}},"4":{"start":{"line":24,"column":19},"end":{"line":24,"column":66}},"5":{"start":{"line":25,"column":20},"end":{"line":27,"column":6}},"6":{"start":{"line":29,"column":4},"end":{"line":31,"column":6}},"7":{"start":{"line":30,"column":6},"end":{"line":30,"column":63}},"8":{"start":{"line":35,"column":4},"end":{"line":35,"column":80}},"9":{"start":{"line":35,"column":41},"end":{"line":35,"column":78}},"10":{"start":{"line":39,"column":4},"end":{"line":39,"column":64}},"11":{"start":{"line":40,"column":4},"end":{"line":40,"column":76}},"12":{"start":{"line":40,"column":18},"end":{"line":40,"column":76}},"13":{"start":{"line":44,"column":4},"end":{"line":47,"column":6}},"14":{"start":{"line":51,"column":4},"end":{"line":54,"column":5}},"15":{"start":{"line":52,"column":6},"end":{"line":52,"column":27}},"16":{"start":{"line":53,"column":6},"end":{"line":53,"column":32}},"17":{"start":{"line":58,"column":4},"end":{"line":60,"column":5}},"18":{"start":{"line":59,"column":6},"end":{"line":59,"column":64}},"19":{"start":{"line":64,"column":4},"end":{"line":64,"column":49}},"20":{"start":{"line":68,"column":37},"end":{"line":68,"column":53}},"21":{"start":{"line":69,"column":47},"end":{"line":69,"column":63}},"22":{"start":{"line":70,"column":24},"end":{"line":70,"column":69}},"23":{"start":{"line":71,"column":4},"end":{"line":71,"column":89}},"24":{"start":{"line":72,"column":4},"end":{"line":72,"column":36}},"25":{"start":{"line":76,"column":37},"end":{"line":76,"column":53}},"26":{"start":{"line":77,"column":47},"end":{"line":77,"column":63}},"27":{"start":{"line":78,"column":24},"end":{"line":78,"column":69}},"28":{"start":{"line":79,"column":4},"end":{"line":81,"column":5}},"29":{"start":{"line":80,"column":6},"end":{"line":80,"column":62}},"30":{"start":{"line":83,"column":4},"end":{"line":83,"column":46}},"31":{"start":{"line":87,"column":37},"end":{"line":87,"column":53}},"32":{"start":{"line":88,"column":4},"end":{"line":90,"column":5}},"33":{"start":{"line":89,"column":6},"end":{"line":89,"column":48}},"34":{"start":{"line":94,"column":37},"end":{"line":94,"column":53}},"35":{"start":{"line":95,"column":4},"end":{"line":95,"column":46}}},"fnMap":{"0":{"name":"(anonymous_0)","decl":{"start":{"line":12,"column":2},"end":{"line":12,"column":3}},"loc":{"start":{"line":12,"column":60},"end":{"line":21,"column":3}},"line":12},"1":{"name":"(anonymous_1)","decl":{"start":{"line":23,"column":2},"end":{"line":23,"column":3}},"loc":{"start":{"line":23,"column":42},"end":{"line":32,"column":3}},"line":23},"2":{"name":"(anonymous_2)","decl":{"start":{"line":29,"column":30},"end":{"line":29,"column":31}},"loc":{"start":{"line":29,"column":42},"end":{"line":31,"column":5}},"line":29},"3":{"name":"(anonymous_3)","decl":{"start":{"line":34,"column":2},"end":{"line":34,"column":3}},"loc":{"start":{"line":34,"column":21},"end":{"line":36,"column":3}},"line":34},"4":{"name":"(anonymous_4)","decl":{"start":{"line":35,"column":35},"end":{"line":35,"column":36}},"loc":{"start":{"line":35,"column":41},"end":{"line":35,"column":78}},"line":35},"5":{"name":"(anonymous_5)","decl":{"start":{"line":38,"column":2},"end":{"line":38,"column":3}},"loc":{"start":{"line":38,"column":45},"end":{"line":41,"column":3}},"line":38},"6":{"name":"(anonymous_6)","decl":{"start":{"line":43,"column":2},"end":{"line":43,"column":3}},"loc":{"start":{"line":43,"column":24},"end":{"line":48,"column":3}},"line":43},"7":{"name":"(anonymous_7)","decl":{"start":{"line":50,"column":2},"end":{"line":50,"column":3}},"loc":{"start":{"line":50,"column":18},"end":{"line":55,"column":3}},"line":50},"8":{"name":"(anonymous_8)","decl":{"start":{"line":57,"column":2},"end":{"line":57,"column":3}},"loc":{"start":{"line":57,"column":23},"end":{"line":61,"column":3}},"line":57},"9":{"name":"(anonymous_9)","decl":{"start":{"line":63,"column":2},"end":{"line":63,"column":3}},"loc":{"start":{"line":63,"column":18},"end":{"line":65,"column":3}},"line":63},"10":{"name":"(anonymous_10)","decl":{"start":{"line":67,"column":2},"end":{"line":67,"column":3}},"loc":{"start":{"line":67,"column":17},"end":{"line":73,"column":3}},"line":67},"11":{"name":"(anonymous_11)","decl":{"start":{"line":75,"column":2},"end":{"line":75,"column":3}},"loc":{"start":{"line":75,"column":30},"end":{"line":84,"column":3}},"line":75},"12":{"name":"(anonymous_12)","decl":{"start":{"line":86,"column":2},"end":{"line":86,"column":3}},"loc":{"start":{"line":86,"column":19},"end":{"line":91,"column":3}},"line":86},"13":{"name":"(anonymous_13)","decl":{"start":{"line":93,"column":2},"end":{"line":93,"column":3}},"loc":{"start":{"line":93,"column":15},"end":{"line":96,"column":3}},"line":93}},"branchMap":{"0":{"loc":{"start":{"line":15,"column":11},"end":{"line":15,"column":22}},"type":"binary-expr","locations":[{"start":{"line":15,"column":11},"end":{"line":15,"column":14}},{"start":{"line":15,"column":18},"end":{"line":15,"column":22}}],"line":15},"1":{"loc":{"start":{"line":16,"column":14},"end":{"line":16,"column":28}},"type":"binary-expr","locations":[{"start":{"line":16,"column":14},"end":{"line":16,"column":20}},{"start":{"line":16,"column":24},"end":{"line":16,"column":28}}],"line":16},"2":{"loc":{"start":{"line":17,"column":15},"end":{"line":17,"column":30}},"type":"binary-expr","locations":[{"start":{"line":17,"column":15},"end":{"line":17,"column":22}},{"start":{"line":17,"column":26},"end":{"line":17,"column":30}}],"line":17},"3":{"loc":{"start":{"line":18,"column":16},"end":{"line":18,"column":32}},"type":"binary-expr","locations":[{"start":{"line":18,"column":16},"end":{"line":18,"column":24}},{"start":{"line":18,"column":28},"end":{"line":18,"column":32}}],"line":18},"4":{"loc":{"start":{"line":19,"column":16},"end":{"line":19,"column":32}},"type":"binary-expr","locations":[{"start":{"line":19,"column":16},"end":{"line":19,"column":24}},{"start":{"line":19,"column":28},"end":{"line":19,"column":32}}],"line":19},"5":{"loc":{"start":{"line":24,"column":19},"end":{"line":24,"column":66}},"type":"binary-expr","locations":[{"start":{"line":24,"column":19},"end":{"line":24,"column":34}},{"start":{"line":24,"column":38},"end":{"line":24,"column":66}}],"line":24},"6":{"loc":{"start":{"line":39,"column":16},"end":{"line":39,"column":62}},"type":"cond-expr","locations":[{"start":{"line":39,"column":31},"end":{"line":39,"column":52}},{"start":{"line":39,"column":55},"end":{"line":39,"column":62}}],"line":39},"7":{"loc":{"start":{"line":40,"column":4},"end":{"line":40,"column":76}},"type":"if","locations":[{"start":{"line":40,"column":4},"end":{"line":40,"column":76}},{"start":{"line":40,"column":4},"end":{"line":40,"column":76}}],"line":40},"8":{"loc":{"start":{"line":51,"column":4},"end":{"line":54,"column":5}},"type":"if","locations":[{"start":{"line":51,"column":4},"end":{"line":54,"column":5}},{"start":{"line":51,"column":4},"end":{"line":54,"column":5}}],"line":51},"9":{"loc":{"start":{"line":58,"column":4},"end":{"line":60,"column":5}},"type":"if","locations":[{"start":{"line":58,"column":4},"end":{"line":60,"column":5}},{"start":{"line":58,"column":4},"end":{"line":60,"column":5}}],"line":58},"10":{"loc":{"start":{"line":68,"column":12},"end":{"line":68,"column":32}},"type":"default-arg","locations":[{"start":{"line":68,"column":23},"end":{"line":68,"column":32}}],"line":68},"11":{"loc":{"start":{"line":76,"column":12},"end":{"line":76,"column":32}},"type":"default-arg","locations":[{"start":{"line":76,"column":23},"end":{"line":76,"column":32}}],"line":76},"12":{"loc":{"start":{"line":79,"column":4},"end":{"line":81,"column":5}},"type":"if","locations":[{"start":{"line":79,"column":4},"end":{"line":81,"column":5}},{"start":{"line":79,"column":4},"end":{"line":81,"column":5}}],"line":79},"13":{"loc":{"start":{"line":87,"column":12},"end":{"line":87,"column":32}},"type":"default-arg","locations":[{"start":{"line":87,"column":23},"end":{"line":87,"column":32}}],"line":87},"14":{"loc":{"start":{"line":88,"column":4},"end":{"line":90,"column":5}},"type":"if","locations":[{"start":{"line":88,"column":4},"end":{"line":90,"column":5}},{"start":{"line":88,"column":4},"end":{"line":90,"column":5}}],"line":88},"15":{"loc":{"start":{"line":94,"column":12},"end":{"line":94,"column":32}},"type":"default-arg","locations":[{"start":{"line":94,"column":23},"end":{"line":94,"column":32}}],"line":94}},"s":{"0":5,"1":5,"2":10,"3":10,"4":0,"5":0,"6":0,"7":0,"8":10,"9":60,"10":0,"11":0,"12":0,"13":17,"14":194,"15":0,"16":0,"17":0,"18":0,"19":0,"20":0,"21":0,"22":0,"23":0,"24":0,"25":180,"26":180,"27":180,"28":180,"29":14,"30":180,"31":20,"32":20,"33":0,"34":0,"35":0},"f":{"0":10,"1":0,"2":0,"3":10,"4":60,"5":0,"6":17,"7":194,"8":0,"9":0,"10":0,"11":180,"12":20,"13":0},"b":{"0":[10,10],"1":[10,10],"2":[10,10],"3":[10,10],"4":[10,0],"5":[0,0],"6":[0,0],"7":[0,0],"8":[0,194],"9":[0,0],"10":[0],"11":[0],"12":[14,166],"13":[0],"14":[0,20],"15":[0]},"_coverageSchema":"43e27e138ebf9cfc5966b082cf9a028302ed4184","hash":"d4223c5780fb41f667ae3a90d9483187f78f84cf"}
,"/Users/justincoulston/Desktop/affilaite-core-mono/packages/crawler/logger/logTypes.js": {"path":"/Users/justincoulston/Desktop/affilaite-core-mono/packages/crawler/logger/logTypes.js","statementMap":{"0":{"start":{"line":3,"column":13},"end":{"line":46,"column":1}},"1":{"start":{"line":24,"column":85},"end":{"line":30,"column":3}},"2":{"start":{"line":33,"column":4},"end":{"line":33,"column":288}},"3":{"start":{"line":36,"column":4},"end":{"line":36,"column":79}},"4":{"start":{"line":38,"column":34},"end":{"line":43,"column":3}},"5":{"start":{"line":45,"column":41},"end":{"line":45,"column":77}},"6":{"start":{"line":48,"column":25},"end":{"line":82,"column":1}},"7":{"start":{"line":49,"column":32},"end":{"line":49,"column":77}},"8":{"start":{"line":50,"column":35},"end":{"line":50,"column":95}},"9":{"start":{"line":51,"column":22},"end":{"line":51,"column":97}},"10":{"start":{"line":51,"column":51},"end":{"line":51,"column":82}},"11":{"start":{"line":52,"column":29},"end":{"line":52,"column":70}},"12":{"start":{"line":53,"column":36},"end":{"line":53,"column":88}},"13":{"start":{"line":54,"column":37},"end":{"line":54,"column":91}},"14":{"start":{"line":56,"column":4},"end":{"line":56,"column":68}},"15":{"start":{"line":57,"column":20},"end":{"line":57,"column":81}},"16":{"start":{"line":58,"column":79},"end":{"line":81,"column":3}},"17":{"start":{"line":64,"column":23},"end":{"line":64,"column":89}},"18":{"start":{"line":71,"column":23},"end":{"line":71,"column":89}},"19":{"start":{"line":78,"column":23},"end":{"line":78,"column":75}}},"fnMap":{"0":{"name":"(anonymous_0)","decl":{"start":{"line":24,"column":22},"end":{"line":24,"column":23}},"loc":{"start":{"line":24,"column":85},"end":{"line":30,"column":3}},"line":24},"1":{"name":"(anonymous_1)","decl":{"start":{"line":32,"column":25},"end":{"line":32,"column":26}},"loc":{"start":{"line":33,"column":4},"end":{"line":33,"column":288}},"line":33},"2":{"name":"(anonymous_2)","decl":{"start":{"line":35,"column":27},"end":{"line":35,"column":28}},"loc":{"start":{"line":36,"column":4},"end":{"line":36,"column":79}},"line":36},"3":{"name":"(anonymous_3)","decl":{"start":{"line":38,"column":21},"end":{"line":38,"column":22}},"loc":{"start":{"line":38,"column":34},"end":{"line":43,"column":3}},"line":38},"4":{"name":"(anonymous_4)","decl":{"start":{"line":45,"column":25},"end":{"line":45,"column":26}},"loc":{"start":{"line":45,"column":41},"end":{"line":45,"column":77}},"line":45},"5":{"name":"(anonymous_5)","decl":{"start":{"line":49,"column":25},"end":{"line":49,"column":26}},"loc":{"start":{"line":49,"column":32},"end":{"line":49,"column":77}},"line":49},"6":{"name":"(anonymous_6)","decl":{"start":{"line":50,"column":18},"end":{"line":50,"column":19}},"loc":{"start":{"line":50,"column":35},"end":{"line":50,"column":95}},"line":50},"7":{"name":"(anonymous_7)","decl":{"start":{"line":51,"column":15},"end":{"line":51,"column":16}},"loc":{"start":{"line":51,"column":22},"end":{"line":51,"column":97}},"line":51},"8":{"name":"(anonymous_8)","decl":{"start":{"line":51,"column":31},"end":{"line":51,"column":32}},"loc":{"start":{"line":51,"column":51},"end":{"line":51,"column":82}},"line":51},"9":{"name":"(anonymous_9)","decl":{"start":{"line":52,"column":19},"end":{"line":52,"column":20}},"loc":{"start":{"line":52,"column":29},"end":{"line":52,"column":70}},"line":52},"10":{"name":"(anonymous_10)","decl":{"start":{"line":53,"column":26},"end":{"line":53,"column":27}},"loc":{"start":{"line":53,"column":36},"end":{"line":53,"column":88}},"line":53},"11":{"name":"(anonymous_11)","decl":{"start":{"line":54,"column":19},"end":{"line":54,"column":20}},"loc":{"start":{"line":54,"column":37},"end":{"line":54,"column":91}},"line":54},"12":{"name":"(anonymous_12)","decl":{"start":{"line":55,"column":26},"end":{"line":55,"column":27}},"loc":{"start":{"line":56,"column":4},"end":{"line":56,"column":68}},"line":56},"13":{"name":"(anonymous_13)","decl":{"start":{"line":57,"column":13},"end":{"line":57,"column":14}},"loc":{"start":{"line":57,"column":20},"end":{"line":57,"column":81}},"line":57},"14":{"name":"(anonymous_14)","decl":{"start":{"line":58,"column":16},"end":{"line":58,"column":17}},"loc":{"start":{"line":58,"column":79},"end":{"line":81,"column":3}},"line":58},"15":{"name":"(anonymous_15)","decl":{"start":{"line":64,"column":13},"end":{"line":64,"column":14}},"loc":{"start":{"line":64,"column":23},"end":{"line":64,"column":89}},"line":64},"16":{"name":"(anonymous_16)","decl":{"start":{"line":71,"column":13},"end":{"line":71,"column":14}},"loc":{"start":{"line":71,"column":23},"end":{"line":71,"column":89}},"line":71},"17":{"name":"(anonymous_17)","decl":{"start":{"line":78,"column":13},"end":{"line":78,"column":14}},"loc":{"start":{"line":78,"column":23},"end":{"line":78,"column":75}},"line":78}},"branchMap":{"0":{"loc":{"start":{"line":63,"column":6},"end":{"line":65,"column":32}},"type":"binary-expr","locations":[{"start":{"line":63,"column":6},"end":{"line":65,"column":22}},{"start":{"line":65,"column":26},"end":{"line":65,"column":32}}],"line":63},"1":{"loc":{"start":{"line":70,"column":6},"end":{"line":72,"column":32}},"type":"binary-expr","locations":[{"start":{"line":70,"column":6},"end":{"line":72,"column":22}},{"start":{"line":72,"column":26},"end":{"line":72,"column":32}}],"line":70},"2":{"loc":{"start":{"line":77,"column":6},"end":{"line":79,"column":32}},"type":"binary-expr","locations":[{"start":{"line":77,"column":6},"end":{"line":79,"column":22}},{"start":{"line":79,"column":26},"end":{"line":79,"column":32}}],"line":77}},"s":{"0":9,"1":2,"2":2,"3":2,"4":1,"5":0,"6":9,"7":0,"8":0,"9":20,"10":30,"11":146,"12":12,"13":14,"14":8,"15":0,"16":1,"17":0,"18":0,"19":1},"f":{"0":2,"1":2,"2":2,"3":1,"4":0,"5":0,"6":0,"7":20,"8":30,"9":146,"10":12,"11":14,"12":8,"13":0,"14":1,"15":0,"16":0,"17":1},"b":{"0":[1,1],"1":[1,1],"2":[1,0]},"_coverageSchema":"43e27e138ebf9cfc5966b082cf9a028302ed4184","hash":"fb69a962c184c99ae11246a370ac35ef506fff46"}
,"/Users/justincoulston/Desktop/affilaite-core-mono/packages/crawler/mocks/page-mocks/test-mocks/commonMockPdp.js": {"path":"/Users/justincoulston/Desktop/affilaite-core-mono/packages/crawler/mocks/page-mocks/test-mocks/commonMockPdp.js","statementMap":{},"fnMap":{},"branchMap":{},"s":{},"f":{},"b":{},"_coverageSchema":"43e27e138ebf9cfc5966b082cf9a028302ed4184","hash":"dc93dfa421ebae3393c53ecc89b4af86383aa6fc"}
,"/Users/justincoulston/Desktop/affilaite-core-mono/packages/crawler/mocks/page-mocks/test-mocks/commonMockPlp.js": {"path":"/Users/justincoulston/Desktop/affilaite-core-mono/packages/crawler/mocks/page-mocks/test-mocks/commonMockPlp.js","statementMap":{},"fnMap":{},"branchMap":{},"s":{},"f":{},"b":{},"_coverageSchema":"43e27e138ebf9cfc5966b082cf9a028302ed4184","hash":"3efafe9c37430e1a2c5818bbc48ba013fa0a40de"}
,"/Users/justincoulston/Desktop/affilaite-core-mono/packages/crawler/mocks/page-mocks/test-mocks/mockWithInvalidImagesPlp.js": {"path":"/Users/justincoulston/Desktop/affilaite-core-mono/packages/crawler/mocks/page-mocks/test-mocks/mockWithInvalidImagesPlp.js","statementMap":{},"fnMap":{},"branchMap":{},"s":{},"f":{},"b":{},"_coverageSchema":"43e27e138ebf9cfc5966b082cf9a028302ed4184","hash":"3ecdfb462f42236e2ec978810e7893260fa817fe"}
,"/Users/justincoulston/Desktop/affilaite-core-mono/packages/crawler/mocks/page-mocks/test-mocks/mockWithInvalidPricePlp.js": {"path":"/Users/justincoulston/Desktop/affilaite-core-mono/packages/crawler/mocks/page-mocks/test-mocks/mockWithInvalidPricePlp.js","statementMap":{},"fnMap":{},"branchMap":{},"s":{},"f":{},"b":{},"_coverageSchema":"43e27e138ebf9cfc5966b082cf9a028302ed4184","hash":"d6e1a2fe77bd2012f2bbcaa21d576faf76132ace"}
,"/Users/justincoulston/Desktop/affilaite-core-mono/packages/crawler/mocks/response-mocks/cycle-response-mock.js": {"path":"/Users/justincoulston/Desktop/affilaite-core-mono/packages/crawler/mocks/response-mocks/cycle-response-mock.js","statementMap":{},"fnMap":{},"branchMap":{},"s":{},"f":{},"b":{},"_coverageSchema":"43e27e138ebf9cfc5966b082cf9a028302ed4184","hash":"6303d23cf0eef9b8f0f6c374c4f1cfb8d58b8f6e"}
,"/Users/justincoulston/Desktop/affilaite-core-mono/packages/crawler/mocks/response-mocks/multiple-categories-mock.js": {"path":"/Users/justincoulston/Desktop/affilaite-core-mono/packages/crawler/mocks/response-mocks/multiple-categories-mock.js","statementMap":{},"fnMap":{},"branchMap":{},"s":{},"f":{},"b":{},"_coverageSchema":"43e27e138ebf9cfc5966b082cf9a028302ed4184","hash":"cc7fc1d208a07bda31ec82500c96c46629a2be49"}
,"/Users/justincoulston/Desktop/affilaite-core-mono/packages/crawler/mocks/schema-mocks/test-mocks/commonSchema.js": {"path":"/Users/justincoulston/Desktop/affilaite-core-mono/packages/crawler/mocks/schema-mocks/test-mocks/commonSchema.js","statementMap":{"0":{"start":{"line":1,"column":27},"end":{"line":85,"column":1}}},"fnMap":{},"branchMap":{},"s":{"0":3},"f":{},"b":{},"_coverageSchema":"43e27e138ebf9cfc5966b082cf9a028302ed4184","hash":"ddc0c1222a8f9b08ac9d57b70b5cd7b03a96c908"}
,"/Users/justincoulston/Desktop/affilaite-core-mono/packages/crawler/mocks/schema-mocks/test-mocks/multipleSectionsSchema.js": {"path":"/Users/justincoulston/Desktop/affilaite-core-mono/packages/crawler/mocks/schema-mocks/test-mocks/multipleSectionsSchema.js","statementMap":{"0":{"start":{"line":3,"column":40},"end":{"line":9,"column":2}},"1":{"start":{"line":4,"column":2},"end":{"line":8,"column":4}}},"fnMap":{"0":{"name":"(anonymous_0)","decl":{"start":{"line":3,"column":81},"end":{"line":3,"column":82}},"loc":{"start":{"line":3,"column":92},"end":{"line":9,"column":1}},"line":3}},"branchMap":{},"s":{"0":2,"1":4},"f":{"0":4},"b":{},"_coverageSchema":"43e27e138ebf9cfc5966b082cf9a028302ed4184","hash":"f50120e482e9f53ce051eafa8ca962a889fb7ac2"}
,"/Users/justincoulston/Desktop/affilaite-core-mono/packages/crawler/mocks/schema-mocks/test-mocks/multipleUrlSchema.js": {"path":"/Users/justincoulston/Desktop/affilaite-core-mono/packages/crawler/mocks/schema-mocks/test-mocks/multipleUrlSchema.js","statementMap":{"0":{"start":{"line":1,"column":27},"end":{"line":92,"column":1}}},"fnMap":{},"branchMap":{},"s":{"0":1},"f":{},"b":{},"_coverageSchema":"43e27e138ebf9cfc5966b082cf9a028302ed4184","hash":"5c348c2ea8a27b746a242daf72a28c4464dc5cac"}
}
