TN:
SF:/Users/justincoulston/Desktop/affilaite-core-mono/packages/crawler/api/api.js
FN:6,transmitLogsToSlack
FNF:1
FNH:0
FNDA:0,transmitLogsToSlack
DA:7,0
DA:8,0
DA:10,0
LF:3
LH:0
BRF:0
BRH:0
end_of_record
TN:
SF:/Users/justincoulston/Desktop/affilaite-core-mono/packages/crawler/api/index.js
FNF:0
FNH:0
LF:0
LH:0
BRF:0
BRH:0
end_of_record
TN:
SF:/Users/justincoulston/Desktop/affilaite-core-mono/packages/crawler/batching/BatchPipe.js
FN:8,(anonymous_0)
FN:22,(anonymous_1)
FN:26,(anonymous_2)
FN:30,(anonymous_3)
FN:35,(anonymous_4)
FN:41,(anonymous_5)
FN:50,(anonymous_6)
FN:51,(anonymous_7)
FN:64,(anonymous_8)
FN:77,(anonymous_9)
FN:81,(anonymous_10)
FN:82,(anonymous_11)
FN:87,(anonymous_12)
FN:90,(anonymous_13)
FN:103,(anonymous_14)
FN:123,(anonymous_15)
FN:125,(anonymous_16)
FN:129,(anonymous_17)
FN:132,(anonymous_18)
FN:144,(anonymous_19)
FN:145,(anonymous_20)
FN:149,(anonymous_21)
FN:157,(anonymous_22)
FN:172,(anonymous_23)
FNF:24
FNH:24
FNDA:9,(anonymous_0)
FNDA:24,(anonymous_1)
FNDA:24,(anonymous_2)
FNDA:67,(anonymous_3)
FNDA:67,(anonymous_4)
FNDA:4,(anonymous_5)
FNDA:5,(anonymous_6)
FNDA:16,(anonymous_7)
FNDA:3,(anonymous_8)
FNDA:9,(anonymous_9)
FNDA:24,(anonymous_10)
FNDA:49,(anonymous_11)
FNDA:23,(anonymous_12)
FNDA:2,(anonymous_13)
FNDA:4,(anonymous_14)
FNDA:67,(anonymous_15)
FNDA:113,(anonymous_16)
FNDA:67,(anonymous_17)
FNDA:140,(anonymous_18)
FNDA:9,(anonymous_19)
FNDA:24,(anonymous_20)
FNDA:24,(anonymous_21)
FNDA:67,(anonymous_22)
FNDA:9,(anonymous_23)
DA:9,9
DA:10,9
DA:11,9
DA:12,9
DA:13,9
DA:14,9
DA:15,9
DA:16,9
DA:17,9
DA:18,9
DA:19,9
DA:23,24
DA:27,24
DA:31,67
DA:32,67
DA:36,67
DA:37,0
DA:42,4
DA:51,16
DA:52,5
DA:54,4
DA:57,4
DA:59,1
DA:60,1
DA:63,3
DA:64,3
DA:67,3
DA:68,3
DA:69,3
DA:73,4
DA:78,9
DA:82,49
DA:83,24
DA:85,23
DA:86,23
DA:87,23
DA:94,2
DA:95,2
DA:96,2
DA:104,4
DA:105,4
DA:106,4
DA:107,4
DA:110,4
DA:111,3
DA:114,3
DA:115,3
DA:119,1
DA:124,67
DA:125,113
DA:128,67
DA:129,67
DA:132,67
DA:133,140
DA:140,140
DA:145,9
DA:146,24
DA:147,24
DA:149,24
DA:150,24
DA:151,24
DA:153,24
DA:154,2
DA:157,22
DA:158,67
DA:159,67
DA:160,67
DA:162,67
DA:163,4
DA:166,67
DA:173,9
DA:174,9
DA:176,9
LF:73
LH:72
BRDA:36,0,0,0
BRDA:36,0,1,67
BRDA:52,1,0,1
BRDA:52,1,1,4
BRDA:57,2,0,1
BRDA:57,2,1,3
BRDA:73,3,0,4
BRDA:73,3,1,0
BRDA:83,4,0,1
BRDA:83,4,1,23
BRDA:107,5,0,4
BRDA:107,5,1,2
BRDA:110,6,0,3
BRDA:110,6,1,1
BRDA:140,7,0,140
BRDA:140,7,1,77
BRDA:140,7,2,63
BRDA:153,8,0,2
BRDA:153,8,1,22
BRDA:162,9,0,4
BRDA:162,9,1,63
BRF:21
BRH:19
end_of_record
TN:
SF:/Users/justincoulston/Desktop/affilaite-core-mono/packages/crawler/constants/constants.js
FNF:0
FNH:0
DA:2,11
DA:4,11
DA:5,11
DA:6,11
DA:7,11
DA:8,11
DA:11,11
DA:12,11
DA:13,11
DA:14,11
LF:10
LH:10
BRDA:14,0,0,0
BRDA:14,0,1,11
BRF:2
BRH:1
end_of_record
TN:
SF:/Users/justincoulston/Desktop/affilaite-core-mono/packages/crawler/constants/index.js
FNF:0
FNH:0
LF:0
LH:0
BRF:0
BRH:0
end_of_record
TN:
SF:/Users/justincoulston/Desktop/affilaite-core-mono/packages/crawler/constants/paths.js
FNF:0
FNH:0
DA:1,11
DA:2,11
DA:3,11
DA:4,11
DA:5,11
DA:6,11
LF:6
LH:6
BRF:0
BRH:0
end_of_record
TN:
SF:/Users/justincoulston/Desktop/affilaite-core-mono/packages/crawler/cycle/Cycle.js
FN:8,(anonymous_0)
FN:20,(anonymous_1)
FN:24,(anonymous_2)
FN:28,(anonymous_3)
FN:32,(anonymous_4)
FN:36,(anonymous_5)
FN:40,(anonymous_6)
FN:44,(anonymous_7)
FN:48,(anonymous_8)
FN:53,(anonymous_9)
FN:61,(anonymous_10)
FN:64,(anonymous_11)
FN:70,(anonymous_12)
FN:77,(anonymous_13)
FN:81,(anonymous_14)
FN:85,(anonymous_15)
FN:89,(anonymous_16)
FN:93,(anonymous_17)
FN:98,(anonymous_18)
FN:102,(anonymous_19)
FN:106,(anonymous_20)
FN:110,(anonymous_21)
FN:115,(anonymous_22)
FN:117,(anonymous_23)
FN:117,(anonymous_24)
FN:120,(anonymous_25)
FNF:26
FNH:21
FNDA:1,(anonymous_0)
FNDA:0,(anonymous_1)
FNDA:1,(anonymous_2)
FNDA:1,(anonymous_3)
FNDA:1,(anonymous_4)
FNDA:10,(anonymous_5)
FNDA:10,(anonymous_6)
FNDA:10,(anonymous_7)
FNDA:10,(anonymous_8)
FNDA:10,(anonymous_9)
FNDA:10,(anonymous_10)
FNDA:12,(anonymous_11)
FNDA:10,(anonymous_12)
FNDA:10,(anonymous_13)
FNDA:10,(anonymous_14)
FNDA:7,(anonymous_15)
FNDA:6,(anonymous_16)
FNDA:6,(anonymous_17)
FNDA:6,(anonymous_18)
FNDA:10,(anonymous_19)
FNDA:10,(anonymous_20)
FNDA:0,(anonymous_21)
FNDA:0,(anonymous_22)
FNDA:0,(anonymous_23)
FNDA:0,(anonymous_24)
FNDA:10,(anonymous_25)
DA:9,1
DA:10,1
DA:11,1
DA:12,1
DA:13,1
DA:14,1
DA:15,1
DA:16,1
DA:17,1
DA:21,0
DA:25,1
DA:29,1
DA:33,1
DA:37,10
DA:41,10
DA:45,10
DA:49,10
DA:50,10
DA:54,10
DA:55,7
DA:57,3
DA:62,10
DA:63,10
DA:64,12
DA:67,10
DA:71,10
DA:72,10
DA:78,10
DA:82,10
DA:86,7
DA:90,6
DA:94,6
DA:95,6
DA:99,6
DA:103,10
DA:107,10
DA:111,0
DA:112,0
DA:116,0
DA:117,0
DA:121,10
DA:122,10
DA:126,10
DA:131,10
DA:140,10
DA:142,10
DA:143,10
DA:147,10
DA:148,10
DA:153,10
DA:154,10
DA:155,10
DA:157,10
DA:158,6
DA:164,6
DA:165,6
DA:166,6
DA:167,6
DA:168,6
DA:170,4
DA:171,4
LF:61
LH:56
BRDA:8,0,0,1
BRDA:54,1,0,7
BRDA:54,1,1,3
BRDA:54,2,0,10
BRDA:54,2,1,10
BRDA:62,3,0,0
BRDA:62,3,1,10
BRDA:63,4,0,3
BRDA:63,4,1,7
BRDA:67,5,0,8
BRDA:67,5,1,2
BRDA:72,6,0,3
BRDA:72,6,1,7
BRDA:72,7,0,10
BRDA:72,7,1,7
BRDA:72,7,2,3
BRDA:122,8,0,10
BRDA:122,8,1,10
BRDA:157,9,0,6
BRDA:157,9,1,4
BRF:20
BRH:19
end_of_record
TN:
SF:/Users/justincoulston/Desktop/affilaite-core-mono/packages/crawler/cycle/FullCycle.js
FN:18,(anonymous_0)
FN:40,(anonymous_1)
FN:49,(anonymous_2)
FN:55,(anonymous_3)
FN:57,(anonymous_4)
FN:58,(anonymous_5)
FN:67,(anonymous_6)
FN:68,(anonymous_7)
FN:78,(anonymous_8)
FN:82,(anonymous_9)
FN:96,(anonymous_10)
FN:102,(anonymous_11)
FN:104,(anonymous_12)
FN:105,(anonymous_13)
FN:114,(anonymous_14)
FN:115,(anonymous_15)
FN:117,(anonymous_16)
FN:126,(anonymous_17)
FN:135,(anonymous_18)
FN:140,(anonymous_19)
FN:142,(anonymous_20)
FN:147,(anonymous_21)
FNF:22
FNH:16
FNDA:2,(anonymous_0)
FNDA:4,(anonymous_1)
FNDA:0,(anonymous_2)
FNDA:6,(anonymous_3)
FNDA:20,(anonymous_4)
FNDA:24,(anonymous_5)
FNDA:2,(anonymous_6)
FNDA:6,(anonymous_7)
FNDA:1,(anonymous_8)
FNDA:1,(anonymous_9)
FNDA:1,(anonymous_10)
FNDA:12,(anonymous_11)
FNDA:28,(anonymous_12)
FNDA:32,(anonymous_13)
FNDA:0,(anonymous_14)
FNDA:0,(anonymous_15)
FNDA:0,(anonymous_16)
FNDA:0,(anonymous_17)
FNDA:0,(anonymous_18)
FNDA:2,(anonymous_19)
FNDA:8,(anonymous_20)
FNDA:2,(anonymous_21)
DA:28,2
DA:29,2
DA:30,2
DA:31,2
DA:32,2
DA:33,2
DA:34,2
DA:35,2
DA:36,2
DA:37,2
DA:41,4
DA:42,2
DA:43,2
DA:44,2
DA:45,2
DA:50,0
DA:56,6
DA:57,6
DA:58,20
DA:59,24
DA:64,6
DA:68,2
DA:69,6
DA:79,1
DA:83,1
DA:84,1
DA:85,1
DA:90,1
DA:92,0
DA:97,1
DA:98,1
DA:99,1
DA:103,12
DA:104,12
DA:105,28
DA:106,32
DA:107,32
DA:111,12
DA:115,0
DA:116,0
DA:117,0
DA:118,0
DA:119,0
DA:123,0
DA:127,0
DA:128,0
DA:129,0
DA:131,0
DA:136,0
DA:137,0
DA:141,2
DA:142,8
DA:144,2
DA:148,2
DA:149,2
DA:151,2
DA:153,2
DA:155,2
DA:156,2
DA:157,1
DA:160,2
DA:161,2
DA:164,2
DA:165,2
DA:167,2
DA:176,2
DA:177,2
DA:179,2
LF:68
LH:54
BRDA:22,0,0,2
BRDA:23,1,0,1
BRDA:24,2,0,2
BRDA:25,3,0,2
BRDA:26,4,0,2
BRDA:33,5,0,2
BRDA:33,5,1,1
BRDA:33,5,2,1
BRDA:41,6,0,2
BRDA:41,6,1,2
BRDA:44,7,0,2
BRDA:44,7,1,0
BRDA:56,8,0,6
BRDA:56,8,1,0
BRDA:127,9,0,0
BRDA:127,9,1,0
BRDA:156,10,0,1
BRDA:156,10,1,1
BRDA:160,11,0,1
BRDA:160,11,1,1
BRDA:161,12,0,2
BRDA:161,12,1,0
BRDA:176,13,0,1
BRDA:176,13,1,1
BRF:24
BRH:19
end_of_record
TN:
SF:/Users/justincoulston/Desktop/affilaite-core-mono/packages/crawler/evaluation/evaluation.js
FN:7,pageEvaluations
FN:15,(anonymous_1)
FN:26,pushWarnings
FN:30,arrayify
FN:34,getNodes
FN:38,detectSoldOut
FN:42,getSingle
FN:46,srcToHttp
FN:51,hasUndefinedProps
FN:52,(anonymous_9)
FN:59,seekPropValue
FN:76,extractFromElement
FN:94,(anonymous_12)
FN:99,(anonymous_13)
FN:106,(anonymous_14)
FN:120,(anonymous_15)
FN:160,extractFromElements
FN:175,(anonymous_17)
FN:196,getDataFromVariants
FN:197,(anonymous_19)
FN:212,getDataFromCustomProps
FN:213,(anonymous_21)
FN:227,getProductTags
FN:232,(anonymous_23)
FN:241,isValidImageSrc
FN:255,isDuplicateImg
FN:283,catchInvalidPlpTiles
FN:288,(anonymous_27)
FN:330,getProductData
FN:333,(anonymous_29)
FN:358,getExtractData
FN:378,(anonymous_31)
FN:383,(anonymous_32)
FN:413,scrollPageBeforeExtract
FN:419,(anonymous_34)
FN:421,(anonymous_35)
FNF:36
FNH:35
FNDA:180,pageEvaluations
FNDA:30,(anonymous_1)
FNDA:30,pushWarnings
FNDA:1758,arrayify
FNDA:180,getNodes
FNDA:546,detectSoldOut
FNDA:499,getSingle
FNDA:1411,srcToHttp
FNDA:330,hasUndefinedProps
FNDA:334,(anonymous_9)
FNDA:2826,seekPropValue
FNDA:3810,extractFromElement
FNDA:0,(anonymous_12)
FNDA:1530,(anonymous_13)
FNDA:2280,(anonymous_14)
FNDA:546,(anonymous_15)
FNDA:1578,extractFromElements
FNDA:3810,(anonymous_17)
FNDA:78,getDataFromVariants
FNDA:156,(anonymous_19)
FNDA:78,getDataFromCustomProps
FNDA:78,(anonymous_21)
FNDA:330,getProductTags
FNDA:971,(anonymous_23)
FNDA:169,isValidImageSrc
FNDA:165,isDuplicateImg
FNDA:330,catchInvalidPlpTiles
FNDA:264,(anonymous_27)
FNDA:330,getProductData
FNDA:1344,(anonymous_29)
FNDA:180,getExtractData
FNDA:330,(anonymous_31)
FNDA:330,(anonymous_32)
FNDA:1,scrollPageBeforeExtract
FNDA:61,(anonymous_34)
FNDA:60,(anonymous_35)
DA:13,180
DA:14,180
DA:15,180
DA:27,30
DA:31,1758
DA:35,180
DA:39,546
DA:43,499
DA:47,1411
DA:48,1411
DA:52,334
DA:60,2826
DA:61,2826
DA:63,0
DA:83,3810
DA:84,3810
DA:88,3810
DA:94,3810
DA:95,0
DA:96,0
DA:99,3810
DA:100,1530
DA:101,1530
DA:102,0
DA:106,3810
DA:107,2280
DA:108,2280
DA:109,2280
DA:110,2280
DA:111,0
DA:114,2280
DA:115,1242
DA:120,3810
DA:121,546
DA:122,546
DA:128,3810
DA:129,3810
DA:130,3810
DA:131,1530
DA:133,2280
DA:135,3810
DA:136,546
DA:138,0
DA:139,0
DA:140,0
DA:141,0
DA:142,0
DA:143,0
DA:144,0
DA:145,0
DA:147,3810
DA:148,0
DA:151,3810
DA:161,1578
DA:162,1578
DA:163,1578
DA:167,1578
DA:168,16
DA:175,3810
DA:177,1578
DA:178,1578
DA:179,78
DA:183,1500
DA:184,0
DA:189,1578
DA:197,78
DA:198,156
DA:199,156
DA:200,156
DA:213,78
DA:214,78
DA:215,78
DA:216,78
DA:228,330
DA:229,330
DA:230,168
DA:231,168
DA:232,971
DA:233,168
DA:242,169
DA:243,169
DA:244,169
DA:245,169
DA:247,0
DA:257,165
DA:261,165
DA:262,72
DA:263,72
DA:264,72
DA:265,72
DA:266,72
DA:270,93
DA:271,93
DA:274,165
DA:284,330
DA:287,330
DA:288,264
DA:289,172
DA:290,3
DA:298,3
DA:303,327
DA:304,169
DA:305,169
DA:306,169
DA:307,169
DA:309,169
DA:310,11
DA:319,169
DA:321,158
DA:331,330
DA:332,330
DA:333,330
DA:334,1344
DA:335,1344
DA:336,1344
DA:342,330
DA:343,330
DA:365,180
DA:366,180
DA:367,180
DA:369,180
DA:370,0
DA:377,180
DA:379,330
DA:380,330
DA:383,330
DA:385,180
DA:391,0
DA:397,0
DA:404,180
DA:414,1
DA:415,1
DA:416,1
DA:417,1
DA:418,1
DA:419,1
DA:420,61
DA:421,60
DA:422,60
DA:423,60
DA:424,60
DA:425,0
DA:427,60
DA:431,1
LF:144
LH:124
BRDA:43,0,0,89
BRDA:43,0,1,410
BRDA:47,1,0,0
BRDA:47,1,1,1411
BRDA:48,2,0,548
BRDA:48,2,1,863
BRDA:101,3,0,0
BRDA:101,3,1,1530
BRDA:101,4,0,1530
BRDA:101,4,1,0
BRDA:108,5,0,2280
BRDA:108,5,1,0
BRDA:110,6,0,0
BRDA:110,6,1,2280
BRDA:110,7,0,2280
BRDA:110,7,1,0
BRDA:114,8,0,1242
BRDA:114,8,1,1038
BRDA:114,9,0,2280
BRDA:114,9,1,1498
BRDA:114,9,2,1242
BRDA:128,10,0,0
BRDA:128,10,1,3810
BRDA:129,11,0,3810
BRDA:129,11,1,0
BRDA:130,12,0,1530
BRDA:130,12,1,2280
BRDA:135,13,0,546
BRDA:135,13,1,3264
BRDA:138,14,0,0
BRDA:138,14,1,0
BRDA:140,15,0,0
BRDA:140,15,1,0
BRDA:142,16,0,0
BRDA:142,16,1,0
BRDA:144,17,0,0
BRDA:144,17,1,0
BRDA:147,18,0,0
BRDA:147,18,1,3810
BRDA:163,19,0,0
BRDA:163,19,1,1578
BRDA:167,20,0,16
BRDA:167,20,1,1562
BRDA:167,21,0,1578
BRDA:167,21,1,16
BRDA:177,22,0,858
BRDA:177,22,1,720
BRDA:178,23,0,78
BRDA:178,23,1,1500
BRDA:183,24,0,0
BRDA:183,24,1,1500
BRDA:229,25,0,162
BRDA:229,25,1,168
BRDA:229,26,0,330
BRDA:229,26,1,168
BRDA:232,27,0,971
BRDA:232,27,1,971
BRDA:232,27,2,962
BRDA:242,28,0,0
BRDA:242,28,1,169
BRDA:257,29,0,0
BRDA:257,29,1,165
BRDA:261,30,0,72
BRDA:261,30,1,93
BRDA:266,31,0,66
BRDA:266,31,1,6
BRDA:271,32,0,92
BRDA:271,32,1,1
BRDA:284,33,0,0
BRDA:284,33,1,330
BRDA:287,34,0,172
BRDA:287,34,1,158
BRDA:287,35,0,330
BRDA:287,35,1,330
BRDA:287,35,2,250
BRDA:289,36,0,3
BRDA:289,36,1,169
BRDA:303,37,0,169
BRDA:303,37,1,158
BRDA:303,38,0,327
BRDA:303,38,1,327
BRDA:306,39,0,169
BRDA:306,39,1,165
BRDA:307,40,0,169
BRDA:307,40,1,165
BRDA:309,41,0,11
BRDA:309,41,1,158
BRDA:331,42,0,78
BRDA:331,42,1,252
BRDA:332,43,0,78
BRDA:332,43,1,252
BRDA:347,44,0,168
BRDA:347,44,1,162
BRDA:359,45,0,158
BRDA:369,46,0,0
BRDA:369,46,1,180
BRDA:415,47,0,1
BRDA:415,47,1,0
BRDA:420,48,0,1
BRDA:420,48,1,60
BRDA:424,49,0,0
BRDA:424,49,1,60
BRF:102
BRH:77
end_of_record
TN:
SF:/Users/justincoulston/Desktop/affilaite-core-mono/packages/crawler/extractor/Extractor.js
FN:17,(anonymous_0)
FN:49,(anonymous_1)
FN:64,(anonymous_2)
FN:84,(anonymous_3)
FN:85,(anonymous_4)
FN:86,(anonymous_5)
FN:95,(anonymous_6)
FN:112,(anonymous_7)
FN:138,(anonymous_8)
FN:173,(anonymous_9)
FN:180,(anonymous_10)
FN:199,(anonymous_11)
FN:201,(anonymous_12)
FN:215,(anonymous_13)
FN:225,(anonymous_14)
FN:229,(anonymous_15)
FN:244,(anonymous_16)
FN:258,createUrls
FN:267,(anonymous_18)
FN:275,(anonymous_19)
FN:284,(anonymous_20)
FN:297,(anonymous_21)
FN:301,(anonymous_22)
FN:321,(anonymous_23)
FN:330,(anonymous_24)
FN:340,(anonymous_25)
FNF:26
FNH:21
FNDA:10,(anonymous_0)
FNDA:180,(anonymous_1)
FNDA:0,(anonymous_2)
FNDA:0,(anonymous_3)
FNDA:0,(anonymous_4)
FNDA:0,(anonymous_5)
FNDA:180,(anonymous_6)
FNDA:22,(anonymous_7)
FNDA:158,(anonymous_8)
FNDA:22,(anonymous_9)
FNDA:158,(anonymous_10)
FNDA:17,(anonymous_11)
FNDA:22,(anonymous_12)
FNDA:0,(anonymous_13)
FNDA:22,(anonymous_14)
FNDA:158,(anonymous_15)
FNDA:17,(anonymous_16)
FNDA:6,createUrls
FNDA:5,(anonymous_18)
FNDA:17,(anonymous_19)
FNDA:17,(anonymous_20)
FNDA:10,(anonymous_21)
FNDA:17,(anonymous_22)
FNDA:10,(anonymous_23)
FNDA:10,(anonymous_24)
FNDA:10,(anonymous_25)
DA:18,10
DA:19,10
DA:20,10
DA:21,10
DA:22,10
DA:23,10
DA:24,10
DA:25,10
DA:26,10
DA:27,10
DA:28,10
DA:29,10
DA:30,10
DA:50,180
DA:51,20
DA:52,20
DA:53,20
DA:65,0
DA:72,0
DA:73,0
DA:85,0
DA:86,0
DA:87,0
DA:96,180
DA:97,180
DA:98,180
DA:99,180
DA:100,180
DA:101,180
DA:102,1
DA:103,1
DA:105,180
DA:113,22
DA:116,22
DA:117,22
DA:119,0
DA:122,22
DA:123,22
DA:124,22
DA:125,14
DA:127,8
DA:130,22
DA:131,22
DA:139,158
DA:140,158
DA:141,158
DA:144,158
DA:146,158
DA:147,158
DA:149,0
DA:152,158
DA:153,158
DA:155,158
DA:156,146
DA:158,12
DA:161,158
DA:162,158
DA:163,158
DA:174,22
DA:175,22
DA:177,22
DA:180,22
DA:181,158
DA:182,158
DA:192,22
DA:200,17
DA:201,17
DA:202,22
DA:203,22
DA:204,22
DA:205,22
DA:208,17
DA:216,0
DA:217,0
DA:218,0
DA:219,0
DA:226,22
DA:228,22
DA:229,22
DA:230,158
DA:231,158
DA:233,158
DA:234,158
DA:235,158
DA:236,158
DA:245,17
DA:246,0
DA:249,17
DA:250,0
DA:253,17
DA:254,1
DA:255,1
DA:256,1
DA:258,1
DA:259,6
DA:260,5
DA:261,5
DA:262,5
DA:266,1
DA:267,5
DA:269,16
DA:276,17
DA:277,17
DA:285,17
DA:298,10
DA:299,10
DA:302,17
DA:303,17
DA:304,17
DA:305,17
DA:306,17
DA:307,17
DA:311,0
DA:312,0
DA:313,0
DA:322,10
DA:323,10
DA:331,10
DA:341,10
DA:342,10
DA:343,10
DA:344,10
DA:346,10
LF:123
LH:106
BRDA:17,0,0,10
BRDA:50,1,0,20
BRDA:50,1,1,160
BRDA:50,2,0,180
BRDA:50,2,1,180
BRDA:65,3,0,0
BRDA:65,3,1,0
BRDA:96,4,0,0
BRDA:96,4,1,180
BRDA:98,5,0,0
BRDA:98,5,1,180
BRDA:99,6,0,0
BRDA:99,6,1,180
BRDA:100,7,0,1
BRDA:100,7,1,179
BRDA:101,8,0,1
BRDA:101,8,1,179
BRDA:103,9,0,1
BRDA:103,9,1,0
BRDA:122,10,0,0
BRDA:122,10,1,22
BRDA:124,11,0,14
BRDA:124,11,1,8
BRDA:140,12,0,0
BRDA:140,12,1,158
BRDA:141,13,0,0
BRDA:141,13,1,158
BRDA:144,14,0,0
BRDA:144,14,1,158
BRDA:144,15,0,158
BRDA:144,15,1,158
BRDA:152,16,0,0
BRDA:152,16,1,158
BRDA:155,17,0,146
BRDA:155,17,1,12
BRDA:177,18,0,0
BRDA:177,18,1,22
BRDA:181,19,0,158
BRDA:181,19,1,0
BRDA:226,20,0,0
BRDA:226,20,1,22
BRDA:230,21,0,0
BRDA:230,21,1,158
BRDA:233,22,0,158
BRDA:233,22,1,158
BRDA:233,22,2,158
BRDA:233,22,3,154
BRDA:235,23,0,158
BRDA:235,23,1,158
BRDA:236,24,0,158
BRDA:236,24,1,154
BRDA:236,24,2,154
BRDA:245,25,0,0
BRDA:245,25,1,17
BRDA:249,26,0,0
BRDA:249,26,1,17
BRDA:249,27,0,17
BRDA:249,27,1,1
BRDA:253,28,0,1
BRDA:253,28,1,16
BRDA:259,29,0,5
BRDA:259,29,1,1
BRF:62
BRH:45
end_of_record
TN:
SF:/Users/justincoulston/Desktop/affilaite-core-mono/packages/crawler/extractor/index.js
FNF:0
FNH:0
LF:0
LH:0
BRF:0
BRH:0
end_of_record
TN:
SF:/Users/justincoulston/Desktop/affilaite-core-mono/packages/crawler/helpers/extractorHelpers.js
FN:9,assignToExtract
FN:54,isValidImageSrc
FN:64,normalizePrice
FN:73,validateImages
FN:74,(anonymous_4)
FN:75,(anonymous_5)
FN:76,(anonymous_6)
FN:77,(anonymous_7)
FN:90,normalizeProductDetail
FN:95,toPriceFormat
FN:105,normalizeProductTopLevel
FN:115,separateCautiousProducts
FNF:12
FNH:12
FNDA:46,assignToExtract
FNDA:788,isValidImageSrc
FNDA:396,normalizePrice
FNDA:158,validateImages
FNDA:788,(anonymous_4)
FNDA:788,(anonymous_5)
FNDA:788,(anonymous_6)
FNDA:1338,(anonymous_7)
FNDA:158,normalizeProductDetail
FNDA:396,toPriceFormat
FNDA:158,normalizeProductTopLevel
FNDA:32,separateCautiousProducts
DA:16,46
DA:17,45
DA:18,60
DA:19,60
DA:20,21
DA:21,21
DA:22,21
DA:23,10
DA:24,10
DA:28,11
DA:35,11
DA:39,24
DA:51,24
DA:55,788
DA:56,788
DA:57,788
DA:58,788
DA:60,0
DA:65,396
DA:66,396
DA:67,396
DA:74,788
DA:75,788
DA:76,158
DA:77,788
DA:78,1338
DA:79,1338
DA:80,1338
DA:81,1338
DA:83,788
DA:91,158
DA:92,158
DA:96,396
DA:97,396
DA:98,396
DA:99,396
DA:106,158
DA:107,158
DA:108,158
DA:109,158
DA:110,158
DA:111,158
DA:112,158
DA:116,32
DA:117,32
DA:119,32
DA:120,1150
DA:121,0
DA:123,1150
DA:127,32
LF:50
LH:48
BRDA:16,0,0,1
BRDA:16,0,1,45
BRDA:19,1,0,21
BRDA:19,1,1,39
BRDA:19,2,0,60
BRDA:19,2,1,60
BRDA:22,3,0,10
BRDA:22,3,1,11
BRDA:22,4,0,21
BRDA:22,4,1,21
BRDA:55,5,0,0
BRDA:55,5,1,788
BRDA:65,6,0,0
BRDA:65,6,1,396
BRDA:67,7,0,0
BRDA:67,7,1,396
BRDA:83,8,0,78
BRDA:83,8,1,710
BRDA:91,9,0,158
BRDA:91,9,1,0
BRDA:97,10,0,0
BRDA:97,10,1,396
BRDA:106,11,0,158
BRDA:106,11,1,0
BRDA:107,12,0,158
BRDA:107,12,1,0
BRDA:108,13,0,154
BRDA:108,13,1,4
BRDA:109,14,0,158
BRDA:109,14,1,0
BRDA:110,15,0,80
BRDA:110,15,1,78
BRDA:111,16,0,158
BRDA:111,16,1,0
BRDA:120,17,0,0
BRDA:120,17,1,1150
BRF:36
BRH:26
end_of_record
TN:
SF:/Users/justincoulston/Desktop/affilaite-core-mono/packages/crawler/helpers/index.js
FNF:0
FNH:0
LF:0
LH:0
BRF:0
BRH:0
end_of_record
TN:
SF:/Users/justincoulston/Desktop/affilaite-core-mono/packages/crawler/helpers/slackHelpers.js
FN:6,consolidateErrors
FN:7,(anonymous_1)
FN:10,(anonymous_2)
FN:19,(anonymous_3)
FN:31,normalizeSlackNotification
FN:65,(anonymous_5)
FNF:6
FNH:5
FNDA:2,consolidateErrors
FNDA:2,(anonymous_1)
FNDA:2,(anonymous_2)
FNDA:0,(anonymous_3)
FNDA:4,normalizeSlackNotification
FNDA:5,(anonymous_5)
DA:7,2
DA:8,2
DA:9,2
DA:11,2
DA:12,2
DA:13,2
DA:19,0
DA:22,2
DA:25,2
DA:32,4
DA:33,4
DA:34,4
DA:35,4
DA:36,4
DA:42,4
DA:44,4
DA:45,1
DA:47,3
DA:48,2
DA:51,2
DA:54,3
DA:55,2
DA:58,2
DA:62,4
DA:65,5
LF:25
LH:24
BRDA:12,0,0,2
BRDA:12,0,1,0
BRDA:13,1,0,0
BRDA:13,1,1,2
BRDA:22,2,0,2
BRDA:22,2,1,0
BRDA:34,3,0,4
BRDA:34,3,1,4
BRDA:35,4,0,4
BRDA:35,4,1,4
BRDA:36,5,0,4
BRDA:36,5,1,2
BRDA:44,6,0,1
BRDA:44,6,1,3
BRDA:47,7,0,2
BRDA:47,7,1,1
BRDA:54,8,0,2
BRDA:54,8,1,1
BRF:18
BRH:15
end_of_record
TN:
SF:/Users/justincoulston/Desktop/affilaite-core-mono/packages/crawler/helpers/testingHelpers.js
FN:6,getFiles
FN:18,buildPages
FN:19,(anonymous_2)
FN:23,constructMockPages
FN:25,(anonymous_4)
FN:37,testUrl
FN:41,getPageHtml
FN:57,getSampleSchemas
FN:61,(anonymous_8)
FN:62,(anonymous_9)
FN:78,(anonymous_10)
FNF:11
FNH:10
FNDA:9,getFiles
FNDA:1,buildPages
FNDA:9,(anonymous_2)
FNDA:1,constructMockPages
FNDA:9,(anonymous_4)
FNDA:0,testUrl
FNDA:82,getPageHtml
FNDA:1,getSampleSchemas
FNDA:1,(anonymous_8)
FNDA:1,(anonymous_9)
FNDA:1,(anonymous_10)
DA:7,9
DA:8,9
DA:10,9
DA:19,9
DA:20,1
DA:24,1
DA:25,1
DA:26,9
DA:34,1
DA:38,0
DA:42,82
DA:43,82
DA:45,81
DA:46,81
DA:47,81
DA:48,81
DA:49,1
DA:51,80
DA:58,1
DA:60,1
DA:62,1
DA:64,1
DA:70,1
DA:71,1
DA:72,1
DA:75,0
DA:78,1
LF:27
LH:25
BRDA:38,0,0,0
BRDA:38,0,1,0
BRDA:43,1,0,1
BRDA:43,1,1,81
BRDA:46,2,0,81
BRDA:46,2,1,0
BRDA:48,3,0,1
BRDA:48,3,1,80
BRDA:64,4,0,1
BRDA:64,4,1,0
BRDA:64,4,2,0
BRDA:70,5,0,1
BRDA:70,5,1,0
BRDA:70,6,0,1
BRDA:70,6,1,1
BRF:15
BRH:9
end_of_record
TN:
SF:/Users/justincoulston/Desktop/affilaite-core-mono/packages/crawler/integration/setUpMocks.js
FNF:0
FNH:0
LF:0
LH:0
BRF:0
BRH:0
end_of_record
TN:
SF:/Users/justincoulston/Desktop/affilaite-core-mono/packages/crawler/logger/Logger.js
FN:12,(anonymous_0)
FN:23,(anonymous_1)
FN:29,(anonymous_2)
FN:34,(anonymous_3)
FN:35,(anonymous_4)
FN:38,(anonymous_5)
FN:43,(anonymous_6)
FN:50,(anonymous_7)
FN:57,(anonymous_8)
FN:63,(anonymous_9)
FN:67,(anonymous_10)
FN:75,(anonymous_11)
FN:86,(anonymous_12)
FN:93,(anonymous_13)
FNF:14
FNH:7
FNDA:10,(anonymous_0)
FNDA:0,(anonymous_1)
FNDA:0,(anonymous_2)
FNDA:10,(anonymous_3)
FNDA:60,(anonymous_4)
FNDA:0,(anonymous_5)
FNDA:17,(anonymous_6)
FNDA:194,(anonymous_7)
FNDA:0,(anonymous_8)
FNDA:0,(anonymous_9)
FNDA:0,(anonymous_10)
FNDA:180,(anonymous_11)
FNDA:20,(anonymous_12)
FNDA:0,(anonymous_13)
DA:8,5
DA:9,5
DA:13,10
DA:14,10
DA:24,0
DA:25,0
DA:29,0
DA:30,0
DA:35,60
DA:39,0
DA:40,0
DA:44,17
DA:51,194
DA:52,0
DA:53,0
DA:58,0
DA:59,0
DA:64,0
DA:68,0
DA:69,0
DA:70,0
DA:71,0
DA:72,0
DA:76,180
DA:77,180
DA:78,180
DA:79,180
DA:80,14
DA:83,180
DA:87,20
DA:88,20
DA:89,0
DA:94,0
DA:95,0
LF:34
LH:15
BRDA:15,0,0,10
BRDA:15,0,1,10
BRDA:16,1,0,10
BRDA:16,1,1,10
BRDA:17,2,0,10
BRDA:17,2,1,10
BRDA:18,3,0,10
BRDA:18,3,1,10
BRDA:19,4,0,10
BRDA:19,4,1,0
BRDA:24,5,0,0
BRDA:24,5,1,0
BRDA:39,6,0,0
BRDA:39,6,1,0
BRDA:40,7,0,0
BRDA:40,7,1,0
BRDA:51,8,0,0
BRDA:51,8,1,194
BRDA:58,9,0,0
BRDA:58,9,1,0
BRDA:68,10,0,0
BRDA:76,11,0,0
BRDA:79,12,0,14
BRDA:79,12,1,166
BRDA:87,13,0,0
BRDA:88,14,0,0
BRDA:88,14,1,20
BRDA:94,15,0,0
BRF:28
BRH:13
end_of_record
TN:
SF:/Users/justincoulston/Desktop/affilaite-core-mono/packages/crawler/logger/logTypes.js
FN:24,(anonymous_0)
FN:32,(anonymous_1)
FN:35,(anonymous_2)
FN:38,(anonymous_3)
FN:45,(anonymous_4)
FN:49,(anonymous_5)
FN:50,(anonymous_6)
FN:51,(anonymous_7)
FN:51,(anonymous_8)
FN:52,(anonymous_9)
FN:53,(anonymous_10)
FN:54,(anonymous_11)
FN:55,(anonymous_12)
FN:57,(anonymous_13)
FN:58,(anonymous_14)
FN:64,(anonymous_15)
FN:71,(anonymous_16)
FN:78,(anonymous_17)
FNF:18
FNH:12
FNDA:2,(anonymous_0)
FNDA:2,(anonymous_1)
FNDA:2,(anonymous_2)
FNDA:1,(anonymous_3)
FNDA:0,(anonymous_4)
FNDA:0,(anonymous_5)
FNDA:0,(anonymous_6)
FNDA:20,(anonymous_7)
FNDA:30,(anonymous_8)
FNDA:146,(anonymous_9)
FNDA:12,(anonymous_10)
FNDA:14,(anonymous_11)
FNDA:8,(anonymous_12)
FNDA:0,(anonymous_13)
FNDA:1,(anonymous_14)
FNDA:0,(anonymous_15)
FNDA:0,(anonymous_16)
FNDA:1,(anonymous_17)
DA:3,9
DA:24,2
DA:33,2
DA:36,2
DA:38,1
DA:45,0
DA:48,9
DA:49,0
DA:50,0
DA:51,30
DA:52,146
DA:53,12
DA:54,14
DA:56,8
DA:57,0
DA:58,1
DA:64,0
DA:71,0
DA:78,1
LF:19
LH:13
BRDA:63,0,0,1
BRDA:63,0,1,1
BRDA:70,1,0,1
BRDA:70,1,1,1
BRDA:77,2,0,1
BRDA:77,2,1,0
BRF:6
BRH:5
end_of_record
TN:
SF:/Users/justincoulston/Desktop/affilaite-core-mono/packages/crawler/mocks/page-mocks/test-mocks/commonMockPdp.js
FNF:0
FNH:0
LF:0
LH:0
BRF:0
BRH:0
end_of_record
TN:
SF:/Users/justincoulston/Desktop/affilaite-core-mono/packages/crawler/mocks/page-mocks/test-mocks/commonMockPlp.js
FNF:0
FNH:0
LF:0
LH:0
BRF:0
BRH:0
end_of_record
TN:
SF:/Users/justincoulston/Desktop/affilaite-core-mono/packages/crawler/mocks/page-mocks/test-mocks/mockWithInvalidImagesPlp.js
FNF:0
FNH:0
LF:0
LH:0
BRF:0
BRH:0
end_of_record
TN:
SF:/Users/justincoulston/Desktop/affilaite-core-mono/packages/crawler/mocks/page-mocks/test-mocks/mockWithInvalidPricePlp.js
FNF:0
FNH:0
LF:0
LH:0
BRF:0
BRH:0
end_of_record
TN:
SF:/Users/justincoulston/Desktop/affilaite-core-mono/packages/crawler/mocks/response-mocks/cycle-response-mock.js
FNF:0
FNH:0
LF:0
LH:0
BRF:0
BRH:0
end_of_record
TN:
SF:/Users/justincoulston/Desktop/affilaite-core-mono/packages/crawler/mocks/schema-mocks/test-mocks/commonSchema.js
FNF:0
FNH:0
DA:1,3
LF:1
LH:1
BRF:0
BRH:0
end_of_record
TN:
SF:/Users/justincoulston/Desktop/affilaite-core-mono/packages/crawler/mocks/schema-mocks/test-mocks/multipleSectionsSchema.js
FN:3,(anonymous_0)
FNF:1
FNH:1
FNDA:4,(anonymous_0)
DA:3,2
DA:4,4
LF:2
LH:2
BRF:0
BRH:0
end_of_record
TN:
SF:/Users/justincoulston/Desktop/affilaite-core-mono/packages/crawler/mocks/schema-mocks/test-mocks/multipleUrlSchema.js
FNF:0
FNH:0
DA:1,1
LF:1
LH:1
BRF:0
BRH:0
end_of_record
